server name=lab505-158,port_no=11111
server name=lab505-159,port_no=11111
server name=lab505-160,port_no=11111
server name=lab505-155,port_no=11111
GAllocator config info: is_master=1,master_ip=10.77.110.158,master_port=12345,worker_ip=10.77.110.158,worker_port=12346
[3787048] 13 Feb 17:11:30.069 - [worker.cc:124-Worker()] LRU eviction is enabled, max cache lines = 5033164, reserved mem size = 17179869184, cache_percentage = 0.150000, block_size = 512
create default gallocator
create epoch gallocator
storage_addr=281475022798848
epoch_addr=281474988244480
monotone_ts_addr=281474988243968
start population
table_id=0, size=2.92971MB
populate elapsed time=123ms
source elapsed time=16ms
start process query
start processing...
execute_count=181049, abort_count=116225, abort_rate=0.64195
elapsed time=12467ms.
throughput=14.5223K tps.
per-core throughput=2.90445K tps.
start process query
start processing...
execute_count=186313, abort_count=123124, abort_rate=0.660841
elapsed time=11873ms.
throughput=15.6922K tps.
per-core throughput=3.13843K tps.
total_count=186313,total_abort_count=123124,throughput=15.6922,thread_count_=5,elapsed_time=11873
total_count=114247,total_abort_count=104076,throughput=5.01369,thread_count_=5,elapsed_time=22787
total_count=162703,total_abort_count=144897,throughput=7.21713,thread_count_=5,elapsed_time=22544
total_count=154047,total_abort_count=132733,throughput=5.52318,thread_count_=5,elapsed_time=27891
==================== perf statistics summary ====================
agg_total_count	617310
agg_total_abort_count	504830
abort_rate	0.817789
per_node_elapsed_time	21273.750000
total_throughput	33.446161
per_node_throughput	8.361540
per_core_throughput	1.672308
==================== end ====================
prepare to exit...
over..
