server name=lab505-158,port_no=11111
server name=lab505-159,port_no=11111
server name=lab505-160,port_no=11111
server name=lab505-155,port_no=11111
GAllocator config info: is_master=1,master_ip=10.77.110.158,master_port=12345,worker_ip=10.77.110.158,worker_port=12346
[3785443] 13 Feb 17:01:02.281 - [worker.cc:124-Worker()] LRU eviction is enabled, max cache lines = 5033164, reserved mem size = 17179869184, cache_percentage = 0.150000, block_size = 512
create default gallocator
create epoch gallocator
storage_addr=281475022798848
epoch_addr=281474988244480
monotone_ts_addr=281474988243968
start population
table_id=0, size=2.92971MB
populate elapsed time=124ms
source elapsed time=16ms
start process query
start processing...
execute_count=195587, abort_count=11535, abort_rate=0.058976
elapsed time=13268ms.
throughput=14.7413K tps.
per-core throughput=1.47413K tps.
start process query
start processing...
execute_count=194866, abort_count=11786, abort_rate=0.0604823
elapsed time=13526ms.
throughput=14.4068K tps.
per-core throughput=1.44068K tps.
total_count=194866,total_abort_count=11786,throughput=14.4068,thread_count_=10,elapsed_time=13526
total_count=196084,total_abort_count=14780,throughput=11.0489,thread_count_=10,elapsed_time=17747
total_count=195780,total_abort_count=15157,throughput=10.8369,thread_count_=10,elapsed_time=18066
total_count=198195,total_abort_count=14821,throughput=11.0971,thread_count_=10,elapsed_time=17860
==================== perf statistics summary ====================
agg_total_count	784925
agg_total_abort_count	56544
abort_rate	0.072037
per_node_elapsed_time	16799.750000
total_throughput	47.389701
per_node_throughput	11.847425
per_core_throughput	1.184743
==================== end ====================
prepare to exit...
over..
