server name=lab505-158,port_no=11111
server name=lab505-159,port_no=11111
server name=lab505-160,port_no=11111
server name=lab505-155,port_no=11111
GAllocator config info: is_master=1,master_ip=10.77.110.158,master_port=12345,worker_ip=10.77.110.158,worker_port=12346
[3785605] 13 Feb 17:01:56.088 - [worker.cc:124-Worker()] LRU eviction is enabled, max cache lines = 5033164, reserved mem size = 17179869184, cache_percentage = 0.150000, block_size = 512
create default gallocator
create epoch gallocator
storage_addr=281475022798848
epoch_addr=281474988244480
monotone_ts_addr=281474988243968
start population
table_id=0, size=2.92971MB
populate elapsed time=131ms
source elapsed time=16ms
start process query
start processing...
execute_count=192014, abort_count=17107, abort_rate=0.089092
elapsed time=14880ms.
throughput=12.9042K tps.
per-core throughput=0.860278K tps.
start process query
start processing...
execute_count=192820, abort_count=17191, abort_rate=0.0891552
elapsed time=13545ms.
throughput=14.2355K tps.
per-core throughput=0.949034K tps.
total_count=192820,total_abort_count=17191,throughput=14.2355,thread_count_=15,elapsed_time=13545
total_count=192050,total_abort_count=20640,throughput=10.6017,thread_count_=15,elapsed_time=18115
total_count=191622,total_abort_count=20867,throughput=10.4958,thread_count_=15,elapsed_time=18257
total_count=188416,total_abort_count=19956,throughput=11.1068,thread_count_=15,elapsed_time=16964
==================== perf statistics summary ====================
agg_total_count	764908
agg_total_abort_count	78654
abort_rate	0.102828
per_node_elapsed_time	16720.250000
total_throughput	46.439847
per_node_throughput	11.609962
per_core_throughput	0.773997
==================== end ====================
prepare to exit...
over..
