server name=lab505-158,port_no=11111
server name=lab505-159,port_no=11111
server name=lab505-160,port_no=11111
server name=lab505-155,port_no=11111
GAllocator config info: is_master=1,master_ip=10.77.110.158,master_port=12345,worker_ip=10.77.110.158,worker_port=12346
[3788739] 13 Feb 17:23:05.106 - [worker.cc:124-Worker()] LRU eviction is enabled, max cache lines = 5033164, reserved mem size = 17179869184, cache_percentage = 0.150000, block_size = 512
create default gallocator
create epoch gallocator
storage_addr=281475022798848
epoch_addr=281474988244480
monotone_ts_addr=281474988243968
start population
table_id=0, size=2.92971MB
populate elapsed time=131ms
source elapsed time=17ms
start process query
start processing...
execute_count=200000, abort_count=2253, abort_rate=0.0112649
elapsed time=46215ms.
throughput=4.3276K tps.
per-core throughput=4.3276K tps.
start process query
start processing...
execute_count=200000, abort_count=2089, abort_rate=0.0104449
elapsed time=47023ms.
throughput=4.25324K tps.
per-core throughput=4.25324K tps.
total_count=200000,total_abort_count=2089,throughput=4.25324,thread_count_=1,elapsed_time=47023
total_count=200000,total_abort_count=2558,throughput=3.74329,thread_count_=1,elapsed_time=53429
total_count=200000,total_abort_count=2618,throughput=3.76541,thread_count_=1,elapsed_time=53115
total_count=200000,total_abort_count=2823,throughput=3.4904,thread_count_=1,elapsed_time=57300
==================== perf statistics summary ====================
agg_total_count	800000
agg_total_abort_count	10088
abort_rate	0.012610
per_node_elapsed_time	52716.750000
total_throughput	15.252339
per_node_throughput	3.813085
per_core_throughput	3.813085
==================== end ====================
prepare to exit...
over..
