server name=lab505-158,port_no=11111
server name=lab505-159,port_no=11111
server name=lab505-160,port_no=11111
server name=lab505-155,port_no=11111
GAllocator config info: is_master=1,master_ip=10.77.110.158,master_port=12345,worker_ip=10.77.110.158,worker_port=12346
[3788155] 13 Feb 17:19:40.789 - [worker.cc:124-Worker()] LRU eviction is enabled, max cache lines = 5033164, reserved mem size = 17179869184, cache_percentage = 0.150000, block_size = 512
create default gallocator
create epoch gallocator
storage_addr=281475022798848
epoch_addr=281474988244480
monotone_ts_addr=281474988243968
start population
table_id=0, size=2.92971MB
populate elapsed time=141ms
source elapsed time=17ms
start process query
start processing...
execute_count=139150, abort_count=140552, abort_rate=1.01007
elapsed time=7746ms.
throughput=17.9641K tps.
per-core throughput=1.79641K tps.
start process query
start processing...
execute_count=142428, abort_count=138683, abort_rate=0.973699
elapsed time=6934ms.
throughput=20.5405K tps.
per-core throughput=2.05405K tps.
total_count=142428,total_abort_count=138683,throughput=20.5405,thread_count_=10,elapsed_time=6934
total_count=41901,total_abort_count=34399,throughput=1.86849,thread_count_=10,elapsed_time=22425
total_count=71262,total_abort_count=63268,throughput=4.52975,thread_count_=10,elapsed_time=15732
total_count=108136,total_abort_count=120934,throughput=5.01745,thread_count_=10,elapsed_time=21552
==================== perf statistics summary ====================
agg_total_count	363727
agg_total_abort_count	357284
abort_rate	0.982283
per_node_elapsed_time	16660.750000
total_throughput	31.956214
per_node_throughput	7.989054
per_core_throughput	0.798905
==================== end ====================
prepare to exit...
over..
