server name=lab505-158,port_no=11111
server name=lab505-159,port_no=11111
server name=lab505-160,port_no=11111
server name=lab505-155,port_no=11111
GAllocator config info: is_master=1,master_ip=10.77.110.158,master_port=12345,worker_ip=10.77.110.158,worker_port=12346
[3796294] 13 Feb 18:31:48.674 - [worker.cc:124-Worker()] LRU eviction is enabled, max cache lines = 5033164, reserved mem size = 17179869184, cache_percentage = 0.150000, block_size = 512
create default gallocator
create epoch gallocator
storage_addr=281475022798848
epoch_addr=281474988244480
monotone_ts_addr=281474988243968
start population
table_id=0, size=2.92971MB
populate elapsed time=130ms
source elapsed time=17ms
start process query
start processing...
execute_count=74181, abort_count=144658, abort_rate=1.95004
elapsed time=7559ms.
throughput=9.8136K tps.
per-core throughput=0.65424K tps.
start process query
start processing...
execute_count=87005, abort_count=184514, abort_rate=2.1207
elapsed time=8141ms.
throughput=10.6873K tps.
per-core throughput=0.712484K tps.
total_count=87005,total_abort_count=184514,throughput=10.6873,thread_count_=15,elapsed_time=8141
total_count=60442,total_abort_count=132718,throughput=1.99308,thread_count_=15,elapsed_time=30326
total_count=49254,total_abort_count=94144,throughput=2.32934,thread_count_=15,elapsed_time=21145
total_count=49774,total_abort_count=100327,throughput=3.48021,thread_count_=15,elapsed_time=14302
==================== perf statistics summary ====================
agg_total_count	246475
agg_total_abort_count	511703
abort_rate	2.076076
per_node_elapsed_time	18478.500000
total_throughput	18.489895
per_node_throughput	4.622474
per_core_throughput	0.308165
==================== end ====================
prepare to exit...
over..
