server name=lab505-158,port_no=11111
server name=lab505-159,port_no=11111
server name=lab505-160,port_no=11111
server name=lab505-155,port_no=11111
GAllocator config info: is_master=1,master_ip=10.77.110.158,master_port=12345,worker_ip=10.77.110.158,worker_port=12346
[3793018] 13 Feb 18:00:41.285 - [worker.cc:124-Worker()] LRU eviction is enabled, max cache lines = 5033164, reserved mem size = 17179869184, cache_percentage = 0.150000, block_size = 512
create default gallocator
create epoch gallocator
storage_addr=281475022798848
epoch_addr=281474988244480
monotone_ts_addr=281474988243968
start population
table_id=0, size=2.92971MB
populate elapsed time=127ms
source elapsed time=16ms
start process query
start processing...
execute_count=196481, abort_count=51061, abort_rate=0.259876
elapsed time=38319ms.
throughput=5.12751K tps.
per-core throughput=0.512751K tps.
start process query
start processing...
execute_count=195926, abort_count=49861, abort_rate=0.254488
elapsed time=33758ms.
throughput=5.80384K tps.
per-core throughput=0.580384K tps.
total_count=195926,total_abort_count=49861,throughput=5.80384,thread_count_=10,elapsed_time=33758
total_count=195869,total_abort_count=52895,throughput=5.49484,thread_count_=10,elapsed_time=35646
total_count=195395,total_abort_count=52698,throughput=5.46361,thread_count_=10,elapsed_time=35763
total_count=194934,total_abort_count=52123,throughput=5.51331,thread_count_=10,elapsed_time=35357
==================== perf statistics summary ====================
agg_total_count	782124
agg_total_abort_count	207577
abort_rate	0.265401
per_node_elapsed_time	35131.000000
total_throughput	22.275592
per_node_throughput	5.568898
per_core_throughput	0.556890
==================== end ====================
prepare to exit...
over..
