server name=lab505-158,port_no=11111
server name=lab505-159,port_no=11111
server name=lab505-160,port_no=11111
server name=lab505-155,port_no=11111
GAllocator config info: is_master=1,master_ip=10.77.110.158,master_port=12345,worker_ip=10.77.110.158,worker_port=12346
[3793606] 13 Feb 18:05:44.648 - [worker.cc:124-Worker()] LRU eviction is enabled, max cache lines = 5033164, reserved mem size = 17179869184, cache_percentage = 0.150000, block_size = 512
create default gallocator
create epoch gallocator
storage_addr=281475022798848
epoch_addr=281474988244480
monotone_ts_addr=281474988243968
start population
table_id=0, size=2.92971MB
populate elapsed time=128ms
source elapsed time=17ms
start process query
start processing...
execute_count=200000, abort_count=18939, abort_rate=0.0946945
elapsed time=57072ms.
throughput=3.50435K tps.
per-core throughput=3.50435K tps.
start process query
start processing...
execute_count=200000, abort_count=18818, abort_rate=0.0940895
elapsed time=58130ms.
throughput=3.44056K tps.
per-core throughput=3.44056K tps.
total_count=200000,total_abort_count=18818,throughput=3.44056,thread_count_=1,elapsed_time=58130
total_count=200000,total_abort_count=28859,throughput=2.81869,thread_count_=1,elapsed_time=70955
total_count=200000,total_abort_count=29326,throughput=2.79654,thread_count_=1,elapsed_time=71517
total_count=200000,total_abort_count=33140,throughput=2.64326,thread_count_=1,elapsed_time=75664
==================== perf statistics summary ====================
agg_total_count	800000
agg_total_abort_count	110143
abort_rate	0.137679
per_node_elapsed_time	69066.500000
total_throughput	11.699055
per_node_throughput	2.924764
per_core_throughput	2.924764
==================== end ====================
prepare to exit...
over..
