server name=lab505-158,port_no=11111
server name=lab505-159,port_no=11111
server name=lab505-160,port_no=11111
server name=lab505-155,port_no=11111
GAllocator config info: is_master=1,master_ip=10.77.110.158,master_port=12345,worker_ip=10.77.110.158,worker_port=12346
[3787996] 13 Feb 17:18:23.785 - [worker.cc:124-Worker()] LRU eviction is enabled, max cache lines = 5033164, reserved mem size = 17179869184, cache_percentage = 0.150000, block_size = 512
create default gallocator
create epoch gallocator
storage_addr=281475022798848
epoch_addr=281474988244480
monotone_ts_addr=281474988243968
start population
table_id=0, size=2.92971MB
populate elapsed time=124ms
source elapsed time=17ms
start process query
start processing...
execute_count=177220, abort_count=140991, abort_rate=0.795566
elapsed time=10668ms.
throughput=16.6123K tps.
per-core throughput=3.32246K tps.
start process query
start processing...
execute_count=150923, abort_count=88060, abort_rate=0.583472
elapsed time=6001ms.
throughput=25.1496K tps.
per-core throughput=5.02993K tps.
total_count=150923,total_abort_count=88060,throughput=25.1496,thread_count_=5,elapsed_time=6001
total_count=90995,total_abort_count=80414,throughput=3.61005,thread_count_=5,elapsed_time=25206
total_count=70833,total_abort_count=56849,throughput=3.02964,thread_count_=5,elapsed_time=23380
total_count=127861,total_abort_count=129473,throughput=5.09386,thread_count_=5,elapsed_time=25101
==================== perf statistics summary ====================
agg_total_count	440612
agg_total_abort_count	354796
abort_rate	0.805233
per_node_elapsed_time	19922.000000
total_throughput	36.883196
per_node_throughput	9.220799
per_core_throughput	1.844160
==================== end ====================
prepare to exit...
over..
