server name=lab505-158,port_no=11111
server name=lab505-159,port_no=11111
server name=lab505-160,port_no=11111
server name=lab505-155,port_no=11111
GAllocator config info: is_master=1,master_ip=10.77.110.158,master_port=12345,worker_ip=10.77.110.158,worker_port=12346
[3787847] 13 Feb 17:16:21.508 - [worker.cc:124-Worker()] LRU eviction is enabled, max cache lines = 5033164, reserved mem size = 17179869184, cache_percentage = 0.150000, block_size = 512
create default gallocator
create epoch gallocator
storage_addr=281475022798848
epoch_addr=281474988244480
monotone_ts_addr=281474988243968
start population
table_id=0, size=2.92971MB
populate elapsed time=125ms
source elapsed time=17ms
start process query
start processing...
execute_count=200000, abort_count=34051, abort_rate=0.170254
elapsed time=23808ms.
throughput=8.40054K tps.
per-core throughput=8.40054K tps.
start process query
start processing...
execute_count=200000, abort_count=37331, abort_rate=0.186654
elapsed time=25537ms.
throughput=7.83177K tps.
per-core throughput=7.83177K tps.
total_count=200000,total_abort_count=37331,throughput=7.83177,thread_count_=1,elapsed_time=25537
total_count=200000,total_abort_count=76166,throughput=4.9334,thread_count_=1,elapsed_time=40540
total_count=200000,total_abort_count=76070,throughput=5.04083,thread_count_=1,elapsed_time=39676
total_count=200000,total_abort_count=16536,throughput=3.78115,thread_count_=1,elapsed_time=52894
==================== perf statistics summary ====================
agg_total_count	800000
agg_total_abort_count	206103
abort_rate	0.257628
per_node_elapsed_time	39661.750000
total_throughput	21.587151
per_node_throughput	5.396788
per_core_throughput	5.396788
==================== end ====================
prepare to exit...
over..
