server name=lab505-158,port_no=11111
server name=lab505-159,port_no=11111
server name=lab505-160,port_no=11111
server name=lab505-155,port_no=11111
GAllocator config info: is_master=1,master_ip=10.77.110.158,master_port=12345,worker_ip=10.77.110.158,worker_port=12346
[3791815] 13 Feb 17:50:28.924 - [worker.cc:124-Worker()] LRU eviction is enabled, max cache lines = 5033164, reserved mem size = 17179869184, cache_percentage = 0.150000, block_size = 512
create default gallocator
create epoch gallocator
storage_addr=281475022798848
epoch_addr=281474988244480
monotone_ts_addr=281474988243968
start population
table_id=0, size=2.92971MB
populate elapsed time=135ms
source elapsed time=16ms
start process query
start processing...
execute_count=166223, abort_count=189003, abort_rate=1.13704
elapsed time=10172ms.
throughput=16.3412K tps.
per-core throughput=3.26825K tps.
start process query
start processing...
execute_count=156790, abort_count=172124, abort_rate=1.09779
elapsed time=8752ms.
throughput=17.9148K tps.
per-core throughput=3.58295K tps.
total_count=156790,total_abort_count=172124,throughput=17.9148,thread_count_=5,elapsed_time=8752
total_count=132125,total_abort_count=140591,throughput=6.12825,thread_count_=5,elapsed_time=21560
total_count=114506,total_abort_count=107172,throughput=3.45085,thread_count_=5,elapsed_time=33182
total_count=70491,total_abort_count=34324,throughput=1.80542,thread_count_=5,elapsed_time=39044
==================== perf statistics summary ====================
agg_total_count	473912
agg_total_abort_count	454211
abort_rate	0.958427
per_node_elapsed_time	25634.500000
total_throughput	29.299281
per_node_throughput	7.324820
per_core_throughput	1.464964
==================== end ====================
prepare to exit...
over..
