server name=lab505-158,port_no=11111
server name=lab505-159,port_no=11111
server name=lab505-160,port_no=11111
server name=lab505-155,port_no=11111
GAllocator config info: is_master=1,master_ip=10.77.110.158,master_port=12345,worker_ip=10.77.110.158,worker_port=12346
[3791234] 13 Feb 17:45:52.641 - [worker.cc:124-Worker()] LRU eviction is enabled, max cache lines = 5033164, reserved mem size = 17179869184, cache_percentage = 0.150000, block_size = 512
create default gallocator
create epoch gallocator
storage_addr=281475022798848
epoch_addr=281474988244480
monotone_ts_addr=281474988243968
start population
table_id=0, size=2.92971MB
populate elapsed time=132ms
source elapsed time=16ms
start process query
start processing...
execute_count=112569, abort_count=143914, abort_rate=1.27844
elapsed time=8042ms.
throughput=13.9976K tps.
per-core throughput=0.933176K tps.
start process query
start processing...
execute_count=128122, abort_count=164697, abort_rate=1.28546
elapsed time=8671ms.
throughput=14.7759K tps.
per-core throughput=0.985061K tps.
total_count=128122,total_abort_count=164697,throughput=14.7759,thread_count_=15,elapsed_time=8671
total_count=44785,total_abort_count=52830,throughput=1.75621,thread_count_=15,elapsed_time=25501
total_count=63108,total_abort_count=86390,throughput=2.66729,thread_count_=15,elapsed_time=23660
total_count=60081,total_abort_count=90305,throughput=3.06036,thread_count_=15,elapsed_time=19632
==================== perf statistics summary ====================
agg_total_count	296096
agg_total_abort_count	394222
abort_rate	1.331395
per_node_elapsed_time	19366.000000
total_throughput	22.259773
per_node_throughput	5.564943
per_core_throughput	0.370996
==================== end ====================
prepare to exit...
over..
