server name=lab505-158,port_no=11111
server name=lab505-159,port_no=11111
server name=lab505-160,port_no=11111
server name=lab505-155,port_no=11111
GAllocator config info: is_master=1,master_ip=10.77.110.158,master_port=12345,worker_ip=10.77.110.158,worker_port=12346
[3790545] 13 Feb 17:39:31.078 - [worker.cc:124-Worker()] LRU eviction is enabled, max cache lines = 5033164, reserved mem size = 17179869184, cache_percentage = 0.150000, block_size = 512
create default gallocator
create epoch gallocator
storage_addr=281475022798848
epoch_addr=281474988244480
monotone_ts_addr=281474988243968
start population
table_id=0, size=2.92971MB
populate elapsed time=134ms
source elapsed time=17ms
start process query
start processing...
execute_count=200000, abort_count=34437, abort_rate=0.172184
elapsed time=37606ms.
throughput=5.3183K tps.
per-core throughput=5.3183K tps.
start process query
start processing...
execute_count=200000, abort_count=39743, abort_rate=0.198714
elapsed time=41436ms.
throughput=4.82672K tps.
per-core throughput=4.82672K tps.
total_count=200000,total_abort_count=39743,throughput=4.82672,thread_count_=1,elapsed_time=41436
total_count=200000,total_abort_count=93140,throughput=2.95081,thread_count_=1,elapsed_time=67778
total_count=200000,total_abort_count=97218,throughput=2.92346,thread_count_=1,elapsed_time=68412
total_count=200000,total_abort_count=15754,throughput=2.4463,thread_count_=1,elapsed_time=81756
==================== perf statistics summary ====================
agg_total_count	800000
agg_total_abort_count	245855
abort_rate	0.307318
per_node_elapsed_time	64845.500000
total_throughput	13.147298
per_node_throughput	3.286825
per_core_throughput	3.286825
==================== end ====================
prepare to exit...
over..
