server name=lab505-158,port_no=11111
============= tpcc_scale_params ===========
num_warehouses=1,starting_warehouse_=1,ending_warehouse_=1
partition_id_0
scale_factor_=10
num_items_=10000
num_districts_per_warehouse_=10
num_customers_per_district_=300
num_new_orders_per_district_=90
dist_ratio=1, gStandard=1, gForceRandomAccess=0, gTimeLocality=0, gReadRatio=0
============= end ===========
GAllocator config info: is_master=1,master_ip=10.77.110.158,master_port=12345,worker_ip=10.77.110.158,worker_port=12346
[1576891] 09 Jan 09:25:44.012 - [worker.cc:117-Worker()] LRU eviction is enabled, max cache lines = 5033164, reserved mem size = 17179869184, cache_percentage = 0.150000, block_size = 512
create default gallocator
storage_addr=281475022798848
monotone_ts_addr=281474988244480
start population
table_id=0, size=1.13MB
table_id=1, size=4.09MB
table_id=2, size=0.000144MB
table_id=3, size=0.00152MB
table_id=4, size=0.00013MB
table_id=5, size=0.0117MB
table_id=6, size=0.111MB
table_id=7, size=2.3137MB
table_id=8, size=2.304MB
table_id=9, size=0.207MB
populate elapsed time=384ms
**********BEGIN EXECUTION PROFILING REPORT**********

avg execution_time = 0 ms
**********END EXECUTION PROFILING REPORT**********

**********BEGIN PHASE PROFILING REPORT**********
thread_id = 0, phase = INDEX_INSERT_LOCK, elapsed_time = 36 ms
thread_id = 0, phase = INDEX_INSERT_MUTATE, elapsed_time = 126 ms
thread_id = 0, phase = INDEX_INSERT_GALLOCATE, elapsed_time = 21 ms

phase = INDEX_INSERT_LOCK, avg elapsed_time = 36 ms
phase = INDEX_INSERT_MUTATE, avg elapsed_time = 126 ms
phase = INDEX_INSERT_GALLOCATE, avg elapsed_time = 21 ms
**********END PHASE PROFILING REPORT**********

**********BEGIN CC ABORT TIME PROFILING REPORT**********

avg abort time = 0 ms
**********END CC ABORT TIME PROFILING REPORT**********

**********BEGIN CC TS ALLOC TIME PROFILING REPORT**********
**********END CC TS ALLOC TIME PROFILING REPORT**********

**********BEGIN GAM_OPERATION PROFILING REPORT(NOT INCLUDE INDEX RELATED OPERATIONS)**********

**********END GAM_OPERATION PROFILING REPORT**********

read/write access count
total_read_access_count	1241969
total_write_access_count	2766193
total_read_ratio	0.30986
source elapsed time=320ms
start process query
start processing...
execute_count=200000, abort_count=0, abort_rate=0
elapsed time=10932ms.
throughput=18.2949K tps.
per-core throughput=18.2949K tps.
**********BEGIN EXECUTION PROFILING REPORT**********
thread_id = 0, txn_id = 1, execution_time = 9829 ms
thread_id = 0, txn_id = 2, execution_time = 1088 ms
thread_id = 0, execution_time_total = 10917 ms

avg execution_time = 10917 ms
**********END EXECUTION PROFILING REPORT**********

**********BEGIN PHASE PROFILING REPORT**********
thread_id = 0, phase = INDEX_READ, elapsed_time = 2081 ms
thread_id = 0, phase = CC_SELECT, elapsed_time = 2571 ms
thread_id = 0, phase = CC_INSERT, elapsed_time = 456 ms
thread_id = 0, phase = CC_COMMIT, elapsed_time = 3623 ms

phase = INDEX_READ, avg elapsed_time = 2081 ms
phase = CC_SELECT, avg elapsed_time = 2571 ms
phase = CC_INSERT, avg elapsed_time = 456 ms
phase = CC_COMMIT, avg elapsed_time = 3623 ms
**********END PHASE PROFILING REPORT**********

**********BEGIN CC ABORT TIME PROFILING REPORT**********

avg abort time = 0 ms
**********END CC ABORT TIME PROFILING REPORT**********

**********BEGIN CC TS ALLOC TIME PROFILING REPORT**********
**********END CC TS ALLOC TIME PROFILING REPORT**********

**********BEGIN GAM_OPERATION PROFILING REPORT(NOT INCLUDE INDEX RELATED OPERATIONS)**********
thread_id = 0, gam operation = GAM_READ, elapsed_time = 643 ms
thread_id = 0, gam operation = GAM_WRITE, elapsed_time = 745 ms
thread_id = 0, gam operation = GAM_TRY_RLOCK, elapsed_time = 592 ms
thread_id = 0, gam operation = GAM_TRY_WLOCK, elapsed_time = 1225 ms
thread_id = 0, gam operation = GAM_UNLOCK, elapsed_time = 2670 ms
thread_id = 0, gam operation = GAM_MALLOC, elapsed_time = 1023 ms

gam operation = GAM_READ, avg elapsed_time = 643 ms
gam operation = GAM_WRITE, avg elapsed_time = 745 ms
gam operation = GAM_TRY_RLOCK, avg elapsed_time = 592 ms
gam operation = GAM_TRY_WLOCK, avg elapsed_time = 1225 ms
gam operation = GAM_UNLOCK, avg elapsed_time = 2670 ms
gam operation = GAM_MALLOC, avg elapsed_time = 1023 ms
**********END GAM_OPERATION PROFILING REPORT**********

start process query
start processing...
execute_count=200000, abort_count=0, abort_rate=0
elapsed time=10438ms.
throughput=19.1608K tps.
per-core throughput=19.1608K tps.
**********BEGIN EXECUTION PROFILING REPORT**********
thread_id = 0, txn_id = 1, execution_time = 9407 ms
thread_id = 0, txn_id = 2, execution_time = 1016 ms
thread_id = 0, execution_time_total = 10423 ms

avg execution_time = 10423 ms
**********END EXECUTION PROFILING REPORT**********

**********BEGIN PHASE PROFILING REPORT**********
thread_id = 0, phase = INDEX_READ, elapsed_time = 1969 ms
thread_id = 0, phase = CC_SELECT, elapsed_time = 2488 ms
thread_id = 0, phase = CC_INSERT, elapsed_time = 458 ms
thread_id = 0, phase = CC_COMMIT, elapsed_time = 3333 ms

phase = INDEX_READ, avg elapsed_time = 1969 ms
phase = CC_SELECT, avg elapsed_time = 2488 ms
phase = CC_INSERT, avg elapsed_time = 458 ms
phase = CC_COMMIT, avg elapsed_time = 3333 ms
**********END PHASE PROFILING REPORT**********

**********BEGIN CC ABORT TIME PROFILING REPORT**********

avg abort time = 0 ms
**********END CC ABORT TIME PROFILING REPORT**********

**********BEGIN CC TS ALLOC TIME PROFILING REPORT**********
**********END CC TS ALLOC TIME PROFILING REPORT**********

**********BEGIN GAM_OPERATION PROFILING REPORT(NOT INCLUDE INDEX RELATED OPERATIONS)**********
thread_id = 0, gam operation = GAM_READ, elapsed_time = 615 ms
thread_id = 0, gam operation = GAM_WRITE, elapsed_time = 735 ms
thread_id = 0, gam operation = GAM_TRY_RLOCK, elapsed_time = 574 ms
thread_id = 0, gam operation = GAM_TRY_WLOCK, elapsed_time = 1184 ms
thread_id = 0, gam operation = GAM_UNLOCK, elapsed_time = 2375 ms
thread_id = 0, gam operation = GAM_MALLOC, elapsed_time = 1057 ms

gam operation = GAM_READ, avg elapsed_time = 615 ms
gam operation = GAM_WRITE, avg elapsed_time = 735 ms
gam operation = GAM_TRY_RLOCK, avg elapsed_time = 574 ms
gam operation = GAM_TRY_WLOCK, avg elapsed_time = 1184 ms
gam operation = GAM_UNLOCK, avg elapsed_time = 2375 ms
gam operation = GAM_MALLOC, avg elapsed_time = 1057 ms
**********END GAM_OPERATION PROFILING REPORT**********

total_count=200000,total_abort_count=0,throughput=19.1608,thread_count_=1,elapsed_time=10438
==================== perf statistics summary ====================
agg_total_count	200000
agg_total_abort_count	0
abort_rate	0.000000
per_node_elapsed_time	10438.000000
total_throughput	19.160759
per_node_throughput	19.160759
per_core_throughput	19.160759
==================== end ====================
prepare to exit...
over..
