server name=lab505-158,port_no=11111
server name=lab505-159,port_no=11111
server name=lab505-160,port_no=11111
============= tpcc_scale_params ===========
num_warehouses=12,starting_warehouse_=1,ending_warehouse_=4
partition_id_0
scale_factor_=1
num_items_=100000
num_districts_per_warehouse_=10
num_customers_per_district_=3000
num_new_orders_per_district_=900
dist_ratio=0, gStandard=1, gForceRandomAccess=0, gTimeLocality=0, gReadRatio=0
============= end ===========
GAllocator config info: is_master=1,master_ip=10.77.110.158,master_port=12345,worker_ip=10.77.110.158,worker_port=12346
[1542933] 08 Jan 12:03:59.894 - [worker.cc:117-Worker()] LRU eviction is enabled, max cache lines = 5033164, reserved mem size = 17179869184, cache_percentage = 0.150000, block_size = 512
create default gallocator
storage_addr=281475022798848
monotone_ts_addr=281474988244480
start population
table_id=0, size=45.2MB
table_id=1, size=163.6MB
table_id=2, size=0.000576MB
table_id=3, size=0.00608MB
table_id=4, size=0.00052MB
table_id=5, size=0.468MB
table_id=6, size=4.44MB
table_id=7, size=92.2919MB
table_id=8, size=92.16MB
table_id=9, size=8.28MB
populate elapsed time=75210ms
**********BEGIN EXECUTION PROFILING REPORT**********

avg execution_time = 0 ms
**********END EXECUTION PROFILING REPORT**********

**********BEGIN PHASE PROFILING REPORT**********
thread_id = 0, phase = INDEX_INSERT_LOCK, elapsed_time = 4853 ms
thread_id = 0, phase = INDEX_INSERT_MUTATE, elapsed_time = 50480 ms
thread_id = 0, phase = INDEX_INSERT_GALLOCATE, elapsed_time = 1089 ms

phase = INDEX_INSERT_LOCK, avg elapsed_time = 606 ms
phase = INDEX_INSERT_MUTATE, avg elapsed_time = 6310 ms
phase = INDEX_INSERT_GALLOCATE, avg elapsed_time = 136 ms
**********END PHASE PROFILING REPORT**********

**********BEGIN CC ABORT TIME PROFILING REPORT**********

avg abort time = 0 ms
**********END CC ABORT TIME PROFILING REPORT**********

**********BEGIN CC TS ALLOC TIME PROFILING REPORT**********
**********END CC TS ALLOC TIME PROFILING REPORT**********

**********BEGIN GAM_OPERATION PROFILING REPORT(NOT INCLUDE INDEX RELATED OPERATIONS)**********

**********END GAM_OPERATION PROFILING REPORT**********

read/write access count
total_read_access_count	1247128
total_write_access_count	2774881
total_read_ratio	0.310076
source elapsed time=312ms
start process query
start processing...
execute_count=188386, abort_count=164989, abort_rate=0.875798
elapsed time=9232ms.
throughput=20.4058K tps.
per-core throughput=2.55072K tps.
**********BEGIN EXECUTION PROFILING REPORT**********
thread_id = 0, txn_id = 1, execution_time = 8286 ms
thread_id = 0, txn_id = 2, execution_time = 943 ms
thread_id = 0, execution_time_total = 9229 ms
thread_id = 1, txn_id = 1, execution_time = 8157 ms
thread_id = 1, txn_id = 2, execution_time = 1072 ms
thread_id = 1, execution_time_total = 9229 ms
thread_id = 2, txn_id = 1, execution_time = 7977 ms
thread_id = 2, txn_id = 2, execution_time = 1251 ms
thread_id = 2, execution_time_total = 9228 ms
thread_id = 3, txn_id = 1, execution_time = 8153 ms
thread_id = 3, txn_id = 2, execution_time = 1075 ms
thread_id = 3, execution_time_total = 9228 ms
thread_id = 4, txn_id = 1, execution_time = 8351 ms
thread_id = 4, txn_id = 2, execution_time = 878 ms
thread_id = 4, execution_time_total = 9229 ms
thread_id = 5, txn_id = 1, execution_time = 8244 ms
thread_id = 5, txn_id = 2, execution_time = 984 ms
thread_id = 5, execution_time_total = 9228 ms
thread_id = 6, txn_id = 1, execution_time = 8075 ms
thread_id = 6, txn_id = 2, execution_time = 1154 ms
thread_id = 6, execution_time_total = 9229 ms
thread_id = 7, txn_id = 1, execution_time = 8090 ms
thread_id = 7, txn_id = 2, execution_time = 1137 ms
thread_id = 7, execution_time_total = 9227 ms

avg execution_time = 9228 ms
**********END EXECUTION PROFILING REPORT**********

**********BEGIN PHASE PROFILING REPORT**********
thread_id = 0, phase = INDEX_READ, elapsed_time = 3625 ms
thread_id = 0, phase = CC_SELECT, elapsed_time = 1680 ms
thread_id = 0, phase = CC_INSERT, elapsed_time = 249 ms
thread_id = 0, phase = CC_COMMIT, elapsed_time = 1113 ms
thread_id = 0, phase = CC_ABORT, elapsed_time = 91 ms
thread_id = 1, phase = INDEX_READ, elapsed_time = 3637 ms
thread_id = 1, phase = CC_SELECT, elapsed_time = 1686 ms
thread_id = 1, phase = CC_INSERT, elapsed_time = 249 ms
thread_id = 1, phase = CC_COMMIT, elapsed_time = 1106 ms
thread_id = 1, phase = CC_ABORT, elapsed_time = 91 ms
thread_id = 2, phase = INDEX_READ, elapsed_time = 3210 ms
thread_id = 2, phase = CC_SELECT, elapsed_time = 1798 ms
thread_id = 2, phase = CC_INSERT, elapsed_time = 268 ms
thread_id = 2, phase = CC_COMMIT, elapsed_time = 1249 ms
thread_id = 2, phase = CC_ABORT, elapsed_time = 86 ms
thread_id = 3, phase = INDEX_READ, elapsed_time = 3421 ms
thread_id = 3, phase = CC_SELECT, elapsed_time = 1834 ms
thread_id = 3, phase = CC_INSERT, elapsed_time = 258 ms
thread_id = 3, phase = CC_COMMIT, elapsed_time = 1183 ms
thread_id = 3, phase = CC_ABORT, elapsed_time = 123 ms
thread_id = 4, phase = INDEX_READ, elapsed_time = 3640 ms
thread_id = 4, phase = CC_SELECT, elapsed_time = 1653 ms
thread_id = 4, phase = CC_INSERT, elapsed_time = 242 ms
thread_id = 4, phase = CC_COMMIT, elapsed_time = 1103 ms
thread_id = 4, phase = CC_ABORT, elapsed_time = 79 ms
thread_id = 5, phase = INDEX_READ, elapsed_time = 3646 ms
thread_id = 5, phase = CC_SELECT, elapsed_time = 1678 ms
thread_id = 5, phase = CC_INSERT, elapsed_time = 250 ms
thread_id = 5, phase = CC_COMMIT, elapsed_time = 1104 ms
thread_id = 5, phase = CC_ABORT, elapsed_time = 86 ms
thread_id = 6, phase = INDEX_READ, elapsed_time = 3389 ms
thread_id = 6, phase = CC_SELECT, elapsed_time = 1837 ms
thread_id = 6, phase = CC_INSERT, elapsed_time = 257 ms
thread_id = 6, phase = CC_COMMIT, elapsed_time = 1195 ms
thread_id = 6, phase = CC_ABORT, elapsed_time = 108 ms
thread_id = 7, phase = INDEX_READ, elapsed_time = 3264 ms
thread_id = 7, phase = CC_SELECT, elapsed_time = 1772 ms
thread_id = 7, phase = CC_INSERT, elapsed_time = 273 ms
thread_id = 7, phase = CC_COMMIT, elapsed_time = 1251 ms
thread_id = 7, phase = CC_ABORT, elapsed_time = 90 ms

phase = INDEX_READ, avg elapsed_time = 3479 ms
phase = CC_SELECT, avg elapsed_time = 1742 ms
phase = CC_INSERT, avg elapsed_time = 255 ms
phase = CC_COMMIT, avg elapsed_time = 1163 ms
phase = CC_ABORT, avg elapsed_time = 94 ms
**********END PHASE PROFILING REPORT**********

**********BEGIN CC ABORT TIME PROFILING REPORT**********
thread_id = 0, abort_time = 1302 ms
thread_id = 1, abort_time = 1266 ms
thread_id = 2, abort_time = 1243 ms
thread_id = 3, abort_time = 1461 ms
thread_id = 4, abort_time = 1134 ms
thread_id = 5, abort_time = 1396 ms
thread_id = 6, abort_time = 1586 ms
thread_id = 7, abort_time = 1220 ms

avg abort time = 1326 ms
**********END CC ABORT TIME PROFILING REPORT**********

**********BEGIN CC TS ALLOC TIME PROFILING REPORT**********
**********END CC TS ALLOC TIME PROFILING REPORT**********

**********BEGIN GAM_OPERATION PROFILING REPORT(NOT INCLUDE INDEX RELATED OPERATIONS)**********
thread_id = 0, gam operation = GAM_READ, elapsed_time = 582 ms
thread_id = 0, gam operation = GAM_WRITE, elapsed_time = 450 ms
thread_id = 0, gam operation = GAM_TRY_RLOCK, elapsed_time = 448 ms
thread_id = 0, gam operation = GAM_TRY_WLOCK, elapsed_time = 746 ms
thread_id = 0, gam operation = GAM_UNLOCK, elapsed_time = 853 ms
thread_id = 0, gam operation = GAM_MALLOC, elapsed_time = 1844 ms
thread_id = 1, gam operation = GAM_READ, elapsed_time = 577 ms
thread_id = 1, gam operation = GAM_WRITE, elapsed_time = 461 ms
thread_id = 1, gam operation = GAM_TRY_RLOCK, elapsed_time = 450 ms
thread_id = 1, gam operation = GAM_TRY_WLOCK, elapsed_time = 753 ms
thread_id = 1, gam operation = GAM_UNLOCK, elapsed_time = 843 ms
thread_id = 1, gam operation = GAM_MALLOC, elapsed_time = 1828 ms
thread_id = 2, gam operation = GAM_READ, elapsed_time = 570 ms
thread_id = 2, gam operation = GAM_WRITE, elapsed_time = 449 ms
thread_id = 2, gam operation = GAM_TRY_RLOCK, elapsed_time = 481 ms
thread_id = 2, gam operation = GAM_TRY_WLOCK, elapsed_time = 821 ms
thread_id = 2, gam operation = GAM_UNLOCK, elapsed_time = 965 ms
thread_id = 2, gam operation = GAM_MALLOC, elapsed_time = 1926 ms
thread_id = 3, gam operation = GAM_READ, elapsed_time = 639 ms
thread_id = 3, gam operation = GAM_WRITE, elapsed_time = 474 ms
thread_id = 3, gam operation = GAM_TRY_RLOCK, elapsed_time = 478 ms
thread_id = 3, gam operation = GAM_TRY_WLOCK, elapsed_time = 802 ms
thread_id = 3, gam operation = GAM_UNLOCK, elapsed_time = 931 ms
thread_id = 3, gam operation = GAM_MALLOC, elapsed_time = 1660 ms
thread_id = 4, gam operation = GAM_READ, elapsed_time = 578 ms
thread_id = 4, gam operation = GAM_WRITE, elapsed_time = 449 ms
thread_id = 4, gam operation = GAM_TRY_RLOCK, elapsed_time = 446 ms
thread_id = 4, gam operation = GAM_TRY_WLOCK, elapsed_time = 720 ms
thread_id = 4, gam operation = GAM_UNLOCK, elapsed_time = 839 ms
thread_id = 4, gam operation = GAM_MALLOC, elapsed_time = 1939 ms
thread_id = 5, gam operation = GAM_READ, elapsed_time = 576 ms
thread_id = 5, gam operation = GAM_WRITE, elapsed_time = 464 ms
thread_id = 5, gam operation = GAM_TRY_RLOCK, elapsed_time = 446 ms
thread_id = 5, gam operation = GAM_TRY_WLOCK, elapsed_time = 752 ms
thread_id = 5, gam operation = GAM_UNLOCK, elapsed_time = 837 ms
thread_id = 5, gam operation = GAM_MALLOC, elapsed_time = 1799 ms
thread_id = 6, gam operation = GAM_READ, elapsed_time = 629 ms
thread_id = 6, gam operation = GAM_WRITE, elapsed_time = 461 ms
thread_id = 6, gam operation = GAM_TRY_RLOCK, elapsed_time = 488 ms
thread_id = 6, gam operation = GAM_TRY_WLOCK, elapsed_time = 797 ms
thread_id = 6, gam operation = GAM_UNLOCK, elapsed_time = 934 ms
thread_id = 6, gam operation = GAM_MALLOC, elapsed_time = 1646 ms
thread_id = 7, gam operation = GAM_READ, elapsed_time = 562 ms
thread_id = 7, gam operation = GAM_WRITE, elapsed_time = 444 ms
thread_id = 7, gam operation = GAM_TRY_RLOCK, elapsed_time = 469 ms
thread_id = 7, gam operation = GAM_TRY_WLOCK, elapsed_time = 814 ms
thread_id = 7, gam operation = GAM_UNLOCK, elapsed_time = 967 ms
thread_id = 7, gam operation = GAM_MALLOC, elapsed_time = 1900 ms

gam operation = GAM_READ, avg elapsed_time = 589 ms
gam operation = GAM_WRITE, avg elapsed_time = 456 ms
gam operation = GAM_TRY_RLOCK, avg elapsed_time = 463 ms
gam operation = GAM_TRY_WLOCK, avg elapsed_time = 775 ms
gam operation = GAM_UNLOCK, avg elapsed_time = 896 ms
gam operation = GAM_MALLOC, avg elapsed_time = 1817 ms
**********END GAM_OPERATION PROFILING REPORT**********

start process query
start processing...
execute_count=190286, abort_count=169280, abort_rate=0.889604
elapsed time=13811ms.
throughput=13.7779K tps.
per-core throughput=1.72223K tps.
**********BEGIN EXECUTION PROFILING REPORT**********
thread_id = 0, txn_id = 1, execution_time = 12750 ms
thread_id = 0, txn_id = 2, execution_time = 1057 ms
thread_id = 0, execution_time_total = 13807 ms
thread_id = 1, txn_id = 1, execution_time = 12846 ms
thread_id = 1, txn_id = 2, execution_time = 961 ms
thread_id = 1, execution_time_total = 13807 ms
thread_id = 2, txn_id = 1, execution_time = 12804 ms
thread_id = 2, txn_id = 2, execution_time = 1003 ms
thread_id = 2, execution_time_total = 13807 ms
thread_id = 3, txn_id = 1, execution_time = 12756 ms
thread_id = 3, txn_id = 2, execution_time = 1051 ms
thread_id = 3, execution_time_total = 13807 ms
thread_id = 4, txn_id = 1, execution_time = 12874 ms
thread_id = 4, txn_id = 2, execution_time = 932 ms
thread_id = 4, execution_time_total = 13806 ms
thread_id = 5, txn_id = 1, execution_time = 12822 ms
thread_id = 5, txn_id = 2, execution_time = 985 ms
thread_id = 5, execution_time_total = 13807 ms
thread_id = 6, txn_id = 1, execution_time = 12622 ms
thread_id = 6, txn_id = 2, execution_time = 1185 ms
thread_id = 6, execution_time_total = 13807 ms
thread_id = 7, txn_id = 1, execution_time = 12631 ms
thread_id = 7, txn_id = 2, execution_time = 1176 ms
thread_id = 7, execution_time_total = 13807 ms

avg execution_time = 13806 ms
**********END EXECUTION PROFILING REPORT**********

**********BEGIN PHASE PROFILING REPORT**********
thread_id = 0, phase = INDEX_READ, elapsed_time = 3452 ms
thread_id = 0, phase = CC_SELECT, elapsed_time = 1671 ms
thread_id = 0, phase = CC_INSERT, elapsed_time = 241 ms
thread_id = 0, phase = CC_COMMIT, elapsed_time = 1119 ms
thread_id = 0, phase = CC_ABORT, elapsed_time = 70 ms
thread_id = 1, phase = INDEX_READ, elapsed_time = 3414 ms
thread_id = 1, phase = CC_SELECT, elapsed_time = 1688 ms
thread_id = 1, phase = CC_INSERT, elapsed_time = 251 ms
thread_id = 1, phase = CC_COMMIT, elapsed_time = 1129 ms
thread_id = 1, phase = CC_ABORT, elapsed_time = 78 ms
thread_id = 2, phase = INDEX_READ, elapsed_time = 3316 ms
thread_id = 2, phase = CC_SELECT, elapsed_time = 1813 ms
thread_id = 2, phase = CC_INSERT, elapsed_time = 254 ms
thread_id = 2, phase = CC_COMMIT, elapsed_time = 1176 ms
thread_id = 2, phase = CC_ABORT, elapsed_time = 109 ms
thread_id = 3, phase = INDEX_READ, elapsed_time = 3359 ms
thread_id = 3, phase = CC_SELECT, elapsed_time = 1782 ms
thread_id = 3, phase = CC_INSERT, elapsed_time = 252 ms
thread_id = 3, phase = CC_COMMIT, elapsed_time = 1159 ms
thread_id = 3, phase = CC_ABORT, elapsed_time = 96 ms
thread_id = 4, phase = INDEX_READ, elapsed_time = 3343 ms
thread_id = 4, phase = CC_SELECT, elapsed_time = 1708 ms
thread_id = 4, phase = CC_INSERT, elapsed_time = 264 ms
thread_id = 4, phase = CC_COMMIT, elapsed_time = 1190 ms
thread_id = 4, phase = CC_ABORT, elapsed_time = 95 ms
thread_id = 5, phase = INDEX_READ, elapsed_time = 3406 ms
thread_id = 5, phase = CC_SELECT, elapsed_time = 1685 ms
thread_id = 5, phase = CC_INSERT, elapsed_time = 251 ms
thread_id = 5, phase = CC_COMMIT, elapsed_time = 1125 ms
thread_id = 5, phase = CC_ABORT, elapsed_time = 72 ms
thread_id = 6, phase = INDEX_READ, elapsed_time = 3254 ms
thread_id = 6, phase = CC_SELECT, elapsed_time = 1785 ms
thread_id = 6, phase = CC_INSERT, elapsed_time = 253 ms
thread_id = 6, phase = CC_COMMIT, elapsed_time = 1169 ms
thread_id = 6, phase = CC_ABORT, elapsed_time = 75 ms
thread_id = 7, phase = INDEX_READ, elapsed_time = 3220 ms
thread_id = 7, phase = CC_SELECT, elapsed_time = 1741 ms
thread_id = 7, phase = CC_INSERT, elapsed_time = 266 ms
thread_id = 7, phase = CC_COMMIT, elapsed_time = 1210 ms
thread_id = 7, phase = CC_ABORT, elapsed_time = 87 ms

phase = INDEX_READ, avg elapsed_time = 3345 ms
phase = CC_SELECT, avg elapsed_time = 1734 ms
phase = CC_INSERT, avg elapsed_time = 254 ms
phase = CC_COMMIT, avg elapsed_time = 1159 ms
phase = CC_ABORT, avg elapsed_time = 85 ms
**********END PHASE PROFILING REPORT**********

**********BEGIN CC ABORT TIME PROFILING REPORT**********
thread_id = 0, abort_time = 1122 ms
thread_id = 1, abort_time = 6183 ms
thread_id = 2, abort_time = 1463 ms
thread_id = 3, abort_time = 1354 ms
thread_id = 4, abort_time = 1262 ms
thread_id = 5, abort_time = 1176 ms
thread_id = 6, abort_time = 1345 ms
thread_id = 7, abort_time = 6394 ms

avg abort time = 2537 ms
**********END CC ABORT TIME PROFILING REPORT**********

**********BEGIN CC TS ALLOC TIME PROFILING REPORT**********
**********END CC TS ALLOC TIME PROFILING REPORT**********

**********BEGIN GAM_OPERATION PROFILING REPORT(NOT INCLUDE INDEX RELATED OPERATIONS)**********
thread_id = 0, gam operation = GAM_READ, elapsed_time = 600 ms
thread_id = 0, gam operation = GAM_WRITE, elapsed_time = 453 ms
thread_id = 0, gam operation = GAM_TRY_RLOCK, elapsed_time = 454 ms
thread_id = 0, gam operation = GAM_TRY_WLOCK, elapsed_time = 739 ms
thread_id = 0, gam operation = GAM_UNLOCK, elapsed_time = 857 ms
thread_id = 0, gam operation = GAM_MALLOC, elapsed_time = 6652 ms
thread_id = 1, gam operation = GAM_READ, elapsed_time = 585 ms
thread_id = 1, gam operation = GAM_WRITE, elapsed_time = 463 ms
thread_id = 1, gam operation = GAM_TRY_RLOCK, elapsed_time = 453 ms
thread_id = 1, gam operation = GAM_TRY_WLOCK, elapsed_time = 752 ms
thread_id = 1, gam operation = GAM_UNLOCK, elapsed_time = 849 ms
thread_id = 1, gam operation = GAM_MALLOC, elapsed_time = 6656 ms
thread_id = 2, gam operation = GAM_READ, elapsed_time = 617 ms
thread_id = 2, gam operation = GAM_WRITE, elapsed_time = 478 ms
thread_id = 2, gam operation = GAM_TRY_RLOCK, elapsed_time = 481 ms
thread_id = 2, gam operation = GAM_TRY_WLOCK, elapsed_time = 801 ms
thread_id = 2, gam operation = GAM_UNLOCK, elapsed_time = 912 ms
thread_id = 2, gam operation = GAM_MALLOC, elapsed_time = 6470 ms
thread_id = 3, gam operation = GAM_READ, elapsed_time = 617 ms
thread_id = 3, gam operation = GAM_WRITE, elapsed_time = 462 ms
thread_id = 3, gam operation = GAM_TRY_RLOCK, elapsed_time = 465 ms
thread_id = 3, gam operation = GAM_TRY_WLOCK, elapsed_time = 794 ms
thread_id = 3, gam operation = GAM_UNLOCK, elapsed_time = 893 ms
thread_id = 3, gam operation = GAM_MALLOC, elapsed_time = 6472 ms
thread_id = 4, gam operation = GAM_READ, elapsed_time = 551 ms
thread_id = 4, gam operation = GAM_WRITE, elapsed_time = 431 ms
thread_id = 4, gam operation = GAM_TRY_RLOCK, elapsed_time = 456 ms
thread_id = 4, gam operation = GAM_TRY_WLOCK, elapsed_time = 775 ms
thread_id = 4, gam operation = GAM_UNLOCK, elapsed_time = 916 ms
thread_id = 4, gam operation = GAM_MALLOC, elapsed_time = 6528 ms
thread_id = 5, gam operation = GAM_READ, elapsed_time = 579 ms
thread_id = 5, gam operation = GAM_WRITE, elapsed_time = 458 ms
thread_id = 5, gam operation = GAM_TRY_RLOCK, elapsed_time = 451 ms
thread_id = 5, gam operation = GAM_TRY_WLOCK, elapsed_time = 751 ms
thread_id = 5, gam operation = GAM_UNLOCK, elapsed_time = 839 ms
thread_id = 5, gam operation = GAM_MALLOC, elapsed_time = 6637 ms
thread_id = 6, gam operation = GAM_READ, elapsed_time = 604 ms
thread_id = 6, gam operation = GAM_WRITE, elapsed_time = 463 ms
thread_id = 6, gam operation = GAM_TRY_RLOCK, elapsed_time = 472 ms
thread_id = 6, gam operation = GAM_TRY_WLOCK, elapsed_time = 785 ms
thread_id = 6, gam operation = GAM_UNLOCK, elapsed_time = 877 ms
thread_id = 6, gam operation = GAM_MALLOC, elapsed_time = 6576 ms
thread_id = 7, gam operation = GAM_READ, elapsed_time = 564 ms
thread_id = 7, gam operation = GAM_WRITE, elapsed_time = 452 ms
thread_id = 7, gam operation = GAM_TRY_RLOCK, elapsed_time = 457 ms
thread_id = 7, gam operation = GAM_TRY_WLOCK, elapsed_time = 799 ms
thread_id = 7, gam operation = GAM_UNLOCK, elapsed_time = 942 ms
thread_id = 7, gam operation = GAM_MALLOC, elapsed_time = 6522 ms

gam operation = GAM_READ, avg elapsed_time = 589 ms
gam operation = GAM_WRITE, avg elapsed_time = 457 ms
gam operation = GAM_TRY_RLOCK, avg elapsed_time = 461 ms
gam operation = GAM_TRY_WLOCK, avg elapsed_time = 774 ms
gam operation = GAM_UNLOCK, avg elapsed_time = 885 ms
gam operation = GAM_MALLOC, avg elapsed_time = 6564 ms
**********END GAM_OPERATION PROFILING REPORT**********

total_count=190286,total_abort_count=169280,throughput=13.7779,thread_count_=8,elapsed_time=13811
total_count=180983,total_abort_count=156806,throughput=19.6742,thread_count_=8,elapsed_time=9199
total_count=197177,total_abort_count=180778,throughput=21.8551,thread_count_=8,elapsed_time=9022
==================== perf statistics summary ====================
agg_total_count	568446
agg_total_abort_count	506864
abort_rate	0.891664
per_node_elapsed_time	10677.333333
total_throughput	55.307194
per_node_throughput	18.435731
per_core_throughput	2.304466
==================== end ====================
prepare to exit...
over..
