server name=lab505-158,port_no=11111
server name=lab505-159,port_no=11111
server name=lab505-160,port_no=11111
============= tpcc_scale_params ===========
num_warehouses=12,starting_warehouse_=1,ending_warehouse_=4
partition_id_0
scale_factor_=1
num_items_=100000
num_districts_per_warehouse_=10
num_customers_per_district_=3000
num_new_orders_per_district_=900
dist_ratio=60, gStandard=1, gForceRandomAccess=0, gTimeLocality=0, gReadRatio=0
============= end ===========
GAllocator config info: is_master=1,master_ip=10.77.110.158,master_port=12345,worker_ip=10.77.110.158,worker_port=12346
[1543410] 08 Jan 12:09:55.948 - [worker.cc:117-Worker()] LRU eviction is enabled, max cache lines = 5033164, reserved mem size = 17179869184, cache_percentage = 0.150000, block_size = 512
create default gallocator
storage_addr=281475022798848
monotone_ts_addr=281474988244480
start population
table_id=0, size=45.2MB
table_id=1, size=163.6MB
table_id=2, size=0.000576MB
table_id=3, size=0.00608MB
table_id=4, size=0.00052MB
table_id=5, size=0.468MB
table_id=6, size=4.44MB
table_id=7, size=92.2919MB
table_id=8, size=92.16MB
table_id=9, size=8.28MB
populate elapsed time=60486ms
**********BEGIN EXECUTION PROFILING REPORT**********

avg execution_time = 0 ms
**********END EXECUTION PROFILING REPORT**********

**********BEGIN PHASE PROFILING REPORT**********
thread_id = 0, phase = INDEX_INSERT_LOCK, elapsed_time = 2770 ms
thread_id = 0, phase = INDEX_INSERT_MUTATE, elapsed_time = 41323 ms
thread_id = 0, phase = INDEX_INSERT_GALLOCATE, elapsed_time = 1079 ms

phase = INDEX_INSERT_LOCK, avg elapsed_time = 346 ms
phase = INDEX_INSERT_MUTATE, avg elapsed_time = 5165 ms
phase = INDEX_INSERT_GALLOCATE, avg elapsed_time = 134 ms
**********END PHASE PROFILING REPORT**********

**********BEGIN CC ABORT TIME PROFILING REPORT**********

avg abort time = 0 ms
**********END CC ABORT TIME PROFILING REPORT**********

**********BEGIN CC TS ALLOC TIME PROFILING REPORT**********
**********END CC TS ALLOC TIME PROFILING REPORT**********

**********BEGIN GAM_OPERATION PROFILING REPORT(NOT INCLUDE INDEX RELATED OPERATIONS)**********

**********END GAM_OPERATION PROFILING REPORT**********

read/write access count
total_read_access_count	1247805
total_write_access_count	2774970
total_read_ratio	0.310185
source elapsed time=320ms
start process query
start processing...
execute_count=189312, abort_count=189442, abort_rate=1.00068
elapsed time=21174ms.
throughput=8.94078K tps.
per-core throughput=1.1176K tps.
**********BEGIN EXECUTION PROFILING REPORT**********
thread_id = 0, txn_id = 1, execution_time = 19037 ms
thread_id = 0, txn_id = 2, execution_time = 2133 ms
thread_id = 0, execution_time_total = 21170 ms
thread_id = 1, txn_id = 1, execution_time = 18932 ms
thread_id = 1, txn_id = 2, execution_time = 2238 ms
thread_id = 1, execution_time_total = 21170 ms
thread_id = 2, txn_id = 1, execution_time = 18736 ms
thread_id = 2, txn_id = 2, execution_time = 2434 ms
thread_id = 2, execution_time_total = 21170 ms
thread_id = 3, txn_id = 1, execution_time = 18662 ms
thread_id = 3, txn_id = 2, execution_time = 2508 ms
thread_id = 3, execution_time_total = 21170 ms
thread_id = 4, txn_id = 1, execution_time = 18846 ms
thread_id = 4, txn_id = 2, execution_time = 2324 ms
thread_id = 4, execution_time_total = 21170 ms
thread_id = 5, txn_id = 1, execution_time = 18999 ms
thread_id = 5, txn_id = 2, execution_time = 2171 ms
thread_id = 5, execution_time_total = 21170 ms
thread_id = 6, txn_id = 1, execution_time = 18798 ms
thread_id = 6, txn_id = 2, execution_time = 2373 ms
thread_id = 6, execution_time_total = 21171 ms
thread_id = 7, txn_id = 1, execution_time = 18776 ms
thread_id = 7, txn_id = 2, execution_time = 2394 ms
thread_id = 7, execution_time_total = 21170 ms

avg execution_time = 21170 ms
**********END EXECUTION PROFILING REPORT**********

**********BEGIN PHASE PROFILING REPORT**********
thread_id = 0, phase = INDEX_READ, elapsed_time = 6893 ms
thread_id = 0, phase = CC_SELECT, elapsed_time = 11729 ms
thread_id = 0, phase = CC_INSERT, elapsed_time = 185 ms
thread_id = 0, phase = CC_COMMIT, elapsed_time = 1077 ms
thread_id = 0, phase = CC_ABORT, elapsed_time = 107 ms
thread_id = 1, phase = INDEX_READ, elapsed_time = 6786 ms
thread_id = 1, phase = CC_SELECT, elapsed_time = 11910 ms
thread_id = 1, phase = CC_INSERT, elapsed_time = 167 ms
thread_id = 1, phase = CC_COMMIT, elapsed_time = 993 ms
thread_id = 1, phase = CC_ABORT, elapsed_time = 102 ms
thread_id = 2, phase = INDEX_READ, elapsed_time = 6463 ms
thread_id = 2, phase = CC_SELECT, elapsed_time = 12232 ms
thread_id = 2, phase = CC_INSERT, elapsed_time = 168 ms
thread_id = 2, phase = CC_COMMIT, elapsed_time = 1029 ms
thread_id = 2, phase = CC_ABORT, elapsed_time = 117 ms
thread_id = 3, phase = INDEX_READ, elapsed_time = 6496 ms
thread_id = 3, phase = CC_SELECT, elapsed_time = 11856 ms
thread_id = 3, phase = CC_INSERT, elapsed_time = 179 ms
thread_id = 3, phase = CC_COMMIT, elapsed_time = 1126 ms
thread_id = 3, phase = CC_ABORT, elapsed_time = 118 ms
thread_id = 4, phase = INDEX_READ, elapsed_time = 6838 ms
thread_id = 4, phase = CC_SELECT, elapsed_time = 11680 ms
thread_id = 4, phase = CC_INSERT, elapsed_time = 178 ms
thread_id = 4, phase = CC_COMMIT, elapsed_time = 984 ms
thread_id = 4, phase = CC_ABORT, elapsed_time = 91 ms
thread_id = 5, phase = INDEX_READ, elapsed_time = 6864 ms
thread_id = 5, phase = CC_SELECT, elapsed_time = 11693 ms
thread_id = 5, phase = CC_INSERT, elapsed_time = 173 ms
thread_id = 5, phase = CC_COMMIT, elapsed_time = 990 ms
thread_id = 5, phase = CC_ABORT, elapsed_time = 91 ms
thread_id = 6, phase = INDEX_READ, elapsed_time = 6628 ms
thread_id = 6, phase = CC_SELECT, elapsed_time = 11937 ms
thread_id = 6, phase = CC_INSERT, elapsed_time = 176 ms
thread_id = 6, phase = CC_COMMIT, elapsed_time = 1017 ms
thread_id = 6, phase = CC_ABORT, elapsed_time = 125 ms
thread_id = 7, phase = INDEX_READ, elapsed_time = 6334 ms
thread_id = 7, phase = CC_SELECT, elapsed_time = 12016 ms
thread_id = 7, phase = CC_INSERT, elapsed_time = 172 ms
thread_id = 7, phase = CC_COMMIT, elapsed_time = 1123 ms
thread_id = 7, phase = CC_ABORT, elapsed_time = 113 ms

phase = INDEX_READ, avg elapsed_time = 6662 ms
phase = CC_SELECT, avg elapsed_time = 11881 ms
phase = CC_INSERT, avg elapsed_time = 174 ms
phase = CC_COMMIT, avg elapsed_time = 1042 ms
phase = CC_ABORT, avg elapsed_time = 108 ms
**********END PHASE PROFILING REPORT**********

**********BEGIN CC ABORT TIME PROFILING REPORT**********
thread_id = 0, abort_time = 1549 ms
thread_id = 1, abort_time = 1452 ms
thread_id = 2, abort_time = 1594 ms
thread_id = 3, abort_time = 1629 ms
thread_id = 4, abort_time = 1532 ms
thread_id = 5, abort_time = 1586 ms
thread_id = 6, abort_time = 1691 ms
thread_id = 7, abort_time = 1709 ms

avg abort time = 1592 ms
**********END CC ABORT TIME PROFILING REPORT**********

**********BEGIN CC TS ALLOC TIME PROFILING REPORT**********
**********END CC TS ALLOC TIME PROFILING REPORT**********

**********BEGIN GAM_OPERATION PROFILING REPORT(NOT INCLUDE INDEX RELATED OPERATIONS)**********
thread_id = 0, gam operation = GAM_READ, elapsed_time = 488 ms
thread_id = 0, gam operation = GAM_WRITE, elapsed_time = 387 ms
thread_id = 0, gam operation = GAM_TRY_RLOCK, elapsed_time = 689 ms
thread_id = 0, gam operation = GAM_TRY_WLOCK, elapsed_time = 10565 ms
thread_id = 0, gam operation = GAM_UNLOCK, elapsed_time = 832 ms
thread_id = 0, gam operation = GAM_MALLOC, elapsed_time = 538 ms
thread_id = 1, gam operation = GAM_READ, elapsed_time = 430 ms
thread_id = 1, gam operation = GAM_WRITE, elapsed_time = 370 ms
thread_id = 1, gam operation = GAM_TRY_RLOCK, elapsed_time = 656 ms
thread_id = 1, gam operation = GAM_TRY_WLOCK, elapsed_time = 10827 ms
thread_id = 1, gam operation = GAM_UNLOCK, elapsed_time = 755 ms
thread_id = 1, gam operation = GAM_MALLOC, elapsed_time = 637 ms
thread_id = 2, gam operation = GAM_READ, elapsed_time = 445 ms
thread_id = 2, gam operation = GAM_WRITE, elapsed_time = 372 ms
thread_id = 2, gam operation = GAM_TRY_RLOCK, elapsed_time = 636 ms
thread_id = 2, gam operation = GAM_TRY_WLOCK, elapsed_time = 11131 ms
thread_id = 2, gam operation = GAM_UNLOCK, elapsed_time = 792 ms
thread_id = 2, gam operation = GAM_MALLOC, elapsed_time = 571 ms
thread_id = 3, gam operation = GAM_READ, elapsed_time = 509 ms
thread_id = 3, gam operation = GAM_WRITE, elapsed_time = 390 ms
thread_id = 3, gam operation = GAM_TRY_RLOCK, elapsed_time = 752 ms
thread_id = 3, gam operation = GAM_TRY_WLOCK, elapsed_time = 10594 ms
thread_id = 3, gam operation = GAM_UNLOCK, elapsed_time = 878 ms
thread_id = 3, gam operation = GAM_MALLOC, elapsed_time = 764 ms
thread_id = 4, gam operation = GAM_READ, elapsed_time = 428 ms
thread_id = 4, gam operation = GAM_WRITE, elapsed_time = 359 ms
thread_id = 4, gam operation = GAM_TRY_RLOCK, elapsed_time = 682 ms
thread_id = 4, gam operation = GAM_TRY_WLOCK, elapsed_time = 10570 ms
thread_id = 4, gam operation = GAM_UNLOCK, elapsed_time = 742 ms
thread_id = 4, gam operation = GAM_MALLOC, elapsed_time = 772 ms
thread_id = 5, gam operation = GAM_READ, elapsed_time = 422 ms
thread_id = 5, gam operation = GAM_WRITE, elapsed_time = 357 ms
thread_id = 5, gam operation = GAM_TRY_RLOCK, elapsed_time = 725 ms
thread_id = 5, gam operation = GAM_TRY_WLOCK, elapsed_time = 10541 ms
thread_id = 5, gam operation = GAM_UNLOCK, elapsed_time = 743 ms
thread_id = 5, gam operation = GAM_MALLOC, elapsed_time = 764 ms
thread_id = 6, gam operation = GAM_READ, elapsed_time = 444 ms
thread_id = 6, gam operation = GAM_WRITE, elapsed_time = 375 ms
thread_id = 6, gam operation = GAM_TRY_RLOCK, elapsed_time = 649 ms
thread_id = 6, gam operation = GAM_TRY_WLOCK, elapsed_time = 10829 ms
thread_id = 6, gam operation = GAM_UNLOCK, elapsed_time = 789 ms
thread_id = 6, gam operation = GAM_MALLOC, elapsed_time = 614 ms
thread_id = 7, gam operation = GAM_READ, elapsed_time = 511 ms
thread_id = 7, gam operation = GAM_WRITE, elapsed_time = 409 ms
thread_id = 7, gam operation = GAM_TRY_RLOCK, elapsed_time = 712 ms
thread_id = 7, gam operation = GAM_TRY_WLOCK, elapsed_time = 10775 ms
thread_id = 7, gam operation = GAM_UNLOCK, elapsed_time = 857 ms
thread_id = 7, gam operation = GAM_MALLOC, elapsed_time = 714 ms

gam operation = GAM_READ, avg elapsed_time = 459 ms
gam operation = GAM_WRITE, avg elapsed_time = 377 ms
gam operation = GAM_TRY_RLOCK, avg elapsed_time = 687 ms
gam operation = GAM_TRY_WLOCK, avg elapsed_time = 10729 ms
gam operation = GAM_UNLOCK, avg elapsed_time = 798 ms
gam operation = GAM_MALLOC, avg elapsed_time = 671 ms
**********END GAM_OPERATION PROFILING REPORT**********

start process query
start processing...
execute_count=189880, abort_count=187500, abort_rate=0.987461
elapsed time=21116ms.
throughput=8.99223K tps.
per-core throughput=1.12403K tps.
**********BEGIN EXECUTION PROFILING REPORT**********
thread_id = 0, txn_id = 1, execution_time = 19315 ms
thread_id = 0, txn_id = 2, execution_time = 1797 ms
thread_id = 0, execution_time_total = 21112 ms
thread_id = 1, txn_id = 1, execution_time = 19245 ms
thread_id = 1, txn_id = 2, execution_time = 1868 ms
thread_id = 1, execution_time_total = 21113 ms
thread_id = 2, txn_id = 1, execution_time = 16453 ms
thread_id = 2, txn_id = 2, execution_time = 4659 ms
thread_id = 2, execution_time_total = 21112 ms
thread_id = 3, txn_id = 1, execution_time = 16796 ms
thread_id = 3, txn_id = 2, execution_time = 4317 ms
thread_id = 3, execution_time_total = 21113 ms
thread_id = 4, txn_id = 1, execution_time = 19404 ms
thread_id = 4, txn_id = 2, execution_time = 1708 ms
thread_id = 4, execution_time_total = 21112 ms
thread_id = 5, txn_id = 1, execution_time = 19412 ms
thread_id = 5, txn_id = 2, execution_time = 1699 ms
thread_id = 5, execution_time_total = 21111 ms
thread_id = 6, txn_id = 1, execution_time = 19302 ms
thread_id = 6, txn_id = 2, execution_time = 1810 ms
thread_id = 6, execution_time_total = 21112 ms
thread_id = 7, txn_id = 1, execution_time = 19206 ms
thread_id = 7, txn_id = 2, execution_time = 1905 ms
thread_id = 7, execution_time_total = 21111 ms

avg execution_time = 21112 ms
**********END EXECUTION PROFILING REPORT**********

**********BEGIN PHASE PROFILING REPORT**********
thread_id = 0, phase = INDEX_READ, elapsed_time = 2613 ms
thread_id = 0, phase = CC_SELECT, elapsed_time = 16146 ms
thread_id = 0, phase = CC_INSERT, elapsed_time = 163 ms
thread_id = 0, phase = CC_COMMIT, elapsed_time = 986 ms
thread_id = 0, phase = CC_ABORT, elapsed_time = 86 ms
thread_id = 1, phase = INDEX_READ, elapsed_time = 2432 ms
thread_id = 1, phase = CC_SELECT, elapsed_time = 16328 ms
thread_id = 1, phase = CC_INSERT, elapsed_time = 165 ms
thread_id = 1, phase = CC_COMMIT, elapsed_time = 999 ms
thread_id = 1, phase = CC_ABORT, elapsed_time = 86 ms
thread_id = 2, phase = INDEX_READ, elapsed_time = 2225 ms
thread_id = 2, phase = CC_SELECT, elapsed_time = 13702 ms
thread_id = 2, phase = CC_INSERT, elapsed_time = 165 ms
thread_id = 2, phase = CC_COMMIT, elapsed_time = 1019 ms
thread_id = 2, phase = CC_ABORT, elapsed_time = 98 ms
thread_id = 3, phase = INDEX_READ, elapsed_time = 2438 ms
thread_id = 3, phase = CC_SELECT, elapsed_time = 16461 ms
thread_id = 3, phase = CC_INSERT, elapsed_time = 166 ms
thread_id = 3, phase = CC_COMMIT, elapsed_time = 986 ms
thread_id = 3, phase = CC_ABORT, elapsed_time = 95 ms
thread_id = 4, phase = INDEX_READ, elapsed_time = 2411 ms
thread_id = 4, phase = CC_SELECT, elapsed_time = 16192 ms
thread_id = 4, phase = CC_INSERT, elapsed_time = 168 ms
thread_id = 4, phase = CC_COMMIT, elapsed_time = 1000 ms
thread_id = 4, phase = CC_ABORT, elapsed_time = 85 ms
thread_id = 5, phase = INDEX_READ, elapsed_time = 2397 ms
thread_id = 5, phase = CC_SELECT, elapsed_time = 16595 ms
thread_id = 5, phase = CC_INSERT, elapsed_time = 168 ms
thread_id = 5, phase = CC_COMMIT, elapsed_time = 1001 ms
thread_id = 5, phase = CC_ABORT, elapsed_time = 86 ms
thread_id = 6, phase = INDEX_READ, elapsed_time = 2392 ms
thread_id = 6, phase = CC_SELECT, elapsed_time = 13420 ms
thread_id = 6, phase = CC_INSERT, elapsed_time = 181 ms
thread_id = 6, phase = CC_COMMIT, elapsed_time = 1140 ms
thread_id = 6, phase = CC_ABORT, elapsed_time = 102 ms
thread_id = 7, phase = INDEX_READ, elapsed_time = 3231 ms
thread_id = 7, phase = CC_SELECT, elapsed_time = 14327 ms
thread_id = 7, phase = CC_INSERT, elapsed_time = 172 ms
thread_id = 7, phase = CC_COMMIT, elapsed_time = 1135 ms
thread_id = 7, phase = CC_ABORT, elapsed_time = 651 ms

phase = INDEX_READ, avg elapsed_time = 2517 ms
phase = CC_SELECT, avg elapsed_time = 15396 ms
phase = CC_INSERT, avg elapsed_time = 168 ms
phase = CC_COMMIT, avg elapsed_time = 1033 ms
phase = CC_ABORT, avg elapsed_time = 161 ms
**********END PHASE PROFILING REPORT**********

**********BEGIN CC ABORT TIME PROFILING REPORT**********
thread_id = 0, abort_time = 1354 ms
thread_id = 1, abort_time = 4010 ms
thread_id = 2, abort_time = 1506 ms
thread_id = 3, abort_time = 1348 ms
thread_id = 4, abort_time = 1420 ms
thread_id = 5, abort_time = 3891 ms
thread_id = 6, abort_time = 1324 ms
thread_id = 7, abort_time = 3954 ms

avg abort time = 2350 ms
**********END CC ABORT TIME PROFILING REPORT**********

**********BEGIN CC TS ALLOC TIME PROFILING REPORT**********
**********END CC TS ALLOC TIME PROFILING REPORT**********

**********BEGIN GAM_OPERATION PROFILING REPORT(NOT INCLUDE INDEX RELATED OPERATIONS)**********
thread_id = 0, gam operation = GAM_READ, elapsed_time = 458 ms
thread_id = 0, gam operation = GAM_WRITE, elapsed_time = 393 ms
thread_id = 0, gam operation = GAM_TRY_RLOCK, elapsed_time = 544 ms
thread_id = 0, gam operation = GAM_TRY_WLOCK, elapsed_time = 15182 ms
thread_id = 0, gam operation = GAM_UNLOCK, elapsed_time = 730 ms
thread_id = 0, gam operation = GAM_MALLOC, elapsed_time = 597 ms
thread_id = 1, gam operation = GAM_READ, elapsed_time = 455 ms
thread_id = 1, gam operation = GAM_WRITE, elapsed_time = 391 ms
thread_id = 1, gam operation = GAM_TRY_RLOCK, elapsed_time = 576 ms
thread_id = 1, gam operation = GAM_TRY_WLOCK, elapsed_time = 15321 ms
thread_id = 1, gam operation = GAM_UNLOCK, elapsed_time = 730 ms
thread_id = 1, gam operation = GAM_MALLOC, elapsed_time = 569 ms
thread_id = 2, gam operation = GAM_READ, elapsed_time = 474 ms
thread_id = 2, gam operation = GAM_WRITE, elapsed_time = 392 ms
thread_id = 2, gam operation = GAM_TRY_RLOCK, elapsed_time = 563 ms
thread_id = 2, gam operation = GAM_TRY_WLOCK, elapsed_time = 12673 ms
thread_id = 2, gam operation = GAM_UNLOCK, elapsed_time = 757 ms
thread_id = 2, gam operation = GAM_MALLOC, elapsed_time = 3324 ms
thread_id = 3, gam operation = GAM_READ, elapsed_time = 463 ms
thread_id = 3, gam operation = GAM_WRITE, elapsed_time = 386 ms
thread_id = 3, gam operation = GAM_TRY_RLOCK, elapsed_time = 618 ms
thread_id = 3, gam operation = GAM_TRY_WLOCK, elapsed_time = 15401 ms
thread_id = 3, gam operation = GAM_UNLOCK, elapsed_time = 726 ms
thread_id = 3, gam operation = GAM_MALLOC, elapsed_time = 393 ms
thread_id = 4, gam operation = GAM_READ, elapsed_time = 465 ms
thread_id = 4, gam operation = GAM_WRITE, elapsed_time = 393 ms
thread_id = 4, gam operation = GAM_TRY_RLOCK, elapsed_time = 650 ms
thread_id = 4, gam operation = GAM_TRY_WLOCK, elapsed_time = 15102 ms
thread_id = 4, gam operation = GAM_UNLOCK, elapsed_time = 730 ms
thread_id = 4, gam operation = GAM_MALLOC, elapsed_time = 654 ms
thread_id = 5, gam operation = GAM_READ, elapsed_time = 447 ms
thread_id = 5, gam operation = GAM_WRITE, elapsed_time = 384 ms
thread_id = 5, gam operation = GAM_TRY_RLOCK, elapsed_time = 5868 ms
thread_id = 5, gam operation = GAM_TRY_WLOCK, elapsed_time = 10290 ms
thread_id = 5, gam operation = GAM_UNLOCK, elapsed_time = 724 ms
thread_id = 5, gam operation = GAM_MALLOC, elapsed_time = 356 ms
thread_id = 6, gam operation = GAM_READ, elapsed_time = 525 ms
thread_id = 6, gam operation = GAM_WRITE, elapsed_time = 410 ms
thread_id = 6, gam operation = GAM_TRY_RLOCK, elapsed_time = 636 ms
thread_id = 6, gam operation = GAM_TRY_WLOCK, elapsed_time = 12270 ms
thread_id = 6, gam operation = GAM_UNLOCK, elapsed_time = 871 ms
thread_id = 6, gam operation = GAM_MALLOC, elapsed_time = 3355 ms
thread_id = 7, gam operation = GAM_READ, elapsed_time = 691 ms
thread_id = 7, gam operation = GAM_WRITE, elapsed_time = 410 ms
thread_id = 7, gam operation = GAM_TRY_RLOCK, elapsed_time = 842 ms
thread_id = 7, gam operation = GAM_TRY_WLOCK, elapsed_time = 12610 ms
thread_id = 7, gam operation = GAM_UNLOCK, elapsed_time = 1303 ms
thread_id = 7, gam operation = GAM_MALLOC, elapsed_time = 539 ms

gam operation = GAM_READ, avg elapsed_time = 497 ms
gam operation = GAM_WRITE, avg elapsed_time = 394 ms
gam operation = GAM_TRY_RLOCK, avg elapsed_time = 1287 ms
gam operation = GAM_TRY_WLOCK, avg elapsed_time = 13606 ms
gam operation = GAM_UNLOCK, avg elapsed_time = 821 ms
gam operation = GAM_MALLOC, avg elapsed_time = 1223 ms
**********END GAM_OPERATION PROFILING REPORT**********

total_count=189880,total_abort_count=187500,throughput=8.99223,thread_count_=8,elapsed_time=21116
total_count=189342,total_abort_count=204051,throughput=8.39803,thread_count_=8,elapsed_time=22546
total_count=193811,total_abort_count=435901,throughput=9.0195,thread_count_=8,elapsed_time=21488
==================== perf statistics summary ====================
agg_total_count	573033
agg_total_abort_count	827452
abort_rate	1.443984
per_node_elapsed_time	21716.666667
total_throughput	26.409763
per_node_throughput	8.803254
per_core_throughput	1.100407
==================== end ====================
prepare to exit...
over..
