server name=lab505-158,port_no=11111
server name=lab505-159,port_no=11111
server name=lab505-160,port_no=11111
============= tpcc_scale_params ===========
num_warehouses=32,starting_warehouse_=1,ending_warehouse_=11
partition_id_0
scale_factor_=10
num_items_=10000
num_districts_per_warehouse_=10
num_customers_per_district_=300
num_new_orders_per_district_=90
dist_ratio=20, gStandard=1, gForceRandomAccess=0, gTimeLocality=0, gReadRatio=0
============= end ===========
GAllocator config info: is_master=1,master_ip=10.77.110.158,master_port=12345,worker_ip=10.77.110.158,worker_port=12346
[1239761] 04 Jan 12:48:30.486 - [worker.cc:117-Worker()] LRU eviction is enabled, max cache lines = 5033164, reserved mem size = 17179869184, cache_percentage = 0.150000, block_size = 512
create default gallocator
create epoch gallocator
storage_addr=281475022798848
epoch_addr=281474988244480
monotone_ts_addr=281474988243968
start population
table_id=0, size=12.43MB
table_id=1, size=44.99MB
table_id=2, size=0.001584MB
table_id=3, size=0.01672MB
table_id=4, size=0.00143MB
table_id=5, size=0.1287MB
table_id=6, size=1.221MB
table_id=7, size=25.4296MB
table_id=8, size=25.344MB
table_id=9, size=2.277MB
populate elapsed time=5134ms
read/write access count
total_read_access_count	1250597
total_write_access_count	2779944
total_read_ratio	0.31028
source elapsed time=346ms
start process query
start processing...
execute_count=188428, abort_count=818, abort_rate=0.00434116
elapsed time=13456ms.
throughput=14.0033K tps.
per-core throughput=3.50082K tps.
start process query
start processing...
execute_count=191648, abort_count=733, abort_rate=0.0038247
elapsed time=10511ms.
throughput=18.2331K tps.
per-core throughput=4.55827K tps.
total_count=191648,total_abort_count=733,throughput=18.2331,thread_count_=4,elapsed_time=10511
total_count=194145,total_abort_count=739,throughput=17.0857,thread_count_=4,elapsed_time=11363
total_count=194272,total_abort_count=678,throughput=17.1482,thread_count_=4,elapsed_time=11329
==================== perf statistics summary ====================
agg_total_count	580065
agg_total_abort_count	2150
abort_rate	0.003706
per_node_elapsed_time	11067.666667
total_throughput	52.467010
per_node_throughput	17.489003
per_core_throughput	4.372251
==================== end ====================
prepare to exit...
over..
