server name=lab505-158,port_no=11111
server name=lab505-159,port_no=11111
server name=lab505-160,port_no=11111
============= tpcc_scale_params ===========
num_warehouses=32,starting_warehouse_=1,ending_warehouse_=11
partition_id_0
scale_factor_=10
num_items_=10000
num_districts_per_warehouse_=10
num_customers_per_district_=300
num_new_orders_per_district_=90
dist_ratio=60, gStandard=1, gForceRandomAccess=0, gTimeLocality=0, gReadRatio=0
============= end ===========
GAllocator config info: is_master=1,master_ip=10.77.110.158,master_port=12345,worker_ip=10.77.110.158,worker_port=12346
[1240037] 04 Jan 12:50:14.562 - [worker.cc:117-Worker()] LRU eviction is enabled, max cache lines = 5033164, reserved mem size = 17179869184, cache_percentage = 0.150000, block_size = 512
create default gallocator
create epoch gallocator
storage_addr=281475022798848
epoch_addr=281474988244480
monotone_ts_addr=281474988243968
start population
table_id=0, size=12.43MB
table_id=1, size=44.99MB
table_id=2, size=0.001584MB
table_id=3, size=0.01672MB
table_id=4, size=0.00143MB
table_id=5, size=0.1287MB
table_id=6, size=1.221MB
table_id=7, size=25.4296MB
table_id=8, size=25.344MB
table_id=9, size=2.277MB
populate elapsed time=5118ms
read/write access count
total_read_access_count	1251807
total_write_access_count	2782584
total_read_ratio	0.310284
source elapsed time=356ms
start process query
start processing...
execute_count=193015, abort_count=1981, abort_rate=0.0102634
elapsed time=18219ms.
throughput=10.5942K tps.
per-core throughput=2.64854K tps.
start process query
start processing...
execute_count=195169, abort_count=1949, abort_rate=0.00998617
elapsed time=14797ms.
throughput=13.1898K tps.
per-core throughput=3.29744K tps.
total_count=195169,total_abort_count=1949,throughput=13.1898,thread_count_=4,elapsed_time=14797
total_count=196656,total_abort_count=2022,throughput=12.4853,thread_count_=4,elapsed_time=15751
total_count=198021,total_abort_count=1978,throughput=12.6072,thread_count_=4,elapsed_time=15707
==================== perf statistics summary ====================
agg_total_count	589846
agg_total_abort_count	5949
abort_rate	0.010086
per_node_elapsed_time	15418.333333
total_throughput	38.282252
per_node_throughput	12.760751
per_core_throughput	3.190188
==================== end ====================
prepare to exit...
over..
