server name=lab505-158,port_no=11111
server name=lab505-159,port_no=11111
server name=lab505-160,port_no=11111
============= tpcc_scale_params ===========
num_warehouses=32,starting_warehouse_=1,ending_warehouse_=11
partition_id_0
scale_factor_=10
num_items_=10000
num_districts_per_warehouse_=10
num_customers_per_district_=300
num_new_orders_per_district_=90
dist_ratio=80, gStandard=1, gForceRandomAccess=0, gTimeLocality=0, gReadRatio=0
============= end ===========
GAllocator config info: is_master=1,master_ip=10.77.110.158,master_port=12345,worker_ip=10.77.110.158,worker_port=12346
[1240193] 04 Jan 12:51:14.385 - [worker.cc:117-Worker()] LRU eviction is enabled, max cache lines = 5033164, reserved mem size = 17179869184, cache_percentage = 0.150000, block_size = 512
create default gallocator
create epoch gallocator
storage_addr=281475022798848
epoch_addr=281474988244480
monotone_ts_addr=281474988243968
start population
table_id=0, size=12.43MB
table_id=1, size=44.99MB
table_id=2, size=0.001584MB
table_id=3, size=0.01672MB
table_id=4, size=0.00143MB
table_id=5, size=0.1287MB
table_id=6, size=1.221MB
table_id=7, size=25.4296MB
table_id=8, size=25.344MB
table_id=9, size=2.277MB
populate elapsed time=5025ms
read/write access count
total_read_access_count	1249755
total_write_access_count	2778380
total_read_ratio	0.310256
source elapsed time=357ms
start process query
start processing...
execute_count=194761, abort_count=2373, abort_rate=0.0121841
elapsed time=20367ms.
throughput=9.56258K tps.
per-core throughput=2.39064K tps.
start process query
start processing...
execute_count=198063, abort_count=2117, abort_rate=0.0106885
elapsed time=16789ms.
throughput=11.7972K tps.
per-core throughput=2.9493K tps.
total_count=198063,total_abort_count=2117,throughput=11.7972,thread_count_=4,elapsed_time=16789
total_count=197846,total_abort_count=2189,throughput=11.2381,thread_count_=4,elapsed_time=17605
total_count=190952,total_abort_count=2350,throughput=9.808,thread_count_=4,elapsed_time=19469
==================== perf statistics summary ====================
agg_total_count	586861
agg_total_abort_count	6656
abort_rate	0.011342
per_node_elapsed_time	17954.333333
total_throughput	32.843248
per_node_throughput	10.947749
per_core_throughput	2.736937
==================== end ====================
prepare to exit...
over..
