server name=lab505-158,port_no=11111
============= tpcc_scale_params ===========
num_warehouses=1,starting_warehouse_=1,ending_warehouse_=1
partition_id_0
scale_factor_=10
num_items_=10000
num_districts_per_warehouse_=10
num_customers_per_district_=300
num_new_orders_per_district_=90
dist_ratio=1, gStandard=1, gForceRandomAccess=0, gTimeLocality=0, gReadRatio=0
============= end ===========
GAllocator config info: is_master=1,master_ip=10.77.110.158,master_port=12345,worker_ip=10.77.110.158,worker_port=12346
[1638208] 10 Jan 08:35:55.385 - [worker.cc:117-Worker()] LRU eviction is enabled, max cache lines = 5033164, reserved mem size = 17179869184, cache_percentage = 0.150000, block_size = 512
create default gallocator
storage_addr=281475022798848
monotone_ts_addr=281474988244480
start population
table_id=0, size=1.13MB
table_id=1, size=4.09MB
table_id=2, size=0.000144MB
table_id=3, size=0.00152MB
table_id=4, size=0.00013MB
table_id=5, size=0.0117MB
table_id=6, size=0.111MB
table_id=7, size=2.3137MB
table_id=8, size=2.304MB
table_id=9, size=0.207MB
populate elapsed time=351ms
read/write access count
total_read_access_count	1241969
total_write_access_count	2766193
total_read_ratio	0.30986
source elapsed time=311ms
start process query
start processing...
execute_count=200000, abort_count=0, abort_rate=0
elapsed time=5713ms.
throughput=35.0079K tps.
per-core throughput=35.0079K tps.
start process query
start processing...
execute_count=200000, abort_count=0, abort_rate=0
elapsed time=5814ms.
throughput=34.3997K tps.
per-core throughput=34.3997K tps.
total_count=200000,total_abort_count=0,throughput=34.3997,thread_count_=1,elapsed_time=5814
==================== perf statistics summary ====================
agg_total_count	200000
agg_total_abort_count	0
abort_rate	0.000000
per_node_elapsed_time	5814.000000
total_throughput	34.399725
per_node_throughput	34.399725
per_core_throughput	34.399725
==================== end ====================
prepare to exit...
over..
