server name=lab505-158,port_no=11111
============= tpcc_scale_params ===========
num_warehouses=15,starting_warehouse_=1,ending_warehouse_=15
partition_id_0
scale_factor_=10
num_items_=10000
num_districts_per_warehouse_=10
num_customers_per_district_=300
num_new_orders_per_district_=90
dist_ratio=1, gStandard=1, gForceRandomAccess=0, gTimeLocality=0, gReadRatio=0
============= end ===========
GAllocator config info: is_master=1,master_ip=10.77.110.158,master_port=12345,worker_ip=10.77.110.158,worker_port=12346
[1638608] 10 Jan 08:37:01.832 - [worker.cc:117-Worker()] LRU eviction is enabled, max cache lines = 5033164, reserved mem size = 17179869184, cache_percentage = 0.150000, block_size = 512
create default gallocator
storage_addr=281475022798848
monotone_ts_addr=281474988244480
start population
table_id=0, size=16.95MB
table_id=1, size=61.35MB
table_id=2, size=0.00216MB
table_id=3, size=0.0228MB
table_id=4, size=0.00195MB
table_id=5, size=0.1755MB
table_id=6, size=1.665MB
table_id=7, size=34.6787MB
table_id=8, size=34.56MB
table_id=9, size=3.105MB
populate elapsed time=5449ms
read/write access count
total_read_access_count	1253075
total_write_access_count	2784185
total_read_ratio	0.310378
source elapsed time=388ms
start process query
start processing...
execute_count=143625, abort_count=93, abort_rate=0.000647515
elapsed time=544ms.
throughput=264.017K tps.
per-core throughput=17.6011K tps.
start process query
start processing...
execute_count=147951, abort_count=108, abort_rate=0.000729966
elapsed time=530ms.
throughput=279.153K tps.
per-core throughput=18.6102K tps.
total_count=147951,total_abort_count=108,throughput=279.153,thread_count_=15,elapsed_time=530
==================== perf statistics summary ====================
agg_total_count	147951
agg_total_abort_count	108
abort_rate	0.000730
per_node_elapsed_time	530.000000
total_throughput	279.152830
per_node_throughput	279.152830
per_core_throughput	18.610189
==================== end ====================
prepare to exit...
over..
