server name=lab505-158,port_no=11111
server name=lab505-159,port_no=11111
server name=lab505-160,port_no=11111
============= tpcc_scale_params ===========
num_warehouses=12,starting_warehouse_=1,ending_warehouse_=4
partition_id_0
scale_factor_=1
num_items_=100000
num_districts_per_warehouse_=10
num_customers_per_district_=3000
num_new_orders_per_district_=900
dist_ratio=0, gStandard=1, gForceRandomAccess=0, gTimeLocality=0, gReadRatio=0
============= end ===========
GAllocator config info: is_master=1,master_ip=10.77.110.158,master_port=12345,worker_ip=10.77.110.158,worker_port=12346
[1228060] 04 Jan 09:21:58.012 - [worker.cc:117-Worker()] LRU eviction is enabled, max cache lines = 5033164, reserved mem size = 17179869184, cache_percentage = 0.150000, block_size = 512
create default gallocator
storage_addr=281475022798848
monotone_ts_addr=281474988244480
start population
table_id=0, size=45.2MB
table_id=1, size=163.6MB
table_id=2, size=0.000576MB
table_id=3, size=0.00608MB
table_id=4, size=0.00052MB
table_id=5, size=0.468MB
table_id=6, size=4.44MB
table_id=7, size=92.2919MB
table_id=8, size=92.16MB
table_id=9, size=8.28MB
populate elapsed time=60772ms
**********BEGIN EXECUTION PROFILING REPORT**********

avg execution_time = 0 ms
**********END EXECUTION PROFILING REPORT**********

**********BEGIN PHASE PROFILING REPORT**********
thread_id = 0, phase = INDEX_INSERT_LOCK, elapsed_time = 3531 ms
thread_id = 0, phase = INDEX_INSERT_MUTATE, elapsed_time = 40833 ms
thread_id = 0, phase = INDEX_INSERT_GALLOCATE, elapsed_time = 999 ms

phase = INDEX_INSERT_LOCK, avg elapsed_time = 882 ms
phase = INDEX_INSERT_MUTATE, avg elapsed_time = 10208 ms
phase = INDEX_INSERT_GALLOCATE, avg elapsed_time = 249 ms
**********END PHASE PROFILING REPORT**********

**********BEGIN CC ABORT TIME PROFILING REPORT**********

avg abort time = 0 ms
**********END CC ABORT TIME PROFILING REPORT**********

**********BEGIN CC TS ALLOC TIME PROFILING REPORT**********
**********END CC TS ALLOC TIME PROFILING REPORT**********

**********BEGIN GAM_OPERATION PROFILING REPORT(NOT INCLUDE INDEX RELATED OPERATIONS)**********

**********END GAM_OPERATION PROFILING REPORT**********

read/write access count
total_read_access_count	1245156
total_write_access_count	2771097
total_read_ratio	0.310029
source elapsed time=338ms
start process query
start processing...
execute_count=187385, abort_count=0, abort_rate=0
elapsed time=6654ms.
throughput=28.1613K tps.
per-core throughput=7.04031K tps.
**********BEGIN EXECUTION PROFILING REPORT**********
thread_id = 0, txn_id = 1, execution_time = 6074 ms
thread_id = 0, txn_id = 2, execution_time = 575 ms
thread_id = 0, execution_time_total = 6649 ms
thread_id = 1, txn_id = 1, execution_time = 6090 ms
thread_id = 1, txn_id = 2, execution_time = 559 ms
thread_id = 1, execution_time_total = 6649 ms
thread_id = 2, txn_id = 1, execution_time = 5987 ms
thread_id = 2, txn_id = 2, execution_time = 662 ms
thread_id = 2, execution_time_total = 6649 ms
thread_id = 3, txn_id = 1, execution_time = 6068 ms
thread_id = 3, txn_id = 2, execution_time = 580 ms
thread_id = 3, execution_time_total = 6648 ms

avg execution_time = 6648 ms
**********END EXECUTION PROFILING REPORT**********

**********BEGIN PHASE PROFILING REPORT**********
thread_id = 0, phase = INDEX_READ, elapsed_time = 2529 ms
thread_id = 0, phase = CC_SELECT, elapsed_time = 1246 ms
thread_id = 0, phase = CC_INSERT, elapsed_time = 193 ms
thread_id = 0, phase = CC_COMMIT, elapsed_time = 1313 ms
thread_id = 1, phase = INDEX_READ, elapsed_time = 2494 ms
thread_id = 1, phase = CC_SELECT, elapsed_time = 1267 ms
thread_id = 1, phase = CC_INSERT, elapsed_time = 199 ms
thread_id = 1, phase = CC_COMMIT, elapsed_time = 1322 ms
thread_id = 2, phase = INDEX_READ, elapsed_time = 2187 ms
thread_id = 2, phase = CC_SELECT, elapsed_time = 1391 ms
thread_id = 2, phase = CC_INSERT, elapsed_time = 217 ms
thread_id = 2, phase = CC_COMMIT, elapsed_time = 1440 ms
thread_id = 3, phase = INDEX_READ, elapsed_time = 2141 ms
thread_id = 3, phase = CC_SELECT, elapsed_time = 1399 ms
thread_id = 3, phase = CC_INSERT, elapsed_time = 220 ms
thread_id = 3, phase = CC_COMMIT, elapsed_time = 1471 ms

phase = INDEX_READ, avg elapsed_time = 2337 ms
phase = CC_SELECT, avg elapsed_time = 1325 ms
phase = CC_INSERT, avg elapsed_time = 207 ms
phase = CC_COMMIT, avg elapsed_time = 1386 ms
**********END PHASE PROFILING REPORT**********

**********BEGIN CC ABORT TIME PROFILING REPORT**********

avg abort time = 0 ms
**********END CC ABORT TIME PROFILING REPORT**********

**********BEGIN CC TS ALLOC TIME PROFILING REPORT**********
**********END CC TS ALLOC TIME PROFILING REPORT**********

**********BEGIN GAM_OPERATION PROFILING REPORT(NOT INCLUDE INDEX RELATED OPERATIONS)**********
thread_id = 0, gam operation = GAM_READ, elapsed_time = 354 ms
thread_id = 0, gam operation = GAM_WRITE, elapsed_time = 328 ms
thread_id = 0, gam operation = GAM_TRY_RLOCK, elapsed_time = 316 ms
thread_id = 0, gam operation = GAM_TRY_WLOCK, elapsed_time = 587 ms
thread_id = 0, gam operation = GAM_UNLOCK, elapsed_time = 978 ms
thread_id = 0, gam operation = GAM_MALLOC, elapsed_time = 985 ms
thread_id = 1, gam operation = GAM_READ, elapsed_time = 348 ms
thread_id = 1, gam operation = GAM_WRITE, elapsed_time = 329 ms
thread_id = 1, gam operation = GAM_TRY_RLOCK, elapsed_time = 315 ms
thread_id = 1, gam operation = GAM_TRY_WLOCK, elapsed_time = 591 ms
thread_id = 1, gam operation = GAM_UNLOCK, elapsed_time = 965 ms
thread_id = 1, gam operation = GAM_MALLOC, elapsed_time = 984 ms
thread_id = 2, gam operation = GAM_READ, elapsed_time = 381 ms
thread_id = 2, gam operation = GAM_WRITE, elapsed_time = 362 ms
thread_id = 2, gam operation = GAM_TRY_RLOCK, elapsed_time = 347 ms
thread_id = 2, gam operation = GAM_TRY_WLOCK, elapsed_time = 653 ms
thread_id = 2, gam operation = GAM_UNLOCK, elapsed_time = 1051 ms
thread_id = 2, gam operation = GAM_MALLOC, elapsed_time = 994 ms
thread_id = 3, gam operation = GAM_READ, elapsed_time = 388 ms
thread_id = 3, gam operation = GAM_WRITE, elapsed_time = 368 ms
thread_id = 3, gam operation = GAM_TRY_RLOCK, elapsed_time = 347 ms
thread_id = 3, gam operation = GAM_TRY_WLOCK, elapsed_time = 657 ms
thread_id = 3, gam operation = GAM_UNLOCK, elapsed_time = 1076 ms
thread_id = 3, gam operation = GAM_MALLOC, elapsed_time = 996 ms

gam operation = GAM_READ, avg elapsed_time = 367 ms
gam operation = GAM_WRITE, avg elapsed_time = 346 ms
gam operation = GAM_TRY_RLOCK, avg elapsed_time = 331 ms
gam operation = GAM_TRY_WLOCK, avg elapsed_time = 622 ms
gam operation = GAM_UNLOCK, avg elapsed_time = 1017 ms
gam operation = GAM_MALLOC, avg elapsed_time = 989 ms
**********END GAM_OPERATION PROFILING REPORT**********

start process query
start processing...
execute_count=189516, abort_count=0, abort_rate=0
elapsed time=8563ms.
throughput=22.132K tps.
per-core throughput=5.53299K tps.
**********BEGIN EXECUTION PROFILING REPORT**********
thread_id = 0, txn_id = 1, execution_time = 7949 ms
thread_id = 0, txn_id = 2, execution_time = 609 ms
thread_id = 0, execution_time_total = 8558 ms
thread_id = 1, txn_id = 1, execution_time = 7970 ms
thread_id = 1, txn_id = 2, execution_time = 588 ms
thread_id = 1, execution_time_total = 8558 ms
thread_id = 2, txn_id = 1, execution_time = 7918 ms
thread_id = 2, txn_id = 2, execution_time = 640 ms
thread_id = 2, execution_time_total = 8558 ms
thread_id = 3, txn_id = 1, execution_time = 7936 ms
thread_id = 3, txn_id = 2, execution_time = 622 ms
thread_id = 3, execution_time_total = 8558 ms

avg execution_time = 8558 ms
**********END EXECUTION PROFILING REPORT**********

**********BEGIN PHASE PROFILING REPORT**********
thread_id = 0, phase = INDEX_READ, elapsed_time = 2235 ms
thread_id = 0, phase = CC_SELECT, elapsed_time = 1335 ms
thread_id = 0, phase = CC_INSERT, elapsed_time = 215 ms
thread_id = 0, phase = CC_COMMIT, elapsed_time = 1364 ms
thread_id = 1, phase = INDEX_READ, elapsed_time = 2249 ms
thread_id = 1, phase = CC_SELECT, elapsed_time = 1334 ms
thread_id = 1, phase = CC_INSERT, elapsed_time = 213 ms
thread_id = 1, phase = CC_COMMIT, elapsed_time = 1357 ms
thread_id = 2, phase = INDEX_READ, elapsed_time = 1909 ms
thread_id = 2, phase = CC_SELECT, elapsed_time = 1466 ms
thread_id = 2, phase = CC_INSERT, elapsed_time = 234 ms
thread_id = 2, phase = CC_COMMIT, elapsed_time = 1495 ms
thread_id = 3, phase = INDEX_READ, elapsed_time = 2088 ms
thread_id = 3, phase = CC_SELECT, elapsed_time = 1388 ms
thread_id = 3, phase = CC_INSERT, elapsed_time = 225 ms
thread_id = 3, phase = CC_COMMIT, elapsed_time = 1424 ms

phase = INDEX_READ, avg elapsed_time = 2120 ms
phase = CC_SELECT, avg elapsed_time = 1380 ms
phase = CC_INSERT, avg elapsed_time = 221 ms
phase = CC_COMMIT, avg elapsed_time = 1410 ms
**********END PHASE PROFILING REPORT**********

**********BEGIN CC ABORT TIME PROFILING REPORT**********

avg abort time = 0 ms
**********END CC ABORT TIME PROFILING REPORT**********

**********BEGIN CC TS ALLOC TIME PROFILING REPORT**********
**********END CC TS ALLOC TIME PROFILING REPORT**********

**********BEGIN GAM_OPERATION PROFILING REPORT(NOT INCLUDE INDEX RELATED OPERATIONS)**********
thread_id = 0, gam operation = GAM_READ, elapsed_time = 370 ms
thread_id = 0, gam operation = GAM_WRITE, elapsed_time = 354 ms
thread_id = 0, gam operation = GAM_TRY_RLOCK, elapsed_time = 335 ms
thread_id = 0, gam operation = GAM_TRY_WLOCK, elapsed_time = 624 ms
thread_id = 0, gam operation = GAM_UNLOCK, elapsed_time = 986 ms
thread_id = 0, gam operation = GAM_MALLOC, elapsed_time = 2990 ms
thread_id = 1, gam operation = GAM_READ, elapsed_time = 368 ms
thread_id = 1, gam operation = GAM_WRITE, elapsed_time = 351 ms
thread_id = 1, gam operation = GAM_TRY_RLOCK, elapsed_time = 332 ms
thread_id = 1, gam operation = GAM_TRY_WLOCK, elapsed_time = 622 ms
thread_id = 1, gam operation = GAM_UNLOCK, elapsed_time = 982 ms
thread_id = 1, gam operation = GAM_MALLOC, elapsed_time = 2987 ms
thread_id = 2, gam operation = GAM_READ, elapsed_time = 406 ms
thread_id = 2, gam operation = GAM_WRITE, elapsed_time = 387 ms
thread_id = 2, gam operation = GAM_TRY_RLOCK, elapsed_time = 367 ms
thread_id = 2, gam operation = GAM_TRY_WLOCK, elapsed_time = 688 ms
thread_id = 2, gam operation = GAM_UNLOCK, elapsed_time = 1081 ms
thread_id = 2, gam operation = GAM_MALLOC, elapsed_time = 2998 ms
thread_id = 3, gam operation = GAM_READ, elapsed_time = 395 ms
thread_id = 3, gam operation = GAM_WRITE, elapsed_time = 371 ms
thread_id = 3, gam operation = GAM_TRY_RLOCK, elapsed_time = 338 ms
thread_id = 3, gam operation = GAM_TRY_WLOCK, elapsed_time = 647 ms
thread_id = 3, gam operation = GAM_UNLOCK, elapsed_time = 1024 ms
thread_id = 3, gam operation = GAM_MALLOC, elapsed_time = 2994 ms

gam operation = GAM_READ, avg elapsed_time = 384 ms
gam operation = GAM_WRITE, avg elapsed_time = 365 ms
gam operation = GAM_TRY_RLOCK, avg elapsed_time = 343 ms
gam operation = GAM_TRY_WLOCK, avg elapsed_time = 645 ms
gam operation = GAM_UNLOCK, avg elapsed_time = 1018 ms
gam operation = GAM_MALLOC, avg elapsed_time = 2992 ms
**********END GAM_OPERATION PROFILING REPORT**********

total_count=189516,total_abort_count=0,throughput=22.132,thread_count_=4,elapsed_time=8563
total_count=190713,total_abort_count=0,throughput=21.3182,thread_count_=4,elapsed_time=8946
total_count=196423,total_abort_count=0,throughput=29.9699,thread_count_=4,elapsed_time=6554
==================== perf statistics summary ====================
agg_total_count	576652
agg_total_abort_count	0
abort_rate	0.000000
per_node_elapsed_time	8021.000000
total_throughput	73.420148
per_node_throughput	24.473383
per_core_throughput	6.118346
==================== end ====================
prepare to exit...
over..
