server name=lab505-158,port_no=11111
server name=lab505-159,port_no=11111
server name=lab505-160,port_no=11111
============= tpcc_scale_params ===========
num_warehouses=12,starting_warehouse_=1,ending_warehouse_=4
partition_id_0
scale_factor_=1
num_items_=100000
num_districts_per_warehouse_=10
num_customers_per_district_=3000
num_new_orders_per_district_=900
dist_ratio=100, gStandard=1, gForceRandomAccess=0, gTimeLocality=0, gReadRatio=0
============= end ===========
GAllocator config info: is_master=1,master_ip=10.77.110.158,master_port=12345,worker_ip=10.77.110.158,worker_port=12346
[1229098] 04 Jan 09:31:11.825 - [worker.cc:117-Worker()] LRU eviction is enabled, max cache lines = 5033164, reserved mem size = 17179869184, cache_percentage = 0.150000, block_size = 512
create default gallocator
storage_addr=281475022798848
monotone_ts_addr=281474988244480
start population
table_id=0, size=45.2MB
table_id=1, size=163.6MB
table_id=2, size=0.000576MB
table_id=3, size=0.00608MB
table_id=4, size=0.00052MB
table_id=5, size=0.468MB
table_id=6, size=4.44MB
table_id=7, size=92.2919MB
table_id=8, size=92.16MB
table_id=9, size=8.28MB
populate elapsed time=60626ms
**********BEGIN EXECUTION PROFILING REPORT**********

avg execution_time = 0 ms
**********END EXECUTION PROFILING REPORT**********

**********BEGIN PHASE PROFILING REPORT**********
thread_id = 0, phase = INDEX_INSERT_LOCK, elapsed_time = 3638 ms
thread_id = 0, phase = INDEX_INSERT_MUTATE, elapsed_time = 40669 ms
thread_id = 0, phase = INDEX_INSERT_GALLOCATE, elapsed_time = 1010 ms

phase = INDEX_INSERT_LOCK, avg elapsed_time = 909 ms
phase = INDEX_INSERT_MUTATE, avg elapsed_time = 10167 ms
phase = INDEX_INSERT_GALLOCATE, avg elapsed_time = 252 ms
**********END PHASE PROFILING REPORT**********

**********BEGIN CC ABORT TIME PROFILING REPORT**********

avg abort time = 0 ms
**********END CC ABORT TIME PROFILING REPORT**********

**********BEGIN CC TS ALLOC TIME PROFILING REPORT**********
**********END CC TS ALLOC TIME PROFILING REPORT**********

**********BEGIN GAM_OPERATION PROFILING REPORT(NOT INCLUDE INDEX RELATED OPERATIONS)**********

**********END GAM_OPERATION PROFILING REPORT**********

read/write access count
total_read_access_count	1248136
total_write_access_count	2776397
total_read_ratio	0.310132
source elapsed time=354ms
start process query
start processing...
execute_count=196071, abort_count=3502, abort_rate=0.0178608
elapsed time=19792ms.
throughput=9.90658K tps.
per-core throughput=2.47664K tps.
**********BEGIN EXECUTION PROFILING REPORT**********
thread_id = 0, txn_id = 1, execution_time = 17796 ms
thread_id = 0, txn_id = 2, execution_time = 1990 ms
thread_id = 0, execution_time_total = 19786 ms
thread_id = 1, txn_id = 1, execution_time = 17661 ms
thread_id = 1, txn_id = 2, execution_time = 2125 ms
thread_id = 1, execution_time_total = 19786 ms
thread_id = 2, txn_id = 1, execution_time = 17762 ms
thread_id = 2, txn_id = 2, execution_time = 2024 ms
thread_id = 2, execution_time_total = 19786 ms
thread_id = 3, txn_id = 1, execution_time = 17601 ms
thread_id = 3, txn_id = 2, execution_time = 2185 ms
thread_id = 3, execution_time_total = 19786 ms

avg execution_time = 19786 ms
**********END EXECUTION PROFILING REPORT**********

**********BEGIN PHASE PROFILING REPORT**********
thread_id = 0, phase = INDEX_READ, elapsed_time = 5714 ms
thread_id = 0, phase = CC_SELECT, elapsed_time = 11315 ms
thread_id = 0, phase = CC_INSERT, elapsed_time = 218 ms
thread_id = 0, phase = CC_COMMIT, elapsed_time = 1537 ms
thread_id = 0, phase = CC_ABORT, elapsed_time = 11 ms
thread_id = 1, phase = INDEX_READ, elapsed_time = 5737 ms
thread_id = 1, phase = CC_SELECT, elapsed_time = 11406 ms
thread_id = 1, phase = CC_INSERT, elapsed_time = 216 ms
thread_id = 1, phase = CC_COMMIT, elapsed_time = 1504 ms
thread_id = 1, phase = CC_ABORT, elapsed_time = 12 ms
thread_id = 2, phase = INDEX_READ, elapsed_time = 5332 ms
thread_id = 2, phase = CC_SELECT, elapsed_time = 11604 ms
thread_id = 2, phase = CC_INSERT, elapsed_time = 224 ms
thread_id = 2, phase = CC_COMMIT, elapsed_time = 1538 ms
thread_id = 2, phase = CC_ABORT, elapsed_time = 13 ms
thread_id = 3, phase = INDEX_READ, elapsed_time = 5583 ms
thread_id = 3, phase = CC_SELECT, elapsed_time = 11475 ms
thread_id = 3, phase = CC_INSERT, elapsed_time = 219 ms
thread_id = 3, phase = CC_COMMIT, elapsed_time = 1523 ms
thread_id = 3, phase = CC_ABORT, elapsed_time = 11 ms

phase = INDEX_READ, avg elapsed_time = 5591 ms
phase = CC_SELECT, avg elapsed_time = 11450 ms
phase = CC_INSERT, avg elapsed_time = 219 ms
phase = CC_COMMIT, avg elapsed_time = 1525 ms
phase = CC_ABORT, avg elapsed_time = 11 ms
**********END PHASE PROFILING REPORT**********

**********BEGIN CC ABORT TIME PROFILING REPORT**********
thread_id = 0, abort_time = 188 ms
thread_id = 1, abort_time = 230 ms
thread_id = 2, abort_time = 180 ms
thread_id = 3, abort_time = 174 ms

avg abort time = 193 ms
**********END CC ABORT TIME PROFILING REPORT**********

**********BEGIN CC TS ALLOC TIME PROFILING REPORT**********
**********END CC TS ALLOC TIME PROFILING REPORT**********

**********BEGIN GAM_OPERATION PROFILING REPORT(NOT INCLUDE INDEX RELATED OPERATIONS)**********
thread_id = 0, gam operation = GAM_READ, elapsed_time = 496 ms
thread_id = 0, gam operation = GAM_WRITE, elapsed_time = 458 ms
thread_id = 0, gam operation = GAM_TRY_RLOCK, elapsed_time = 646 ms
thread_id = 0, gam operation = GAM_TRY_WLOCK, elapsed_time = 10151 ms
thread_id = 0, gam operation = GAM_UNLOCK, elapsed_time = 1088 ms
thread_id = 0, gam operation = GAM_MALLOC, elapsed_time = 541 ms
thread_id = 1, gam operation = GAM_READ, elapsed_time = 458 ms
thread_id = 1, gam operation = GAM_WRITE, elapsed_time = 454 ms
thread_id = 1, gam operation = GAM_TRY_RLOCK, elapsed_time = 700 ms
thread_id = 1, gam operation = GAM_TRY_WLOCK, elapsed_time = 10193 ms
thread_id = 1, gam operation = GAM_UNLOCK, elapsed_time = 1038 ms
thread_id = 1, gam operation = GAM_MALLOC, elapsed_time = 447 ms
thread_id = 2, gam operation = GAM_READ, elapsed_time = 460 ms
thread_id = 2, gam operation = GAM_WRITE, elapsed_time = 456 ms
thread_id = 2, gam operation = GAM_TRY_RLOCK, elapsed_time = 721 ms
thread_id = 2, gam operation = GAM_TRY_WLOCK, elapsed_time = 10375 ms
thread_id = 2, gam operation = GAM_UNLOCK, elapsed_time = 1065 ms
thread_id = 2, gam operation = GAM_MALLOC, elapsed_time = 621 ms
thread_id = 3, gam operation = GAM_READ, elapsed_time = 468 ms
thread_id = 3, gam operation = GAM_WRITE, elapsed_time = 453 ms
thread_id = 3, gam operation = GAM_TRY_RLOCK, elapsed_time = 675 ms
thread_id = 3, gam operation = GAM_TRY_WLOCK, elapsed_time = 10265 ms
thread_id = 3, gam operation = GAM_UNLOCK, elapsed_time = 1046 ms
thread_id = 3, gam operation = GAM_MALLOC, elapsed_time = 543 ms

gam operation = GAM_READ, avg elapsed_time = 470 ms
gam operation = GAM_WRITE, avg elapsed_time = 455 ms
gam operation = GAM_TRY_RLOCK, avg elapsed_time = 685 ms
gam operation = GAM_TRY_WLOCK, avg elapsed_time = 10246 ms
gam operation = GAM_UNLOCK, avg elapsed_time = 1059 ms
gam operation = GAM_MALLOC, avg elapsed_time = 538 ms
**********END GAM_OPERATION PROFILING REPORT**********

start process query
start processing...
execute_count=189560, abort_count=2833, abort_rate=0.0149451
elapsed time=21424ms.
throughput=8.84802K tps.
per-core throughput=2.21201K tps.
**********BEGIN EXECUTION PROFILING REPORT**********
thread_id = 0, txn_id = 1, execution_time = 17772 ms
thread_id = 0, txn_id = 2, execution_time = 3645 ms
thread_id = 0, execution_time_total = 21417 ms
thread_id = 1, txn_id = 1, execution_time = 19576 ms
thread_id = 1, txn_id = 2, execution_time = 1840 ms
thread_id = 1, execution_time_total = 21416 ms
thread_id = 2, txn_id = 1, execution_time = 17726 ms
thread_id = 2, txn_id = 2, execution_time = 3690 ms
thread_id = 2, execution_time_total = 21416 ms
thread_id = 3, txn_id = 1, execution_time = 19387 ms
thread_id = 3, txn_id = 2, execution_time = 2029 ms
thread_id = 3, execution_time_total = 21416 ms

avg execution_time = 21416 ms
**********END EXECUTION PROFILING REPORT**********

**********BEGIN PHASE PROFILING REPORT**********
thread_id = 0, phase = INDEX_READ, elapsed_time = 3199 ms
thread_id = 0, phase = CC_SELECT, elapsed_time = 15170 ms
thread_id = 0, phase = CC_INSERT, elapsed_time = 255 ms
thread_id = 0, phase = CC_COMMIT, elapsed_time = 1716 ms
thread_id = 0, phase = CC_ABORT, elapsed_time = 10 ms
thread_id = 1, phase = INDEX_READ, elapsed_time = 3183 ms
thread_id = 1, phase = CC_SELECT, elapsed_time = 13393 ms
thread_id = 1, phase = CC_INSERT, elapsed_time = 241 ms
thread_id = 1, phase = CC_COMMIT, elapsed_time = 1741 ms
thread_id = 1, phase = CC_ABORT, elapsed_time = 11 ms
thread_id = 2, phase = INDEX_READ, elapsed_time = 3151 ms
thread_id = 2, phase = CC_SELECT, elapsed_time = 14858 ms
thread_id = 2, phase = CC_INSERT, elapsed_time = 245 ms
thread_id = 2, phase = CC_COMMIT, elapsed_time = 1907 ms
thread_id = 2, phase = CC_ABORT, elapsed_time = 11 ms
thread_id = 3, phase = INDEX_READ, elapsed_time = 2923 ms
thread_id = 3, phase = CC_SELECT, elapsed_time = 15225 ms
thread_id = 3, phase = CC_INSERT, elapsed_time = 255 ms
thread_id = 3, phase = CC_COMMIT, elapsed_time = 1752 ms
thread_id = 3, phase = CC_ABORT, elapsed_time = 14 ms

phase = INDEX_READ, avg elapsed_time = 3114 ms
phase = CC_SELECT, avg elapsed_time = 14661 ms
phase = CC_INSERT, avg elapsed_time = 249 ms
phase = CC_COMMIT, avg elapsed_time = 1779 ms
phase = CC_ABORT, avg elapsed_time = 11 ms
**********END PHASE PROFILING REPORT**********

**********BEGIN CC ABORT TIME PROFILING REPORT**********
thread_id = 0, abort_time = 165 ms
thread_id = 1, abort_time = 189 ms
thread_id = 2, abort_time = 184 ms
thread_id = 3, abort_time = 195 ms

avg abort time = 183 ms
**********END CC ABORT TIME PROFILING REPORT**********

**********BEGIN CC TS ALLOC TIME PROFILING REPORT**********
**********END CC TS ALLOC TIME PROFILING REPORT**********

**********BEGIN GAM_OPERATION PROFILING REPORT(NOT INCLUDE INDEX RELATED OPERATIONS)**********
thread_id = 0, gam operation = GAM_READ, elapsed_time = 561 ms
thread_id = 0, gam operation = GAM_WRITE, elapsed_time = 562 ms
thread_id = 0, gam operation = GAM_TRY_RLOCK, elapsed_time = 786 ms
thread_id = 0, gam operation = GAM_TRY_WLOCK, elapsed_time = 13820 ms
thread_id = 0, gam operation = GAM_UNLOCK, elapsed_time = 1151 ms
thread_id = 0, gam operation = GAM_MALLOC, elapsed_time = 575 ms
thread_id = 1, gam operation = GAM_READ, elapsed_time = 565 ms
thread_id = 1, gam operation = GAM_WRITE, elapsed_time = 559 ms
thread_id = 1, gam operation = GAM_TRY_RLOCK, elapsed_time = 809 ms
thread_id = 1, gam operation = GAM_TRY_WLOCK, elapsed_time = 11989 ms
thread_id = 1, gam operation = GAM_UNLOCK, elapsed_time = 1182 ms
thread_id = 1, gam operation = GAM_MALLOC, elapsed_time = 2359 ms
thread_id = 2, gam operation = GAM_READ, elapsed_time = 681 ms
thread_id = 2, gam operation = GAM_WRITE, elapsed_time = 603 ms
thread_id = 2, gam operation = GAM_TRY_RLOCK, elapsed_time = 857 ms
thread_id = 2, gam operation = GAM_TRY_WLOCK, elapsed_time = 13302 ms
thread_id = 2, gam operation = GAM_UNLOCK, elapsed_time = 1297 ms
thread_id = 2, gam operation = GAM_MALLOC, elapsed_time = 726 ms
thread_id = 3, gam operation = GAM_READ, elapsed_time = 579 ms
thread_id = 3, gam operation = GAM_WRITE, elapsed_time = 580 ms
thread_id = 3, gam operation = GAM_TRY_RLOCK, elapsed_time = 819 ms
thread_id = 3, gam operation = GAM_TRY_WLOCK, elapsed_time = 13812 ms
thread_id = 3, gam operation = GAM_UNLOCK, elapsed_time = 1173 ms
thread_id = 3, gam operation = GAM_MALLOC, elapsed_time = 719 ms

gam operation = GAM_READ, avg elapsed_time = 596 ms
gam operation = GAM_WRITE, avg elapsed_time = 576 ms
gam operation = GAM_TRY_RLOCK, avg elapsed_time = 817 ms
gam operation = GAM_TRY_WLOCK, avg elapsed_time = 13230 ms
gam operation = GAM_UNLOCK, avg elapsed_time = 1200 ms
gam operation = GAM_MALLOC, avg elapsed_time = 1094 ms
**********END GAM_OPERATION PROFILING REPORT**********

total_count=189560,total_abort_count=2833,throughput=8.84802,thread_count_=4,elapsed_time=21424
total_count=198424,total_abort_count=2764,throughput=9.83417,thread_count_=4,elapsed_time=20177
total_count=197468,total_abort_count=4528,throughput=10.0559,thread_count_=4,elapsed_time=19637
==================== perf statistics summary ====================
agg_total_count	585452
agg_total_abort_count	10125
abort_rate	0.017294
per_node_elapsed_time	20412.666667
total_throughput	28.738103
per_node_throughput	9.579368
per_core_throughput	2.394842
==================== end ====================
prepare to exit...
over..
