server name=lab505-158,port_no=11111
server name=lab505-159,port_no=11111
server name=lab505-160,port_no=11111
server name=lab505-155,port_no=11111
GAllocator config info: is_master=1,master_ip=10.77.110.158,master_port=12345,worker_ip=10.77.110.158,worker_port=12346
[3775466] 13 Feb 15:47:50.320 - [worker.cc:124-Worker()] LRU eviction is enabled, max cache lines = 5033164, reserved mem size = 17179869184, cache_percentage = 0.150000, block_size = 512
create default gallocator
storage_addr=281475022798848
monotone_ts_addr=281474988244480
start population
table_id=0, size=2.92971MB
populate elapsed time=121ms
source elapsed time=16ms
start process query
start processing...
execute_count=115546, abort_count=137841, abort_rate=1.19294
elapsed time=17220ms.
throughput=6.70999K tps.
per-core throughput=1.342K tps.
start process query
start processing...
execute_count=150781, abort_count=158392, abort_rate=1.05047
elapsed time=17653ms.
throughput=8.54138K tps.
per-core throughput=1.70828K tps.
total_count=150781,total_abort_count=158392,throughput=8.54138,thread_count_=5,elapsed_time=17653
total_count=155188,total_abort_count=173730,throughput=9.35431,thread_count_=5,elapsed_time=16590
total_count=141863,total_abort_count=156601,throughput=8.46994,thread_count_=5,elapsed_time=16749
total_count=192284,total_abort_count=225789,throughput=13.5736,thread_count_=5,elapsed_time=14166
==================== perf statistics summary ====================
agg_total_count	640116
agg_total_abort_count	714512
abort_rate	1.116221
per_node_elapsed_time	16289.500000
total_throughput	39.939256
per_node_throughput	9.984814
per_core_throughput	1.996963
==================== end ====================
prepare to exit...
over..
