server name=lab505-158,port_no=11111
server name=lab505-159,port_no=11111
server name=lab505-160,port_no=11111
server name=lab505-155,port_no=11111
GAllocator config info: is_master=1,master_ip=10.77.110.158,master_port=12345,worker_ip=10.77.110.158,worker_port=12346
[3778297] 13 Feb 16:05:34.971 - [worker.cc:124-Worker()] LRU eviction is enabled, max cache lines = 5033164, reserved mem size = 17179869184, cache_percentage = 0.150000, block_size = 512
create default gallocator
storage_addr=281475022798848
monotone_ts_addr=281474988244480
start population
table_id=0, size=2.92971MB
populate elapsed time=142ms
source elapsed time=17ms
start process query
start processing...
execute_count=96281, abort_count=121016, abort_rate=1.25689
elapsed time=18913ms.
throughput=5.09073K tps.
per-core throughput=0.509073K tps.
start process query
start processing...
execute_count=152383, abort_count=188352, abort_rate=1.23604
elapsed time=18356ms.
throughput=8.30154K tps.
per-core throughput=0.830154K tps.
total_count=152383,total_abort_count=188352,throughput=8.30154,thread_count_=10,elapsed_time=18356
total_count=146584,total_abort_count=168713,throughput=7.37233,thread_count_=10,elapsed_time=19883
total_count=163557,total_abort_count=192068,throughput=8.34432,thread_count_=10,elapsed_time=19601
total_count=167218,total_abort_count=211341,throughput=10.501,thread_count_=10,elapsed_time=15924
==================== perf statistics summary ====================
agg_total_count	629742
agg_total_abort_count	760474
abort_rate	1.207594
per_node_elapsed_time	18441.000000
total_throughput	34.519188
per_node_throughput	8.629797
per_core_throughput	0.862980
==================== end ====================
prepare to exit...
over..
