server name=lab505-158,port_no=11111
server name=lab505-159,port_no=11111
server name=lab505-160,port_no=11111
server name=lab505-155,port_no=11111
GAllocator config info: is_master=1,master_ip=10.77.110.158,master_port=12345,worker_ip=10.77.110.158,worker_port=12346
[3780663] 13 Feb 16:24:25.412 - [worker.cc:124-Worker()] LRU eviction is enabled, max cache lines = 5033164, reserved mem size = 17179869184, cache_percentage = 0.150000, block_size = 512
create default gallocator
storage_addr=281475022798848
monotone_ts_addr=281474988244480
start population
table_id=0, size=2.92971MB
populate elapsed time=132ms
source elapsed time=16ms
start process query
start processing...
execute_count=200000, abort_count=7783, abort_rate=0.0389148
elapsed time=39466ms.
throughput=5.06765K tps.
per-core throughput=5.06765K tps.
start process query
start processing...
execute_count=200000, abort_count=7748, abort_rate=0.0387398
elapsed time=39566ms.
throughput=5.05485K tps.
per-core throughput=5.05485K tps.
total_count=200000,total_abort_count=7748,throughput=5.05485,thread_count_=1,elapsed_time=39566
total_count=200000,total_abort_count=7470,throughput=4.63736,thread_count_=1,elapsed_time=43128
total_count=200000,total_abort_count=7577,throughput=4.65376,thread_count_=1,elapsed_time=42976
total_count=200000,total_abort_count=6222,throughput=4.34934,thread_count_=1,elapsed_time=45984
==================== perf statistics summary ====================
agg_total_count	800000
agg_total_abort_count	29017
abort_rate	0.036271
per_node_elapsed_time	42913.500000
total_throughput	18.695303
per_node_throughput	4.673826
per_core_throughput	4.673826
==================== end ====================
prepare to exit...
over..
