server name=lab505-158,port_no=11111
server name=lab505-159,port_no=11111
server name=lab505-160,port_no=11111
server name=lab505-155,port_no=11111
GAllocator config info: is_master=1,master_ip=10.77.110.158,master_port=12345,worker_ip=10.77.110.158,worker_port=12346
[3778084] 13 Feb 16:04:27.853 - [worker.cc:124-Worker()] LRU eviction is enabled, max cache lines = 5033164, reserved mem size = 17179869184, cache_percentage = 0.150000, block_size = 512
create default gallocator
storage_addr=281475022798848
monotone_ts_addr=281474988244480
start population
table_id=0, size=2.92971MB
populate elapsed time=123ms
source elapsed time=17ms
start process query
start processing...
execute_count=187859, abort_count=186880, abort_rate=0.994783
elapsed time=23294ms.
throughput=8.06469K tps.
per-core throughput=1.61294K tps.
start process query
start processing...
execute_count=181638, abort_count=180473, abort_rate=0.993581
elapsed time=20963ms.
throughput=8.66469K tps.
per-core throughput=1.73294K tps.
total_count=181638,total_abort_count=180473,throughput=8.66469,thread_count_=5,elapsed_time=20963
total_count=191305,total_abort_count=180230,throughput=8.23916,thread_count_=5,elapsed_time=23219
total_count=189896,total_abort_count=171651,throughput=7.97447,thread_count_=5,elapsed_time=23813
total_count=191696,total_abort_count=185330,throughput=8.64352,thread_count_=5,elapsed_time=22178
==================== perf statistics summary ====================
agg_total_count	754535
agg_total_abort_count	717684
abort_rate	0.951159
per_node_elapsed_time	22543.250000
total_throughput	33.521841
per_node_throughput	8.380460
per_core_throughput	1.676092
==================== end ====================
prepare to exit...
over..
