server name=lab505-158,port_no=11111
server name=lab505-159,port_no=11111
server name=lab505-160,port_no=11111
server name=lab505-155,port_no=11111
GAllocator config info: is_master=1,master_ip=10.77.110.158,master_port=12345,worker_ip=10.77.110.158,worker_port=12346
[3781341] 13 Feb 16:29:39.081 - [worker.cc:124-Worker()] LRU eviction is enabled, max cache lines = 5033164, reserved mem size = 17179869184, cache_percentage = 0.150000, block_size = 512
create default gallocator
storage_addr=281475022798848
monotone_ts_addr=281474988244480
start population
table_id=0, size=2.92971MB
populate elapsed time=127ms
source elapsed time=16ms
start process query
start processing...
execute_count=194025, abort_count=186919, abort_rate=0.963371
elapsed time=28159ms.
throughput=6.89034K tps.
per-core throughput=0.344517K tps.
start process query
start processing...
execute_count=193886, abort_count=191844, abort_rate=0.989463
elapsed time=27569ms.
throughput=7.03275K tps.
per-core throughput=0.351638K tps.
total_count=193886,total_abort_count=191844,throughput=7.03275,thread_count_=20,elapsed_time=27569
total_count=194581,total_abort_count=185507,throughput=6.68962,thread_count_=20,elapsed_time=29087
total_count=195097,total_abort_count=177784,throughput=6.58755,thread_count_=20,elapsed_time=29616
total_count=196221,total_abort_count=194971,throughput=7.00864,thread_count_=20,elapsed_time=27997
==================== perf statistics summary ====================
agg_total_count	779785
agg_total_abort_count	750106
abort_rate	0.961938
per_node_elapsed_time	28567.250000
total_throughput	27.318573
per_node_throughput	6.829643
per_core_throughput	0.341482
==================== end ====================
prepare to exit...
over..
