server name=lab505-158,port_no=11111
server name=lab505-159,port_no=11111
server name=lab505-160,port_no=11111
server name=lab505-155,port_no=11111
GAllocator config info: is_master=1,master_ip=10.77.110.158,master_port=12345,worker_ip=10.77.110.158,worker_port=12346
[3781737] 13 Feb 16:32:45.582 - [worker.cc:124-Worker()] LRU eviction is enabled, max cache lines = 5033164, reserved mem size = 17179869184, cache_percentage = 0.150000, block_size = 512
create default gallocator
storage_addr=281475022798848
monotone_ts_addr=281474988244480
start population
table_id=0, size=2.92971MB
populate elapsed time=134ms
source elapsed time=29ms
start process query
start processing...
execute_count=143569, abort_count=156332, abort_rate=1.08889
elapsed time=23076ms.
throughput=6.22157K tps.
per-core throughput=1.24431K tps.
start process query
start processing...
execute_count=180324, abort_count=201265, abort_rate=1.11612
elapsed time=21948ms.
throughput=8.21597K tps.
per-core throughput=1.64319K tps.
total_count=180324,total_abort_count=201265,throughput=8.21597,thread_count_=5,elapsed_time=21948
total_count=170141,total_abort_count=172144,throughput=7.29561,thread_count_=5,elapsed_time=23321
total_count=142390,total_abort_count=155494,throughput=6.3091,thread_count_=5,elapsed_time=22569
total_count=171221,total_abort_count=189270,throughput=7.84194,thread_count_=5,elapsed_time=21834
==================== perf statistics summary ====================
agg_total_count	664076
agg_total_abort_count	718173
abort_rate	1.081460
per_node_elapsed_time	22418.000000
total_throughput	29.662619
per_node_throughput	7.415655
per_core_throughput	1.483131
==================== end ====================
prepare to exit...
over..
