server name=lab505-158,port_no=11111
server name=lab505-159,port_no=11111
server name=lab505-160,port_no=11111
server name=lab505-155,port_no=11111
GAllocator config info: is_master=1,master_ip=10.77.110.158,master_port=12345,worker_ip=10.77.110.158,worker_port=12346
[3777060] 13 Feb 15:56:37.988 - [worker.cc:124-Worker()] LRU eviction is enabled, max cache lines = 5033164, reserved mem size = 17179869184, cache_percentage = 0.150000, block_size = 512
create default gallocator
storage_addr=281475022798848
monotone_ts_addr=281474988244480
start population
table_id=0, size=2.92971MB
populate elapsed time=142ms
source elapsed time=17ms
start process query
start processing...
execute_count=200000, abort_count=6062, abort_rate=0.0303098
elapsed time=35404ms.
throughput=5.64908K tps.
per-core throughput=5.64908K tps.
start process query
start processing...
execute_count=200000, abort_count=6049, abort_rate=0.0302448
elapsed time=35612ms.
throughput=5.61608K tps.
per-core throughput=5.61608K tps.
total_count=200000,total_abort_count=6049,throughput=5.61608,thread_count_=1,elapsed_time=35612
total_count=200000,total_abort_count=5894,throughput=5.03626,thread_count_=1,elapsed_time=39712
total_count=200000,total_abort_count=5810,throughput=5.0226,thread_count_=1,elapsed_time=39820
total_count=200000,total_abort_count=4803,throughput=4.68571,thread_count_=1,elapsed_time=42683
==================== perf statistics summary ====================
agg_total_count	800000
agg_total_abort_count	22556
abort_rate	0.028195
per_node_elapsed_time	39456.750000
total_throughput	20.360654
per_node_throughput	5.090163
per_core_throughput	5.090163
==================== end ====================
prepare to exit...
over..
