server name=lab505-158,port_no=11111
server name=lab505-159,port_no=11111
server name=lab505-160,port_no=11111
server name=lab505-155,port_no=11111
GAllocator config info: is_master=1,master_ip=10.77.110.158,master_port=12345,worker_ip=10.77.110.158,worker_port=12346
[3775323] 13 Feb 15:46:28.655 - [worker.cc:124-Worker()] LRU eviction is enabled, max cache lines = 5033164, reserved mem size = 17179869184, cache_percentage = 0.150000, block_size = 512
create default gallocator
storage_addr=281475022798848
monotone_ts_addr=281474988244480
start population
table_id=0, size=2.92971MB
populate elapsed time=125ms
source elapsed time=29ms
start process query
start processing...
execute_count=200000, abort_count=126962, abort_rate=0.634807
elapsed time=24683ms.
throughput=8.10274K tps.
per-core throughput=8.10274K tps.
start process query
start processing...
execute_count=200000, abort_count=126315, abort_rate=0.631572
elapsed time=24630ms.
throughput=8.12018K tps.
per-core throughput=8.12018K tps.
total_count=200000,total_abort_count=126315,throughput=8.12018,thread_count_=1,elapsed_time=24630
total_count=200000,total_abort_count=115272,throughput=6.4813,thread_count_=1,elapsed_time=30858
total_count=200000,total_abort_count=115314,throughput=6.52061,thread_count_=1,elapsed_time=30672
total_count=200000,total_abort_count=103672,throughput=6.15006,thread_count_=1,elapsed_time=32520
==================== perf statistics summary ====================
agg_total_count	800000
agg_total_abort_count	460573
abort_rate	0.575716
per_node_elapsed_time	29670.000000
total_throughput	27.272147
per_node_throughput	6.818037
per_core_throughput	6.818037
==================== end ====================
prepare to exit...
over..
