server name=lab505-158,port_no=11111
server name=lab505-159,port_no=11111
server name=lab505-160,port_no=11111
============= tpcc_scale_params ===========
num_warehouses=32,starting_warehouse_=1,ending_warehouse_=11
partition_id_0
scale_factor_=10
num_items_=10000
num_districts_per_warehouse_=10
num_customers_per_district_=300
num_new_orders_per_district_=90
dist_ratio=0, gStandard=1, gForceRandomAccess=0, gTimeLocality=0, gReadRatio=0
============= end ===========
GAllocator config info: is_master=1,master_ip=10.77.110.158,master_port=12345,worker_ip=10.77.110.158,worker_port=12346
[1231827] 04 Jan 09:54:12.010 - [worker.cc:117-Worker()] LRU eviction is enabled, max cache lines = 5033164, reserved mem size = 17179869184, cache_percentage = 0.150000, block_size = 512
create default gallocator
storage_addr=281475022798848
monotone_ts_addr=281474988244480
start population
table_id=0, size=12.43MB
table_id=1, size=44.99MB
table_id=2, size=0.001584MB
table_id=3, size=0.01672MB
table_id=4, size=0.00143MB
table_id=5, size=0.1287MB
table_id=6, size=1.221MB
table_id=7, size=25.4296MB
table_id=8, size=25.344MB
table_id=9, size=2.277MB
populate elapsed time=5340ms
read/write access count
total_read_access_count	1243773
total_write_access_count	2769301
total_read_ratio	0.30993
source elapsed time=340ms
start process query
start processing...
execute_count=197018, abort_count=0, abort_rate=0
elapsed time=5707ms.
throughput=34.5222K tps.
per-core throughput=8.63054K tps.
start process query
start processing...
execute_count=198610, abort_count=0, abort_rate=0
elapsed time=5175ms.
throughput=38.3787K tps.
per-core throughput=9.59469K tps.
total_count=198610,total_abort_count=0,throughput=38.3787,thread_count_=4,elapsed_time=5175
total_count=197245,total_abort_count=0,throughput=34.5922,thread_count_=4,elapsed_time=5702
total_count=196022,total_abort_count=0,throughput=34.7187,thread_count_=4,elapsed_time=5646
==================== perf statistics summary ====================
agg_total_count	591877
agg_total_abort_count	0
abort_rate	0.000000
per_node_elapsed_time	5507.666667
total_throughput	107.689731
per_node_throughput	35.896577
per_core_throughput	8.974144
==================== end ====================
prepare to exit...
over..
