server name=lab505-158,port_no=11111
server name=lab505-159,port_no=11111
server name=lab505-160,port_no=11111
============= tpcc_scale_params ===========
num_warehouses=32,starting_warehouse_=1,ending_warehouse_=11
partition_id_0
scale_factor_=10
num_items_=10000
num_districts_per_warehouse_=10
num_customers_per_district_=300
num_new_orders_per_district_=90
dist_ratio=100, gStandard=1, gForceRandomAccess=0, gTimeLocality=0, gReadRatio=0
============= end ===========
GAllocator config info: is_master=1,master_ip=10.77.110.158,master_port=12345,worker_ip=10.77.110.158,worker_port=12346
[1232473] 04 Jan 09:58:05.733 - [worker.cc:117-Worker()] LRU eviction is enabled, max cache lines = 5033164, reserved mem size = 17179869184, cache_percentage = 0.150000, block_size = 512
create default gallocator
storage_addr=281475022798848
monotone_ts_addr=281474988244480
start population
table_id=0, size=12.43MB
table_id=1, size=44.99MB
table_id=2, size=0.001584MB
table_id=3, size=0.01672MB
table_id=4, size=0.00143MB
table_id=5, size=0.1287MB
table_id=6, size=1.221MB
table_id=7, size=25.4296MB
table_id=8, size=25.344MB
table_id=9, size=2.277MB
populate elapsed time=5004ms
read/write access count
total_read_access_count	1247609
total_write_access_count	2775358
total_read_ratio	0.310122
source elapsed time=360ms
start process query
start processing...
execute_count=198783, abort_count=11620, abort_rate=0.0584554
elapsed time=16052ms.
throughput=12.3837K tps.
per-core throughput=3.09592K tps.
start process query
start processing...
execute_count=190468, abort_count=9717, abort_rate=0.0510162
elapsed time=15113ms.
throughput=12.6029K tps.
per-core throughput=3.15073K tps.
total_count=190468,total_abort_count=9717,throughput=12.6029,thread_count_=4,elapsed_time=15113
total_count=199076,total_abort_count=10974,throughput=13.7502,thread_count_=4,elapsed_time=14478
total_count=199028,total_abort_count=10266,throughput=13.808,thread_count_=4,elapsed_time=14414
==================== perf statistics summary ====================
agg_total_count	588572
agg_total_abort_count	30957
abort_rate	0.052597
per_node_elapsed_time	14668.333333
total_throughput	40.161131
per_node_throughput	13.387044
per_core_throughput	3.346761
==================== end ====================
prepare to exit...
over..
