server name=lab505-158,port_no=11111
server name=lab505-159,port_no=11111
server name=lab505-160,port_no=11111
============= tpcc_scale_params ===========
num_warehouses=32,starting_warehouse_=1,ending_warehouse_=11
partition_id_0
scale_factor_=10
num_items_=10000
num_districts_per_warehouse_=10
num_customers_per_district_=300
num_new_orders_per_district_=90
dist_ratio=20, gStandard=1, gForceRandomAccess=0, gTimeLocality=0, gReadRatio=0
============= end ===========
GAllocator config info: is_master=1,master_ip=10.77.110.158,master_port=12345,worker_ip=10.77.110.158,worker_port=12346
[1231959] 04 Jan 09:54:48.474 - [worker.cc:117-Worker()] LRU eviction is enabled, max cache lines = 5033164, reserved mem size = 17179869184, cache_percentage = 0.150000, block_size = 512
create default gallocator
storage_addr=281475022798848
monotone_ts_addr=281474988244480
start population
table_id=0, size=12.43MB
table_id=1, size=44.99MB
table_id=2, size=0.001584MB
table_id=3, size=0.01672MB
table_id=4, size=0.00143MB
table_id=5, size=0.1287MB
table_id=6, size=1.221MB
table_id=7, size=25.4296MB
table_id=8, size=25.344MB
table_id=9, size=2.277MB
populate elapsed time=4991ms
read/write access count
total_read_access_count	1250597
total_write_access_count	2779944
total_read_ratio	0.31028
source elapsed time=343ms
start process query
start processing...
execute_count=193995, abort_count=2893, abort_rate=0.0149127
elapsed time=9837ms.
throughput=19.721K tps.
per-core throughput=4.93024K tps.
start process query
start processing...
execute_count=191966, abort_count=2353, abort_rate=0.0122573
elapsed time=7909ms.
throughput=24.2718K tps.
per-core throughput=6.06796K tps.
total_count=191966,total_abort_count=2353,throughput=24.2718,thread_count_=4,elapsed_time=7909
total_count=192232,total_abort_count=1882,throughput=22.478,thread_count_=4,elapsed_time=8552
total_count=194970,total_abort_count=2039,throughput=22.8436,thread_count_=4,elapsed_time=8535
==================== perf statistics summary ====================
agg_total_count	579168
agg_total_abort_count	6274
abort_rate	0.010833
per_node_elapsed_time	8332.000000
total_throughput	69.593444
per_node_throughput	23.197815
per_core_throughput	5.799454
==================== end ====================
prepare to exit...
over..
