server name=lab505-158,port_no=11111
server name=lab505-159,port_no=11111
server name=lab505-160,port_no=11111
============= tpcc_scale_params ===========
num_warehouses=32,starting_warehouse_=1,ending_warehouse_=11
partition_id_0
scale_factor_=10
num_items_=10000
num_districts_per_warehouse_=10
num_customers_per_district_=300
num_new_orders_per_district_=90
dist_ratio=40, gStandard=1, gForceRandomAccess=0, gTimeLocality=0, gReadRatio=0
============= end ===========
GAllocator config info: is_master=1,master_ip=10.77.110.158,master_port=12345,worker_ip=10.77.110.158,worker_port=12346
[1232123] 04 Jan 09:55:32.812 - [worker.cc:117-Worker()] LRU eviction is enabled, max cache lines = 5033164, reserved mem size = 17179869184, cache_percentage = 0.150000, block_size = 512
create default gallocator
storage_addr=281475022798848
monotone_ts_addr=281474988244480
start population
table_id=0, size=12.43MB
table_id=1, size=44.99MB
table_id=2, size=0.001584MB
table_id=3, size=0.01672MB
table_id=4, size=0.00143MB
table_id=5, size=0.1287MB
table_id=6, size=1.221MB
table_id=7, size=25.4296MB
table_id=8, size=25.344MB
table_id=9, size=2.277MB
populate elapsed time=5054ms
read/write access count
total_read_access_count	1247653
total_write_access_count	2775536
total_read_ratio	0.310115
source elapsed time=352ms
start process query
start processing...
execute_count=195404, abort_count=5503, abort_rate=0.028162
elapsed time=11557ms.
throughput=16.9078K tps.
per-core throughput=4.22696K tps.
start process query
start processing...
execute_count=194731, abort_count=6512, abort_rate=0.0334408
elapsed time=9422ms.
throughput=20.6677K tps.
per-core throughput=5.16692K tps.
total_count=194731,total_abort_count=6512,throughput=20.6677,thread_count_=4,elapsed_time=9422
total_count=194680,total_abort_count=4745,throughput=19.0751,thread_count_=4,elapsed_time=10206
total_count=195372,total_abort_count=4423,throughput=19.5157,thread_count_=4,elapsed_time=10011
==================== perf statistics summary ====================
agg_total_count	584783
agg_total_abort_count	15680
abort_rate	0.026813
per_node_elapsed_time	9879.666667
total_throughput	59.258479
per_node_throughput	19.752826
per_core_throughput	4.938207
==================== end ====================
prepare to exit...
over..
