server name=lab505-158,port_no=11111
server name=lab505-159,port_no=11111
server name=lab505-160,port_no=11111
============= tpcc_scale_params ===========
num_warehouses=32,starting_warehouse_=1,ending_warehouse_=11
partition_id_0
scale_factor_=10
num_items_=10000
num_districts_per_warehouse_=10
num_customers_per_district_=300
num_new_orders_per_district_=90
dist_ratio=60, gStandard=1, gForceRandomAccess=0, gTimeLocality=0, gReadRatio=0
============= end ===========
GAllocator config info: is_master=1,master_ip=10.77.110.158,master_port=12345,worker_ip=10.77.110.158,worker_port=12346
[1232239] 04 Jan 09:56:20.222 - [worker.cc:117-Worker()] LRU eviction is enabled, max cache lines = 5033164, reserved mem size = 17179869184, cache_percentage = 0.150000, block_size = 512
create default gallocator
storage_addr=281475022798848
monotone_ts_addr=281474988244480
start population
table_id=0, size=12.43MB
table_id=1, size=44.99MB
table_id=2, size=0.001584MB
table_id=3, size=0.01672MB
table_id=4, size=0.00143MB
table_id=5, size=0.1287MB
table_id=6, size=1.221MB
table_id=7, size=25.4296MB
table_id=8, size=25.344MB
table_id=9, size=2.277MB
populate elapsed time=4946ms
read/write access count
total_read_access_count	1251807
total_write_access_count	2782584
total_read_ratio	0.310284
source elapsed time=357ms
start process query
start processing...
execute_count=196130, abort_count=8426, abort_rate=0.0429611
elapsed time=13195ms.
throughput=14.864K tps.
per-core throughput=3.71599K tps.
start process query
start processing...
execute_count=195702, abort_count=9289, abort_rate=0.0474648
elapsed time=11056ms.
throughput=17.701K tps.
per-core throughput=4.42524K tps.
total_count=195702,total_abort_count=9289,throughput=17.701,thread_count_=4,elapsed_time=11056
total_count=194974,total_abort_count=6734,throughput=16.8023,thread_count_=4,elapsed_time=11604
total_count=197600,total_abort_count=7800,throughput=16.8918,thread_count_=4,elapsed_time=11698
==================== perf statistics summary ====================
agg_total_count	588276
agg_total_abort_count	23823
abort_rate	0.040496
per_node_elapsed_time	11452.666667
total_throughput	51.395063
per_node_throughput	17.131688
per_core_throughput	4.282922
==================== end ====================
prepare to exit...
over..
