server name=lab505-158,port_no=11111
server name=lab505-159,port_no=11111
server name=lab505-160,port_no=11111
============= tpcc_scale_params ===========
num_warehouses=32,starting_warehouse_=1,ending_warehouse_=11
partition_id_0
scale_factor_=10
num_items_=10000
num_districts_per_warehouse_=10
num_customers_per_district_=300
num_new_orders_per_district_=90
dist_ratio=80, gStandard=1, gForceRandomAccess=0, gTimeLocality=0, gReadRatio=0
============= end ===========
GAllocator config info: is_master=1,master_ip=10.77.110.158,master_port=12345,worker_ip=10.77.110.158,worker_port=12346
[1232362] 04 Jan 09:57:11.309 - [worker.cc:117-Worker()] LRU eviction is enabled, max cache lines = 5033164, reserved mem size = 17179869184, cache_percentage = 0.150000, block_size = 512
create default gallocator
storage_addr=281475022798848
monotone_ts_addr=281474988244480
start population
table_id=0, size=12.43MB
table_id=1, size=44.99MB
table_id=2, size=0.001584MB
table_id=3, size=0.01672MB
table_id=4, size=0.00143MB
table_id=5, size=0.1287MB
table_id=6, size=1.221MB
table_id=7, size=25.4296MB
table_id=8, size=25.344MB
table_id=9, size=2.277MB
populate elapsed time=4872ms
read/write access count
total_read_access_count	1249755
total_write_access_count	2778380
total_read_ratio	0.310256
source elapsed time=354ms
start process query
start processing...
execute_count=197731, abort_count=12014, abort_rate=0.060759
elapsed time=14723ms.
throughput=13.4301K tps.
per-core throughput=3.35752K tps.
start process query
start processing...
execute_count=190799, abort_count=8924, abort_rate=0.0467715
elapsed time=14169ms.
throughput=13.4659K tps.
per-core throughput=3.36649K tps.
total_count=190799,total_abort_count=8924,throughput=13.4659,thread_count_=4,elapsed_time=14169
total_count=197923,total_abort_count=10078,throughput=14.9817,thread_count_=4,elapsed_time=13211
total_count=198958,total_abort_count=9839,throughput=15.0066,thread_count_=4,elapsed_time=13258
==================== perf statistics summary ====================
agg_total_count	587680
agg_total_abort_count	28841
abort_rate	0.049076
per_node_elapsed_time	13546.000000
total_throughput	43.454266
per_node_throughput	14.484755
per_core_throughput	3.621189
==================== end ====================
prepare to exit...
over..
