server name=lab505-158,port_no=11111
server name=lab505-159,port_no=11111
server name=lab505-160,port_no=11111
============= tpcc_scale_params ===========
num_warehouses=12,starting_warehouse_=1,ending_warehouse_=4
partition_id_0
scale_factor_=10
num_items_=10000
num_districts_per_warehouse_=10
num_customers_per_district_=300
num_new_orders_per_district_=90
dist_ratio=40, gStandard=1, gForceRandomAccess=0, gTimeLocality=0, gReadRatio=0
============= end ===========
GAllocator config info: is_master=1,master_ip=10.77.110.158,master_port=12345,worker_ip=10.77.110.158,worker_port=12346
[1171718] 03 Jan 09:12:13.109 - [worker.cc:117-Worker()] LRU eviction is enabled, max cache lines = 5033164, reserved mem size = 17179869184, cache_percentage = 0.150000, block_size = 512
create default gallocator
create epoch gallocator
storage_addr=281475022798848
epoch_addr=281474988244480
monotone_ts_addr=281474988243968
start population
table_id=0, size=4.52MB
table_id=1, size=16.36MB
table_id=2, size=0.000576MB
table_id=3, size=0.00608MB
table_id=4, size=0.00052MB
table_id=5, size=0.0468MB
table_id=6, size=0.444MB
table_id=7, size=9.25925MB
table_id=8, size=9.216MB
table_id=9, size=0.828MB
populate elapsed time=1762ms
**********BEGIN EXECUTION PROFILING REPORT**********
**********END EXECUTION PROFILING REPORT**********

**********BEGIN PHASE PROFILING REPORT**********
thread_id = 0, phase = INDEX_INSERT_LOCK, elapsed_time = 154 ms
thread_id = 0, phase = INDEX_INSERT_MUTATE, elapsed_time = 697 ms
thread_id = 0, phase = INDEX_INSERT_GALLOCATE, elapsed_time = 83 ms
**********END PHASE PROFILING REPORT**********

**********BEGIN CC ABORT TIME PROFILING REPORT**********
**********END CC ABORT TIME PROFILING REPORT**********

**********BEGIN CC TS ALLOC TIME PROFILING REPORT**********
**********END CC TS ALLOC TIME PROFILING REPORT**********

**********BEGIN GAM_OPERATION PROFILING REPORT(NOT INCLUDE INDEX RELATED OPERATIONS)**********
**********END GAM_OPERATION PROFILING REPORT**********

read/write access count
total_read_access_count	1247986
total_write_access_count	2776142
total_read_ratio	0.310126
source elapsed time=337ms
start process query
start processing...
execute_count=183935, abort_count=60679, abort_rate=0.329892
elapsed time=22509ms.
throughput=8.17162K tps.
per-core throughput=0.817162K tps.
**********BEGIN EXECUTION PROFILING REPORT**********
thread_id = 0, txn_id = 1, elapsed_time = 19700 ms
thread_id = 0, txn_id = 2, elapsed_time = 2806 ms
thread_id = 1, txn_id = 1, elapsed_time = 20093 ms
thread_id = 1, txn_id = 2, elapsed_time = 2413 ms
thread_id = 2, txn_id = 1, elapsed_time = 20059 ms
thread_id = 2, txn_id = 2, elapsed_time = 2446 ms
thread_id = 3, txn_id = 1, elapsed_time = 19382 ms
thread_id = 3, txn_id = 2, elapsed_time = 3123 ms
thread_id = 4, txn_id = 1, elapsed_time = 20013 ms
thread_id = 4, txn_id = 2, elapsed_time = 2493 ms
thread_id = 5, txn_id = 1, elapsed_time = 19715 ms
thread_id = 5, txn_id = 2, elapsed_time = 2790 ms
thread_id = 6, txn_id = 1, elapsed_time = 19701 ms
thread_id = 6, txn_id = 2, elapsed_time = 2804 ms
thread_id = 7, txn_id = 1, elapsed_time = 19955 ms
thread_id = 7, txn_id = 2, elapsed_time = 2550 ms
thread_id = 8, txn_id = 1, elapsed_time = 20032 ms
thread_id = 8, txn_id = 2, elapsed_time = 2473 ms
thread_id = 9, txn_id = 1, elapsed_time = 19165 ms
thread_id = 9, txn_id = 2, elapsed_time = 3340 ms
**********END EXECUTION PROFILING REPORT**********

**********BEGIN PHASE PROFILING REPORT**********
thread_id = 0, phase = INDEX_READ, elapsed_time = 3780 ms
thread_id = 0, phase = CC_SELECT, elapsed_time = 7509 ms
thread_id = 0, phase = CC_INSERT, elapsed_time = 18 ms
thread_id = 0, phase = CC_COMMIT, elapsed_time = 9191 ms
thread_id = 1, phase = INDEX_READ, elapsed_time = 3516 ms
thread_id = 1, phase = CC_SELECT, elapsed_time = 7489 ms
thread_id = 1, phase = CC_INSERT, elapsed_time = 18 ms
thread_id = 1, phase = CC_COMMIT, elapsed_time = 9534 ms
thread_id = 2, phase = INDEX_READ, elapsed_time = 3451 ms
thread_id = 2, phase = CC_SELECT, elapsed_time = 8432 ms
thread_id = 2, phase = CC_INSERT, elapsed_time = 17 ms
thread_id = 2, phase = CC_COMMIT, elapsed_time = 8920 ms
thread_id = 3, phase = INDEX_READ, elapsed_time = 3563 ms
thread_id = 3, phase = CC_SELECT, elapsed_time = 7631 ms
thread_id = 3, phase = CC_INSERT, elapsed_time = 20 ms
thread_id = 3, phase = CC_COMMIT, elapsed_time = 9591 ms
thread_id = 4, phase = INDEX_READ, elapsed_time = 3462 ms
thread_id = 4, phase = CC_SELECT, elapsed_time = 7323 ms
thread_id = 4, phase = CC_INSERT, elapsed_time = 19 ms
thread_id = 4, phase = CC_COMMIT, elapsed_time = 9586 ms
thread_id = 5, phase = INDEX_READ, elapsed_time = 3425 ms
thread_id = 5, phase = CC_SELECT, elapsed_time = 7676 ms
thread_id = 5, phase = CC_INSERT, elapsed_time = 19 ms
thread_id = 5, phase = CC_COMMIT, elapsed_time = 9120 ms
thread_id = 6, phase = INDEX_READ, elapsed_time = 3239 ms
thread_id = 6, phase = CC_SELECT, elapsed_time = 8595 ms
thread_id = 6, phase = CC_INSERT, elapsed_time = 18 ms
thread_id = 6, phase = CC_COMMIT, elapsed_time = 8524 ms
thread_id = 7, phase = INDEX_READ, elapsed_time = 3430 ms
thread_id = 7, phase = CC_SELECT, elapsed_time = 8252 ms
thread_id = 7, phase = CC_INSERT, elapsed_time = 19 ms
thread_id = 7, phase = CC_COMMIT, elapsed_time = 9070 ms
thread_id = 8, phase = INDEX_READ, elapsed_time = 3566 ms
thread_id = 8, phase = CC_SELECT, elapsed_time = 7179 ms
thread_id = 8, phase = CC_INSERT, elapsed_time = 18 ms
thread_id = 8, phase = CC_COMMIT, elapsed_time = 9388 ms
thread_id = 9, phase = INDEX_READ, elapsed_time = 3458 ms
thread_id = 9, phase = CC_SELECT, elapsed_time = 8029 ms
thread_id = 9, phase = CC_INSERT, elapsed_time = 19 ms
thread_id = 9, phase = CC_COMMIT, elapsed_time = 8812 ms
**********END PHASE PROFILING REPORT**********

**********BEGIN CC ABORT TIME PROFILING REPORT**********
thread_id = 0, elapsed_time = 4856 ms
thread_id = 1, elapsed_time = 4736 ms
thread_id = 2, elapsed_time = 3019 ms
thread_id = 3, elapsed_time = 3420 ms
thread_id = 4, elapsed_time = 5145 ms
thread_id = 5, elapsed_time = 5275 ms
thread_id = 6, elapsed_time = 3638 ms
thread_id = 7, elapsed_time = 3182 ms
thread_id = 8, elapsed_time = 5089 ms
thread_id = 9, elapsed_time = 4997 ms
**********END CC ABORT TIME PROFILING REPORT**********

**********BEGIN CC TS ALLOC TIME PROFILING REPORT**********
thread_id = 0, elapsed_time = 115 ms
thread_id = 1, elapsed_time = 118 ms
thread_id = 2, elapsed_time = 107 ms
thread_id = 3, elapsed_time = 103 ms
thread_id = 4, elapsed_time = 115 ms
thread_id = 5, elapsed_time = 104 ms
thread_id = 6, elapsed_time = 117 ms
thread_id = 7, elapsed_time = 115 ms
thread_id = 8, elapsed_time = 117 ms
thread_id = 9, elapsed_time = 117 ms
**********END CC TS ALLOC TIME PROFILING REPORT**********

**********BEGIN GAM_OPERATION PROFILING REPORT(NOT INCLUDE INDEX RELATED OPERATIONS)**********
thread_id = 0, gam operation = GAM_READ, elapsed_time = 8686 ms
thread_id = 0, gam operation = GAM_WRITE, elapsed_time = 918 ms
thread_id = 0, gam operation = GAM_WLOCK, elapsed_time = 6340 ms
thread_id = 0, gam operation = GAM_UNLOCK, elapsed_time = 693 ms
thread_id = 0, gam operation = GAM_MALLOC, elapsed_time = 1327 ms
thread_id = 1, gam operation = GAM_READ, elapsed_time = 8667 ms
thread_id = 1, gam operation = GAM_WRITE, elapsed_time = 905 ms
thread_id = 1, gam operation = GAM_WLOCK, elapsed_time = 6696 ms
thread_id = 1, gam operation = GAM_UNLOCK, elapsed_time = 674 ms
thread_id = 1, gam operation = GAM_MALLOC, elapsed_time = 1345 ms
thread_id = 2, gam operation = GAM_READ, elapsed_time = 9572 ms
thread_id = 2, gam operation = GAM_WRITE, elapsed_time = 989 ms
thread_id = 2, gam operation = GAM_WLOCK, elapsed_time = 6013 ms
thread_id = 2, gam operation = GAM_UNLOCK, elapsed_time = 697 ms
thread_id = 2, gam operation = GAM_MALLOC, elapsed_time = 1159 ms
thread_id = 3, gam operation = GAM_READ, elapsed_time = 8806 ms
thread_id = 3, gam operation = GAM_WRITE, elapsed_time = 994 ms
thread_id = 3, gam operation = GAM_WLOCK, elapsed_time = 6683 ms
thread_id = 3, gam operation = GAM_UNLOCK, elapsed_time = 676 ms
thread_id = 3, gam operation = GAM_MALLOC, elapsed_time = 1146 ms
thread_id = 4, gam operation = GAM_READ, elapsed_time = 8464 ms
thread_id = 4, gam operation = GAM_WRITE, elapsed_time = 893 ms
thread_id = 4, gam operation = GAM_WLOCK, elapsed_time = 6679 ms
thread_id = 4, gam operation = GAM_UNLOCK, elapsed_time = 779 ms
thread_id = 4, gam operation = GAM_MALLOC, elapsed_time = 1448 ms
thread_id = 5, gam operation = GAM_READ, elapsed_time = 8830 ms
thread_id = 5, gam operation = GAM_WRITE, elapsed_time = 885 ms
thread_id = 5, gam operation = GAM_WLOCK, elapsed_time = 6269 ms
thread_id = 5, gam operation = GAM_UNLOCK, elapsed_time = 730 ms
thread_id = 5, gam operation = GAM_MALLOC, elapsed_time = 1636 ms
thread_id = 6, gam operation = GAM_READ, elapsed_time = 9696 ms
thread_id = 6, gam operation = GAM_WRITE, elapsed_time = 952 ms
thread_id = 6, gam operation = GAM_WLOCK, elapsed_time = 5613 ms
thread_id = 6, gam operation = GAM_UNLOCK, elapsed_time = 752 ms
thread_id = 6, gam operation = GAM_MALLOC, elapsed_time = 1560 ms
thread_id = 7, gam operation = GAM_READ, elapsed_time = 9371 ms
thread_id = 7, gam operation = GAM_WRITE, elapsed_time = 966 ms
thread_id = 7, gam operation = GAM_WLOCK, elapsed_time = 6178 ms
thread_id = 7, gam operation = GAM_UNLOCK, elapsed_time = 714 ms
thread_id = 7, gam operation = GAM_MALLOC, elapsed_time = 1164 ms
thread_id = 8, gam operation = GAM_READ, elapsed_time = 8346 ms
thread_id = 8, gam operation = GAM_WRITE, elapsed_time = 923 ms
thread_id = 8, gam operation = GAM_WLOCK, elapsed_time = 6535 ms
thread_id = 8, gam operation = GAM_UNLOCK, elapsed_time = 679 ms
thread_id = 8, gam operation = GAM_MALLOC, elapsed_time = 1687 ms
thread_id = 9, gam operation = GAM_READ, elapsed_time = 9155 ms
thread_id = 9, gam operation = GAM_WRITE, elapsed_time = 893 ms
thread_id = 9, gam operation = GAM_WLOCK, elapsed_time = 5937 ms
thread_id = 9, gam operation = GAM_UNLOCK, elapsed_time = 752 ms
thread_id = 9, gam operation = GAM_MALLOC, elapsed_time = 1548 ms
**********END GAM_OPERATION PROFILING REPORT**********

start process query
start processing...
execute_count=180671, abort_count=60168, abort_rate=0.333023
elapsed time=22723ms.
throughput=7.95102K tps.
per-core throughput=0.795102K tps.
**********BEGIN EXECUTION PROFILING REPORT**********
thread_id = 0, txn_id = 1, elapsed_time = 18483 ms
thread_id = 0, txn_id = 2, elapsed_time = 4237 ms
thread_id = 1, txn_id = 1, elapsed_time = 20430 ms
thread_id = 1, txn_id = 2, elapsed_time = 2290 ms
thread_id = 2, txn_id = 1, elapsed_time = 20426 ms
thread_id = 2, txn_id = 2, elapsed_time = 2294 ms
thread_id = 3, txn_id = 1, elapsed_time = 19540 ms
thread_id = 3, txn_id = 2, elapsed_time = 3180 ms
thread_id = 4, txn_id = 1, elapsed_time = 20278 ms
thread_id = 4, txn_id = 2, elapsed_time = 2442 ms
thread_id = 5, txn_id = 1, elapsed_time = 20610 ms
thread_id = 5, txn_id = 2, elapsed_time = 2110 ms
thread_id = 6, txn_id = 1, elapsed_time = 19166 ms
thread_id = 6, txn_id = 2, elapsed_time = 3554 ms
thread_id = 7, txn_id = 1, elapsed_time = 19849 ms
thread_id = 7, txn_id = 2, elapsed_time = 2870 ms
thread_id = 8, txn_id = 1, elapsed_time = 20339 ms
thread_id = 8, txn_id = 2, elapsed_time = 2381 ms
thread_id = 9, txn_id = 1, elapsed_time = 20612 ms
thread_id = 9, txn_id = 2, elapsed_time = 2108 ms
**********END EXECUTION PROFILING REPORT**********

**********BEGIN PHASE PROFILING REPORT**********
thread_id = 0, phase = INDEX_READ, elapsed_time = 2757 ms
thread_id = 0, phase = CC_SELECT, elapsed_time = 9079 ms
thread_id = 0, phase = CC_INSERT, elapsed_time = 15 ms
thread_id = 0, phase = CC_COMMIT, elapsed_time = 8996 ms
thread_id = 1, phase = INDEX_READ, elapsed_time = 2678 ms
thread_id = 1, phase = CC_SELECT, elapsed_time = 8748 ms
thread_id = 1, phase = CC_INSERT, elapsed_time = 15 ms
thread_id = 1, phase = CC_COMMIT, elapsed_time = 9323 ms
thread_id = 2, phase = INDEX_READ, elapsed_time = 2616 ms
thread_id = 2, phase = CC_SELECT, elapsed_time = 10105 ms
thread_id = 2, phase = CC_INSERT, elapsed_time = 15 ms
thread_id = 2, phase = CC_COMMIT, elapsed_time = 8471 ms
thread_id = 3, phase = INDEX_READ, elapsed_time = 2611 ms
thread_id = 3, phase = CC_SELECT, elapsed_time = 9128 ms
thread_id = 3, phase = CC_INSERT, elapsed_time = 15 ms
thread_id = 3, phase = CC_COMMIT, elapsed_time = 9271 ms
thread_id = 4, phase = INDEX_READ, elapsed_time = 2754 ms
thread_id = 4, phase = CC_SELECT, elapsed_time = 9495 ms
thread_id = 4, phase = CC_INSERT, elapsed_time = 15 ms
thread_id = 4, phase = CC_COMMIT, elapsed_time = 8406 ms
thread_id = 5, phase = INDEX_READ, elapsed_time = 2679 ms
thread_id = 5, phase = CC_SELECT, elapsed_time = 8497 ms
thread_id = 5, phase = CC_INSERT, elapsed_time = 15 ms
thread_id = 5, phase = CC_COMMIT, elapsed_time = 9782 ms
thread_id = 6, phase = INDEX_READ, elapsed_time = 2615 ms
thread_id = 6, phase = CC_SELECT, elapsed_time = 8051 ms
thread_id = 6, phase = CC_INSERT, elapsed_time = 15 ms
thread_id = 6, phase = CC_COMMIT, elapsed_time = 9664 ms
thread_id = 7, phase = INDEX_READ, elapsed_time = 2593 ms
thread_id = 7, phase = CC_SELECT, elapsed_time = 8173 ms
thread_id = 7, phase = CC_INSERT, elapsed_time = 14 ms
thread_id = 7, phase = CC_COMMIT, elapsed_time = 10195 ms
thread_id = 8, phase = INDEX_READ, elapsed_time = 2742 ms
thread_id = 8, phase = CC_SELECT, elapsed_time = 9693 ms
thread_id = 8, phase = CC_INSERT, elapsed_time = 16 ms
thread_id = 8, phase = CC_COMMIT, elapsed_time = 8296 ms
thread_id = 9, phase = INDEX_READ, elapsed_time = 2665 ms
thread_id = 9, phase = CC_SELECT, elapsed_time = 8942 ms
thread_id = 9, phase = CC_INSERT, elapsed_time = 15 ms
thread_id = 9, phase = CC_COMMIT, elapsed_time = 9214 ms
**********END PHASE PROFILING REPORT**********

**********BEGIN CC ABORT TIME PROFILING REPORT**********
thread_id = 0, elapsed_time = 5170 ms
thread_id = 1, elapsed_time = 5040 ms
thread_id = 2, elapsed_time = 3185 ms
thread_id = 3, elapsed_time = 3054 ms
thread_id = 4, elapsed_time = 6198 ms
thread_id = 5, elapsed_time = 4715 ms
thread_id = 6, elapsed_time = 3189 ms
thread_id = 7, elapsed_time = 3208 ms
thread_id = 8, elapsed_time = 4992 ms
thread_id = 9, elapsed_time = 5114 ms
**********END CC ABORT TIME PROFILING REPORT**********

**********BEGIN CC TS ALLOC TIME PROFILING REPORT**********
thread_id = 0, elapsed_time = 109 ms
thread_id = 1, elapsed_time = 103 ms
thread_id = 2, elapsed_time = 107 ms
thread_id = 3, elapsed_time = 130 ms
thread_id = 4, elapsed_time = 131 ms
thread_id = 5, elapsed_time = 104 ms
thread_id = 6, elapsed_time = 110 ms
thread_id = 7, elapsed_time = 104 ms
thread_id = 8, elapsed_time = 107 ms
thread_id = 9, elapsed_time = 126 ms
**********END CC TS ALLOC TIME PROFILING REPORT**********

**********BEGIN GAM_OPERATION PROFILING REPORT(NOT INCLUDE INDEX RELATED OPERATIONS)**********
thread_id = 0, gam operation = GAM_READ, elapsed_time = 10260 ms
thread_id = 0, gam operation = GAM_WRITE, elapsed_time = 934 ms
thread_id = 0, gam operation = GAM_WLOCK, elapsed_time = 6083 ms
thread_id = 0, gam operation = GAM_UNLOCK, elapsed_time = 704 ms
thread_id = 0, gam operation = GAM_MALLOC, elapsed_time = 1255 ms
thread_id = 1, gam operation = GAM_READ, elapsed_time = 9966 ms
thread_id = 1, gam operation = GAM_WRITE, elapsed_time = 943 ms
thread_id = 1, gam operation = GAM_WLOCK, elapsed_time = 6381 ms
thread_id = 1, gam operation = GAM_UNLOCK, elapsed_time = 724 ms
thread_id = 1, gam operation = GAM_MALLOC, elapsed_time = 1337 ms
thread_id = 2, gam operation = GAM_READ, elapsed_time = 11279 ms
thread_id = 2, gam operation = GAM_WRITE, elapsed_time = 1044 ms
thread_id = 2, gam operation = GAM_WLOCK, elapsed_time = 5483 ms
thread_id = 2, gam operation = GAM_UNLOCK, elapsed_time = 699 ms
thread_id = 2, gam operation = GAM_MALLOC, elapsed_time = 968 ms
thread_id = 3, gam operation = GAM_READ, elapsed_time = 10325 ms
thread_id = 3, gam operation = GAM_WRITE, elapsed_time = 1012 ms
thread_id = 3, gam operation = GAM_WLOCK, elapsed_time = 6230 ms
thread_id = 3, gam operation = GAM_UNLOCK, elapsed_time = 733 ms
thread_id = 3, gam operation = GAM_MALLOC, elapsed_time = 1158 ms
thread_id = 4, gam operation = GAM_READ, elapsed_time = 10710 ms
thread_id = 4, gam operation = GAM_WRITE, elapsed_time = 902 ms
thread_id = 4, gam operation = GAM_WLOCK, elapsed_time = 5447 ms
thread_id = 4, gam operation = GAM_UNLOCK, elapsed_time = 749 ms
thread_id = 4, gam operation = GAM_MALLOC, elapsed_time = 1397 ms
thread_id = 5, gam operation = GAM_READ, elapsed_time = 9717 ms
thread_id = 5, gam operation = GAM_WRITE, elapsed_time = 928 ms
thread_id = 5, gam operation = GAM_WLOCK, elapsed_time = 6843 ms
thread_id = 5, gam operation = GAM_UNLOCK, elapsed_time = 733 ms
thread_id = 5, gam operation = GAM_MALLOC, elapsed_time = 1129 ms
thread_id = 6, gam operation = GAM_READ, elapsed_time = 9206 ms
thread_id = 6, gam operation = GAM_WRITE, elapsed_time = 1017 ms
thread_id = 6, gam operation = GAM_WLOCK, elapsed_time = 6689 ms
thread_id = 6, gam operation = GAM_UNLOCK, elapsed_time = 706 ms
thread_id = 6, gam operation = GAM_MALLOC, elapsed_time = 1815 ms
thread_id = 7, gam operation = GAM_READ, elapsed_time = 9357 ms
thread_id = 7, gam operation = GAM_WRITE, elapsed_time = 999 ms
thread_id = 7, gam operation = GAM_WLOCK, elapsed_time = 7218 ms
thread_id = 7, gam operation = GAM_UNLOCK, elapsed_time = 723 ms
thread_id = 7, gam operation = GAM_MALLOC, elapsed_time = 1201 ms
thread_id = 8, gam operation = GAM_READ, elapsed_time = 10878 ms
thread_id = 8, gam operation = GAM_WRITE, elapsed_time = 938 ms
thread_id = 8, gam operation = GAM_WLOCK, elapsed_time = 5378 ms
thread_id = 8, gam operation = GAM_UNLOCK, elapsed_time = 701 ms
thread_id = 8, gam operation = GAM_MALLOC, elapsed_time = 1325 ms
thread_id = 9, gam operation = GAM_READ, elapsed_time = 10164 ms
thread_id = 9, gam operation = GAM_WRITE, elapsed_time = 931 ms
thread_id = 9, gam operation = GAM_WLOCK, elapsed_time = 6217 ms
thread_id = 9, gam operation = GAM_UNLOCK, elapsed_time = 748 ms
thread_id = 9, gam operation = GAM_MALLOC, elapsed_time = 1251 ms
**********END GAM_OPERATION PROFILING REPORT**********

total_count=180671,total_abort_count=60168,throughput=7.95102,thread_count_=10,elapsed_time=22723
total_count=185335,total_abort_count=60351,throughput=7.59445,thread_count_=10,elapsed_time=24404
total_count=185093,total_abort_count=60403,throughput=7.6917,thread_count_=10,elapsed_time=24064
==================== perf statistics summary ====================
agg_total_count	551099
agg_total_abort_count	180922
abort_rate	0.328293
per_node_elapsed_time	23730.333333
total_throughput	23.237168
per_node_throughput	7.745723
per_core_throughput	0.774572
==================== end ====================
prepare to exit...
over..
