server name=lab505-158,port_no=11111
============= tpcc_scale_params ===========
num_warehouses=10,starting_warehouse_=1,ending_warehouse_=10
partition_id_0
scale_factor_=10
num_items_=10000
num_districts_per_warehouse_=10
num_customers_per_district_=300
num_new_orders_per_district_=90
dist_ratio=1, gStandard=1, gForceRandomAccess=0, gTimeLocality=0, gReadRatio=0
============= end ===========
GAllocator config info: is_master=1,master_ip=10.77.110.158,master_port=12345,worker_ip=10.77.110.158,worker_port=12346
[1641251] 10 Jan 08:56:14.297 - [worker.cc:117-Worker()] LRU eviction is enabled, max cache lines = 5033164, reserved mem size = 17179869184, cache_percentage = 0.150000, block_size = 512
create default gallocator
storage_addr=281475022798848
monotone_ts_addr=281474988244480
start population
table_id=0, size=11.3MB
table_id=1, size=40.9MB
table_id=2, size=0.00144MB
table_id=3, size=0.0152MB
table_id=4, size=0.0013MB
table_id=5, size=0.117MB
table_id=6, size=1.11MB
table_id=7, size=23.0652MB
table_id=8, size=23.04MB
table_id=9, size=2.07MB
populate elapsed time=3994ms
**********BEGIN EXECUTION PROFILING REPORT**********

avg execution_time = 0 ms
**********END EXECUTION PROFILING REPORT**********

**********BEGIN PHASE PROFILING REPORT**********
thread_id = 0, phase = INDEX_INSERT_LOCK, elapsed_time = 360 ms
thread_id = 0, phase = INDEX_INSERT_MUTATE, elapsed_time = 1433 ms
thread_id = 0, phase = INDEX_INSERT_GALLOCATE, elapsed_time = 194 ms

phase = INDEX_INSERT_LOCK, avg elapsed_time = 36 ms
phase = INDEX_INSERT_MUTATE, avg elapsed_time = 143 ms
phase = INDEX_INSERT_GALLOCATE, avg elapsed_time = 19 ms
**********END PHASE PROFILING REPORT**********

**********BEGIN CC ABORT TIME PROFILING REPORT**********

avg abort time = 0 ms
**********END CC ABORT TIME PROFILING REPORT**********

**********BEGIN CC TS ALLOC TIME PROFILING REPORT**********

avg cc_ts_alloc_time = 0 ms
**********END CC TS ALLOC TIME PROFILING REPORT**********

**********BEGIN GAM_OPERATION PROFILING REPORT(NOT INCLUDE INDEX RELATED OPERATIONS)**********

**********END GAM_OPERATION PROFILING REPORT**********

read/write access count
total_read_access_count	1244782
total_write_access_count	2770354
total_read_ratio	0.310022
source elapsed time=366ms
start process query
start processing...
execute_count=192169, abort_count=130, abort_rate=0.000676484
elapsed time=1134ms.
throughput=169.461K tps.
per-core throughput=16.9461K tps.
**********BEGIN EXECUTION PROFILING REPORT**********
thread_id = 0, txn_id = 1, execution_time = 1010 ms
thread_id = 0, txn_id = 2, execution_time = 121 ms
thread_id = 0, execution_time_total = 1131 ms
thread_id = 1, txn_id = 1, execution_time = 1012 ms
thread_id = 1, txn_id = 2, execution_time = 119 ms
thread_id = 1, execution_time_total = 1131 ms
thread_id = 2, txn_id = 1, execution_time = 1006 ms
thread_id = 2, txn_id = 2, execution_time = 125 ms
thread_id = 2, execution_time_total = 1131 ms
thread_id = 3, txn_id = 1, execution_time = 1012 ms
thread_id = 3, txn_id = 2, execution_time = 119 ms
thread_id = 3, execution_time_total = 1131 ms
thread_id = 4, txn_id = 1, execution_time = 1010 ms
thread_id = 4, txn_id = 2, execution_time = 121 ms
thread_id = 4, execution_time_total = 1131 ms
thread_id = 5, txn_id = 1, execution_time = 1008 ms
thread_id = 5, txn_id = 2, execution_time = 123 ms
thread_id = 5, execution_time_total = 1131 ms
thread_id = 6, txn_id = 1, execution_time = 1013 ms
thread_id = 6, txn_id = 2, execution_time = 118 ms
thread_id = 6, execution_time_total = 1131 ms
thread_id = 7, txn_id = 1, execution_time = 1009 ms
thread_id = 7, txn_id = 2, execution_time = 122 ms
thread_id = 7, execution_time_total = 1131 ms
thread_id = 8, txn_id = 1, execution_time = 1011 ms
thread_id = 8, txn_id = 2, execution_time = 120 ms
thread_id = 8, execution_time_total = 1131 ms
thread_id = 9, txn_id = 1, execution_time = 1013 ms
thread_id = 9, txn_id = 2, execution_time = 118 ms
thread_id = 9, execution_time_total = 1131 ms

avg execution_time = 1131 ms
**********END EXECUTION PROFILING REPORT**********

**********BEGIN PHASE PROFILING REPORT**********
thread_id = 0, phase = INDEX_READ, elapsed_time = 244 ms
thread_id = 0, phase = CC_SELECT, elapsed_time = 384 ms
thread_id = 0, phase = CC_COMMIT, elapsed_time = 405 ms
thread_id = 0, phase = CC_ABORT, elapsed_time = 0 ms
thread_id = 1, phase = INDEX_READ, elapsed_time = 249 ms
thread_id = 1, phase = CC_SELECT, elapsed_time = 390 ms
thread_id = 1, phase = CC_COMMIT, elapsed_time = 410 ms
thread_id = 1, phase = CC_ABORT, elapsed_time = 0 ms
thread_id = 2, phase = INDEX_READ, elapsed_time = 241 ms
thread_id = 2, phase = CC_SELECT, elapsed_time = 390 ms
thread_id = 2, phase = CC_COMMIT, elapsed_time = 421 ms
thread_id = 2, phase = CC_ABORT, elapsed_time = 0 ms
thread_id = 3, phase = INDEX_READ, elapsed_time = 251 ms
thread_id = 3, phase = CC_SELECT, elapsed_time = 394 ms
thread_id = 3, phase = CC_COMMIT, elapsed_time = 407 ms
thread_id = 3, phase = CC_ABORT, elapsed_time = 0 ms
thread_id = 4, phase = INDEX_READ, elapsed_time = 248 ms
thread_id = 4, phase = CC_SELECT, elapsed_time = 394 ms
thread_id = 4, phase = CC_COMMIT, elapsed_time = 405 ms
thread_id = 4, phase = CC_ABORT, elapsed_time = 0 ms
thread_id = 5, phase = INDEX_READ, elapsed_time = 246 ms
thread_id = 5, phase = CC_SELECT, elapsed_time = 392 ms
thread_id = 5, phase = CC_COMMIT, elapsed_time = 415 ms
thread_id = 5, phase = CC_ABORT, elapsed_time = 0 ms
thread_id = 6, phase = INDEX_READ, elapsed_time = 249 ms
thread_id = 6, phase = CC_SELECT, elapsed_time = 388 ms
thread_id = 6, phase = CC_COMMIT, elapsed_time = 417 ms
thread_id = 6, phase = CC_ABORT, elapsed_time = 0 ms
thread_id = 7, phase = INDEX_READ, elapsed_time = 247 ms
thread_id = 7, phase = CC_SELECT, elapsed_time = 399 ms
thread_id = 7, phase = CC_COMMIT, elapsed_time = 409 ms
thread_id = 7, phase = CC_ABORT, elapsed_time = 0 ms
thread_id = 8, phase = INDEX_READ, elapsed_time = 249 ms
thread_id = 8, phase = CC_SELECT, elapsed_time = 397 ms
thread_id = 8, phase = CC_COMMIT, elapsed_time = 403 ms
thread_id = 8, phase = CC_ABORT, elapsed_time = 0 ms
thread_id = 9, phase = INDEX_READ, elapsed_time = 242 ms
thread_id = 9, phase = CC_SELECT, elapsed_time = 403 ms
thread_id = 9, phase = CC_COMMIT, elapsed_time = 408 ms
thread_id = 9, phase = CC_ABORT, elapsed_time = 0 ms

phase = INDEX_READ, avg elapsed_time = 246 ms
phase = CC_SELECT, avg elapsed_time = 393 ms
phase = CC_COMMIT, avg elapsed_time = 410 ms
phase = CC_ABORT, avg elapsed_time = 0 ms
**********END PHASE PROFILING REPORT**********

**********BEGIN CC ABORT TIME PROFILING REPORT**********
thread_id = 0, abort_time = 1 ms
thread_id = 1, abort_time = 1 ms
thread_id = 2, abort_time = 1 ms
thread_id = 3, abort_time = 1 ms
thread_id = 4, abort_time = 1 ms
thread_id = 5, abort_time = 1 ms
thread_id = 6, abort_time = 1 ms
thread_id = 7, abort_time = 0 ms
thread_id = 8, abort_time = 1 ms
thread_id = 9, abort_time = 1 ms

avg abort time = 0 ms
**********END CC ABORT TIME PROFILING REPORT**********

**********BEGIN CC TS ALLOC TIME PROFILING REPORT**********

avg cc_ts_alloc_time = 0 ms
**********END CC TS ALLOC TIME PROFILING REPORT**********

**********BEGIN GAM_OPERATION PROFILING REPORT(NOT INCLUDE INDEX RELATED OPERATIONS)**********
thread_id = 0, gam operation = GAM_READ, elapsed_time = 83 ms
thread_id = 0, gam operation = GAM_WRITE, elapsed_time = 50 ms
thread_id = 0, gam operation = GAM_TRY_RLOCK, elapsed_time = 91 ms
thread_id = 0, gam operation = GAM_TRY_WLOCK, elapsed_time = 119 ms
thread_id = 0, gam operation = GAM_UNLOCK, elapsed_time = 285 ms
thread_id = 1, gam operation = GAM_READ, elapsed_time = 86 ms
thread_id = 1, gam operation = GAM_WRITE, elapsed_time = 51 ms
thread_id = 1, gam operation = GAM_TRY_RLOCK, elapsed_time = 85 ms
thread_id = 1, gam operation = GAM_TRY_WLOCK, elapsed_time = 119 ms
thread_id = 1, gam operation = GAM_UNLOCK, elapsed_time = 286 ms
thread_id = 2, gam operation = GAM_READ, elapsed_time = 81 ms
thread_id = 2, gam operation = GAM_WRITE, elapsed_time = 47 ms
thread_id = 2, gam operation = GAM_TRY_RLOCK, elapsed_time = 88 ms
thread_id = 2, gam operation = GAM_TRY_WLOCK, elapsed_time = 122 ms
thread_id = 2, gam operation = GAM_UNLOCK, elapsed_time = 302 ms
thread_id = 3, gam operation = GAM_READ, elapsed_time = 85 ms
thread_id = 3, gam operation = GAM_WRITE, elapsed_time = 50 ms
thread_id = 3, gam operation = GAM_TRY_RLOCK, elapsed_time = 85 ms
thread_id = 3, gam operation = GAM_TRY_WLOCK, elapsed_time = 123 ms
thread_id = 3, gam operation = GAM_UNLOCK, elapsed_time = 283 ms
thread_id = 4, gam operation = GAM_READ, elapsed_time = 86 ms
thread_id = 4, gam operation = GAM_WRITE, elapsed_time = 50 ms
thread_id = 4, gam operation = GAM_TRY_RLOCK, elapsed_time = 85 ms
thread_id = 4, gam operation = GAM_TRY_WLOCK, elapsed_time = 122 ms
thread_id = 4, gam operation = GAM_UNLOCK, elapsed_time = 283 ms
thread_id = 5, gam operation = GAM_READ, elapsed_time = 91 ms
thread_id = 5, gam operation = GAM_WRITE, elapsed_time = 53 ms
thread_id = 5, gam operation = GAM_TRY_RLOCK, elapsed_time = 83 ms
thread_id = 5, gam operation = GAM_TRY_WLOCK, elapsed_time = 118 ms
thread_id = 5, gam operation = GAM_UNLOCK, elapsed_time = 288 ms
thread_id = 6, gam operation = GAM_READ, elapsed_time = 82 ms
thread_id = 6, gam operation = GAM_WRITE, elapsed_time = 47 ms
thread_id = 6, gam operation = GAM_TRY_RLOCK, elapsed_time = 87 ms
thread_id = 6, gam operation = GAM_TRY_WLOCK, elapsed_time = 121 ms
thread_id = 6, gam operation = GAM_UNLOCK, elapsed_time = 295 ms
thread_id = 7, gam operation = GAM_READ, elapsed_time = 84 ms
thread_id = 7, gam operation = GAM_WRITE, elapsed_time = 49 ms
thread_id = 7, gam operation = GAM_TRY_RLOCK, elapsed_time = 91 ms
thread_id = 7, gam operation = GAM_TRY_WLOCK, elapsed_time = 123 ms
thread_id = 7, gam operation = GAM_UNLOCK, elapsed_time = 288 ms
thread_id = 8, gam operation = GAM_READ, elapsed_time = 85 ms
thread_id = 8, gam operation = GAM_WRITE, elapsed_time = 49 ms
thread_id = 8, gam operation = GAM_TRY_RLOCK, elapsed_time = 92 ms
thread_id = 8, gam operation = GAM_TRY_WLOCK, elapsed_time = 121 ms
thread_id = 8, gam operation = GAM_UNLOCK, elapsed_time = 279 ms
thread_id = 9, gam operation = GAM_READ, elapsed_time = 83 ms
thread_id = 9, gam operation = GAM_WRITE, elapsed_time = 50 ms
thread_id = 9, gam operation = GAM_TRY_RLOCK, elapsed_time = 92 ms
thread_id = 9, gam operation = GAM_TRY_WLOCK, elapsed_time = 120 ms
thread_id = 9, gam operation = GAM_UNLOCK, elapsed_time = 281 ms

gam operation = GAM_READ, avg elapsed_time = 84 ms
gam operation = GAM_WRITE, avg elapsed_time = 49 ms
gam operation = GAM_TRY_RLOCK, avg elapsed_time = 87 ms
gam operation = GAM_TRY_WLOCK, avg elapsed_time = 120 ms
gam operation = GAM_UNLOCK, avg elapsed_time = 287 ms
**********END GAM_OPERATION PROFILING REPORT**********

start process query
start processing...
execute_count=192413, abort_count=211, abort_rate=0.00109659
elapsed time=1165ms.
throughput=165.161K tps.
per-core throughput=16.5161K tps.
**********BEGIN EXECUTION PROFILING REPORT**********
thread_id = 0, txn_id = 1, execution_time = 1030 ms
thread_id = 0, txn_id = 2, execution_time = 131 ms
thread_id = 0, execution_time_total = 1161 ms
thread_id = 1, txn_id = 1, execution_time = 1037 ms
thread_id = 1, txn_id = 2, execution_time = 124 ms
thread_id = 1, execution_time_total = 1161 ms
thread_id = 2, txn_id = 1, execution_time = 1027 ms
thread_id = 2, txn_id = 2, execution_time = 134 ms
thread_id = 2, execution_time_total = 1161 ms
thread_id = 3, txn_id = 1, execution_time = 1038 ms
thread_id = 3, txn_id = 2, execution_time = 124 ms
thread_id = 3, execution_time_total = 1162 ms
thread_id = 4, txn_id = 1, execution_time = 1034 ms
thread_id = 4, txn_id = 2, execution_time = 127 ms
thread_id = 4, execution_time_total = 1161 ms
thread_id = 5, txn_id = 1, execution_time = 1033 ms
thread_id = 5, txn_id = 2, execution_time = 128 ms
thread_id = 5, execution_time_total = 1161 ms
thread_id = 6, txn_id = 1, execution_time = 1034 ms
thread_id = 6, txn_id = 2, execution_time = 127 ms
thread_id = 6, execution_time_total = 1161 ms
thread_id = 7, txn_id = 1, execution_time = 1032 ms
thread_id = 7, txn_id = 2, execution_time = 129 ms
thread_id = 7, execution_time_total = 1161 ms
thread_id = 8, txn_id = 1, execution_time = 1034 ms
thread_id = 8, txn_id = 2, execution_time = 127 ms
thread_id = 8, execution_time_total = 1161 ms
thread_id = 9, txn_id = 1, execution_time = 1034 ms
thread_id = 9, txn_id = 2, execution_time = 127 ms
thread_id = 9, execution_time_total = 1161 ms

avg execution_time = 1161 ms
**********END EXECUTION PROFILING REPORT**********

**********BEGIN PHASE PROFILING REPORT**********
thread_id = 0, phase = INDEX_READ, elapsed_time = 254 ms
thread_id = 0, phase = CC_SELECT, elapsed_time = 402 ms
thread_id = 0, phase = CC_COMMIT, elapsed_time = 377 ms
thread_id = 0, phase = CC_ABORT, elapsed_time = 0 ms
thread_id = 1, phase = INDEX_READ, elapsed_time = 239 ms
thread_id = 1, phase = CC_SELECT, elapsed_time = 410 ms
thread_id = 1, phase = CC_COMMIT, elapsed_time = 411 ms
thread_id = 1, phase = CC_ABORT, elapsed_time = 0 ms
thread_id = 2, phase = INDEX_READ, elapsed_time = 227 ms
thread_id = 2, phase = CC_SELECT, elapsed_time = 415 ms
thread_id = 2, phase = CC_COMMIT, elapsed_time = 398 ms
thread_id = 2, phase = CC_ABORT, elapsed_time = 0 ms
thread_id = 3, phase = INDEX_READ, elapsed_time = 236 ms
thread_id = 3, phase = CC_SELECT, elapsed_time = 424 ms
thread_id = 3, phase = CC_COMMIT, elapsed_time = 409 ms
thread_id = 3, phase = CC_ABORT, elapsed_time = 0 ms
thread_id = 4, phase = INDEX_READ, elapsed_time = 234 ms
thread_id = 4, phase = CC_SELECT, elapsed_time = 422 ms
thread_id = 4, phase = CC_COMMIT, elapsed_time = 409 ms
thread_id = 4, phase = CC_ABORT, elapsed_time = 0 ms
thread_id = 5, phase = INDEX_READ, elapsed_time = 240 ms
thread_id = 5, phase = CC_SELECT, elapsed_time = 416 ms
thread_id = 5, phase = CC_COMMIT, elapsed_time = 414 ms
thread_id = 5, phase = CC_ABORT, elapsed_time = 0 ms
thread_id = 6, phase = INDEX_READ, elapsed_time = 243 ms
thread_id = 6, phase = CC_SELECT, elapsed_time = 416 ms
thread_id = 6, phase = CC_COMMIT, elapsed_time = 403 ms
thread_id = 6, phase = CC_ABORT, elapsed_time = 0 ms
thread_id = 7, phase = INDEX_READ, elapsed_time = 243 ms
thread_id = 7, phase = CC_SELECT, elapsed_time = 422 ms
thread_id = 7, phase = CC_COMMIT, elapsed_time = 413 ms
thread_id = 7, phase = CC_ABORT, elapsed_time = 0 ms
thread_id = 8, phase = INDEX_READ, elapsed_time = 238 ms
thread_id = 8, phase = CC_SELECT, elapsed_time = 420 ms
thread_id = 8, phase = CC_COMMIT, elapsed_time = 414 ms
thread_id = 8, phase = CC_ABORT, elapsed_time = 1 ms
thread_id = 9, phase = INDEX_READ, elapsed_time = 234 ms
thread_id = 9, phase = CC_SELECT, elapsed_time = 421 ms
thread_id = 9, phase = CC_COMMIT, elapsed_time = 420 ms
thread_id = 9, phase = CC_ABORT, elapsed_time = 0 ms

phase = INDEX_READ, avg elapsed_time = 238 ms
phase = CC_SELECT, avg elapsed_time = 416 ms
phase = CC_COMMIT, avg elapsed_time = 406 ms
phase = CC_ABORT, avg elapsed_time = 0 ms
**********END PHASE PROFILING REPORT**********

**********BEGIN CC ABORT TIME PROFILING REPORT**********
thread_id = 0, abort_time = 1 ms
thread_id = 1, abort_time = 0 ms
thread_id = 2, abort_time = 1 ms
thread_id = 3, abort_time = 1 ms
thread_id = 4, abort_time = 1 ms
thread_id = 5, abort_time = 1 ms
thread_id = 6, abort_time = 1 ms
thread_id = 7, abort_time = 1 ms
thread_id = 8, abort_time = 6 ms
thread_id = 9, abort_time = 1 ms

avg abort time = 1 ms
**********END CC ABORT TIME PROFILING REPORT**********

**********BEGIN CC TS ALLOC TIME PROFILING REPORT**********

avg cc_ts_alloc_time = 0 ms
**********END CC TS ALLOC TIME PROFILING REPORT**********

**********BEGIN GAM_OPERATION PROFILING REPORT(NOT INCLUDE INDEX RELATED OPERATIONS)**********
thread_id = 0, gam operation = GAM_READ, elapsed_time = 75 ms
thread_id = 0, gam operation = GAM_WRITE, elapsed_time = 42 ms
thread_id = 0, gam operation = GAM_TRY_RLOCK, elapsed_time = 98 ms
thread_id = 0, gam operation = GAM_TRY_WLOCK, elapsed_time = 119 ms
thread_id = 0, gam operation = GAM_UNLOCK, elapsed_time = 253 ms
thread_id = 1, gam operation = GAM_READ, elapsed_time = 87 ms
thread_id = 1, gam operation = GAM_WRITE, elapsed_time = 51 ms
thread_id = 1, gam operation = GAM_TRY_RLOCK, elapsed_time = 90 ms
thread_id = 1, gam operation = GAM_TRY_WLOCK, elapsed_time = 120 ms
thread_id = 1, gam operation = GAM_UNLOCK, elapsed_time = 274 ms
thread_id = 2, gam operation = GAM_READ, elapsed_time = 74 ms
thread_id = 2, gam operation = GAM_WRITE, elapsed_time = 41 ms
thread_id = 2, gam operation = GAM_TRY_RLOCK, elapsed_time = 98 ms
thread_id = 2, gam operation = GAM_TRY_WLOCK, elapsed_time = 122 ms
thread_id = 2, gam operation = GAM_UNLOCK, elapsed_time = 260 ms
thread_id = 3, gam operation = GAM_READ, elapsed_time = 92 ms
thread_id = 3, gam operation = GAM_WRITE, elapsed_time = 52 ms
thread_id = 3, gam operation = GAM_TRY_RLOCK, elapsed_time = 88 ms
thread_id = 3, gam operation = GAM_TRY_WLOCK, elapsed_time = 121 ms
thread_id = 3, gam operation = GAM_UNLOCK, elapsed_time = 266 ms
thread_id = 4, gam operation = GAM_READ, elapsed_time = 93 ms
thread_id = 4, gam operation = GAM_WRITE, elapsed_time = 53 ms
thread_id = 4, gam operation = GAM_TRY_RLOCK, elapsed_time = 88 ms
thread_id = 4, gam operation = GAM_TRY_WLOCK, elapsed_time = 123 ms
thread_id = 4, gam operation = GAM_UNLOCK, elapsed_time = 267 ms
thread_id = 5, gam operation = GAM_READ, elapsed_time = 94 ms
thread_id = 5, gam operation = GAM_WRITE, elapsed_time = 55 ms
thread_id = 5, gam operation = GAM_TRY_RLOCK, elapsed_time = 85 ms
thread_id = 5, gam operation = GAM_TRY_WLOCK, elapsed_time = 119 ms
thread_id = 5, gam operation = GAM_UNLOCK, elapsed_time = 269 ms
thread_id = 6, gam operation = GAM_READ, elapsed_time = 93 ms
thread_id = 6, gam operation = GAM_WRITE, elapsed_time = 53 ms
thread_id = 6, gam operation = GAM_TRY_RLOCK, elapsed_time = 87 ms
thread_id = 6, gam operation = GAM_TRY_WLOCK, elapsed_time = 122 ms
thread_id = 6, gam operation = GAM_UNLOCK, elapsed_time = 265 ms
thread_id = 7, gam operation = GAM_READ, elapsed_time = 93 ms
thread_id = 7, gam operation = GAM_WRITE, elapsed_time = 53 ms
thread_id = 7, gam operation = GAM_TRY_RLOCK, elapsed_time = 91 ms
thread_id = 7, gam operation = GAM_TRY_WLOCK, elapsed_time = 125 ms
thread_id = 7, gam operation = GAM_UNLOCK, elapsed_time = 276 ms
thread_id = 8, gam operation = GAM_READ, elapsed_time = 94 ms
thread_id = 8, gam operation = GAM_WRITE, elapsed_time = 54 ms
thread_id = 8, gam operation = GAM_TRY_RLOCK, elapsed_time = 88 ms
thread_id = 8, gam operation = GAM_TRY_WLOCK, elapsed_time = 122 ms
thread_id = 8, gam operation = GAM_UNLOCK, elapsed_time = 272 ms
thread_id = 9, gam operation = GAM_READ, elapsed_time = 94 ms
thread_id = 9, gam operation = GAM_WRITE, elapsed_time = 54 ms
thread_id = 9, gam operation = GAM_TRY_RLOCK, elapsed_time = 84 ms
thread_id = 9, gam operation = GAM_TRY_WLOCK, elapsed_time = 118 ms
thread_id = 9, gam operation = GAM_UNLOCK, elapsed_time = 265 ms

gam operation = GAM_READ, avg elapsed_time = 88 ms
gam operation = GAM_WRITE, avg elapsed_time = 50 ms
gam operation = GAM_TRY_RLOCK, avg elapsed_time = 89 ms
gam operation = GAM_TRY_WLOCK, avg elapsed_time = 121 ms
gam operation = GAM_UNLOCK, avg elapsed_time = 266 ms
**********END GAM_OPERATION PROFILING REPORT**********

total_count=192413,total_abort_count=211,throughput=165.161,thread_count_=10,elapsed_time=1165
==================== perf statistics summary ====================
agg_total_count	192413
agg_total_abort_count	211
abort_rate	0.001097
per_node_elapsed_time	1165.000000
total_throughput	165.161373
per_node_throughput	165.161373
per_core_throughput	16.516137
==================== end ====================
prepare to exit...
over..
