server name=lab505-158,port_no=11111
server name=lab505-159,port_no=11111
server name=lab505-160,port_no=11111
============= tpcc_scale_params ===========
num_warehouses=12,starting_warehouse_=1,ending_warehouse_=4
partition_id_0
scale_factor_=1
num_items_=100000
num_districts_per_warehouse_=10
num_customers_per_district_=3000
num_new_orders_per_district_=900
dist_ratio=0, gStandard=1, gForceRandomAccess=0, gTimeLocality=0, gReadRatio=0
============= end ===========
GAllocator config info: is_master=1,master_ip=10.77.110.158,master_port=12345,worker_ip=10.77.110.158,worker_port=12346
[1544879] 08 Jan 12:34:17.902 - [worker.cc:117-Worker()] LRU eviction is enabled, max cache lines = 5033164, reserved mem size = 17179869184, cache_percentage = 0.150000, block_size = 512
create default gallocator
create epoch gallocator
storage_addr=281475022798848
epoch_addr=281474988244480
monotone_ts_addr=281474988243968
start population
table_id=0, size=45.2MB
table_id=1, size=163.6MB
table_id=2, size=0.000576MB
table_id=3, size=0.00608MB
table_id=4, size=0.00052MB
table_id=5, size=0.468MB
table_id=6, size=4.44MB
table_id=7, size=92.2919MB
table_id=8, size=92.16MB
table_id=9, size=8.28MB
populate elapsed time=61336ms
**********BEGIN EXECUTION PROFILING REPORT**********

avg execution_time = 0 ms
**********END EXECUTION PROFILING REPORT**********

**********BEGIN PHASE PROFILING REPORT**********
thread_id = 0, phase = INDEX_INSERT_LOCK, elapsed_time = 2767 ms
thread_id = 0, phase = INDEX_INSERT_MUTATE, elapsed_time = 41739 ms
thread_id = 0, phase = INDEX_INSERT_GALLOCATE, elapsed_time = 1093 ms

phase = INDEX_INSERT_LOCK, avg elapsed_time = 345 ms
phase = INDEX_INSERT_MUTATE, avg elapsed_time = 5217 ms
phase = INDEX_INSERT_GALLOCATE, avg elapsed_time = 136 ms
**********END PHASE PROFILING REPORT**********

**********BEGIN CC ABORT TIME PROFILING REPORT**********

avg abort time = 0 ms
**********END CC ABORT TIME PROFILING REPORT**********

**********BEGIN CC TS ALLOC TIME PROFILING REPORT**********
**********END CC TS ALLOC TIME PROFILING REPORT**********

**********BEGIN GAM_OPERATION PROFILING REPORT(NOT INCLUDE INDEX RELATED OPERATIONS)**********

**********END GAM_OPERATION PROFILING REPORT**********

read/write access count
total_read_access_count	1247128
total_write_access_count	2774881
total_read_ratio	0.310076
source elapsed time=304ms
start process query
start processing...
execute_count=172679, abort_count=27012, abort_rate=0.156428
elapsed time=12092ms.
throughput=14.2804K tps.
per-core throughput=1.78505K tps.
**********BEGIN EXECUTION PROFILING REPORT**********
thread_id = 0, txn_id = 1, execution_time = 10816 ms
thread_id = 0, txn_id = 2, execution_time = 1274 ms
thread_id = 0, execution_time_total = 12090 ms
thread_id = 1, txn_id = 1, execution_time = 10691 ms
thread_id = 1, txn_id = 2, execution_time = 1399 ms
thread_id = 1, execution_time_total = 12090 ms
thread_id = 2, txn_id = 1, execution_time = 10750 ms
thread_id = 2, txn_id = 2, execution_time = 1340 ms
thread_id = 2, execution_time_total = 12090 ms
thread_id = 3, txn_id = 1, execution_time = 10552 ms
thread_id = 3, txn_id = 2, execution_time = 1537 ms
thread_id = 3, execution_time_total = 12089 ms
thread_id = 4, txn_id = 1, execution_time = 10845 ms
thread_id = 4, txn_id = 2, execution_time = 1244 ms
thread_id = 4, execution_time_total = 12089 ms
thread_id = 5, txn_id = 1, execution_time = 10814 ms
thread_id = 5, txn_id = 2, execution_time = 1275 ms
thread_id = 5, execution_time_total = 12089 ms
thread_id = 6, txn_id = 1, execution_time = 10617 ms
thread_id = 6, txn_id = 2, execution_time = 1471 ms
thread_id = 6, execution_time_total = 12088 ms
thread_id = 7, txn_id = 1, execution_time = 10617 ms
thread_id = 7, txn_id = 2, execution_time = 1469 ms
thread_id = 7, execution_time_total = 12086 ms

avg execution_time = 12088 ms
**********END EXECUTION PROFILING REPORT**********

**********BEGIN PHASE PROFILING REPORT**********
thread_id = 0, phase = INDEX_READ, elapsed_time = 4179 ms
thread_id = 0, phase = CC_SELECT, elapsed_time = 1529 ms
thread_id = 0, phase = CC_INSERT, elapsed_time = 11 ms
thread_id = 0, phase = CC_COMMIT, elapsed_time = 3213 ms
thread_id = 1, phase = INDEX_READ, elapsed_time = 4151 ms
thread_id = 1, phase = CC_SELECT, elapsed_time = 1481 ms
thread_id = 1, phase = CC_INSERT, elapsed_time = 12 ms
thread_id = 1, phase = CC_COMMIT, elapsed_time = 3259 ms
thread_id = 2, phase = INDEX_READ, elapsed_time = 3804 ms
thread_id = 2, phase = CC_SELECT, elapsed_time = 1592 ms
thread_id = 2, phase = CC_INSERT, elapsed_time = 12 ms
thread_id = 2, phase = CC_COMMIT, elapsed_time = 3450 ms
thread_id = 3, phase = INDEX_READ, elapsed_time = 3478 ms
thread_id = 3, phase = CC_SELECT, elapsed_time = 1638 ms
thread_id = 3, phase = CC_INSERT, elapsed_time = 18 ms
thread_id = 3, phase = CC_COMMIT, elapsed_time = 3634 ms
thread_id = 4, phase = INDEX_READ, elapsed_time = 4199 ms
thread_id = 4, phase = CC_SELECT, elapsed_time = 1508 ms
thread_id = 4, phase = CC_INSERT, elapsed_time = 14 ms
thread_id = 4, phase = CC_COMMIT, elapsed_time = 3114 ms
thread_id = 5, phase = INDEX_READ, elapsed_time = 4114 ms
thread_id = 5, phase = CC_SELECT, elapsed_time = 1508 ms
thread_id = 5, phase = CC_INSERT, elapsed_time = 12 ms
thread_id = 5, phase = CC_COMMIT, elapsed_time = 3253 ms
thread_id = 6, phase = INDEX_READ, elapsed_time = 3774 ms
thread_id = 6, phase = CC_SELECT, elapsed_time = 1639 ms
thread_id = 6, phase = CC_INSERT, elapsed_time = 14 ms
thread_id = 6, phase = CC_COMMIT, elapsed_time = 3370 ms
thread_id = 7, phase = INDEX_READ, elapsed_time = 3452 ms
thread_id = 7, phase = CC_SELECT, elapsed_time = 1678 ms
thread_id = 7, phase = CC_INSERT, elapsed_time = 15 ms
thread_id = 7, phase = CC_COMMIT, elapsed_time = 3605 ms

phase = INDEX_READ, avg elapsed_time = 3893 ms
phase = CC_SELECT, avg elapsed_time = 1571 ms
phase = CC_INSERT, avg elapsed_time = 13 ms
phase = CC_COMMIT, avg elapsed_time = 3362 ms
**********END PHASE PROFILING REPORT**********

**********BEGIN CC ABORT TIME PROFILING REPORT**********
thread_id = 0, abort_time = 1810 ms
thread_id = 1, abort_time = 1754 ms
thread_id = 2, abort_time = 2211 ms
thread_id = 3, abort_time = 2000 ms
thread_id = 4, abort_time = 1600 ms
thread_id = 5, abort_time = 1799 ms
thread_id = 6, abort_time = 1615 ms
thread_id = 7, abort_time = 1968 ms

avg abort time = 1844 ms
**********END CC ABORT TIME PROFILING REPORT**********

**********BEGIN CC TS ALLOC TIME PROFILING REPORT**********
thread_id = 0, elapsed_time = 95 ms
thread_id = 1, elapsed_time = 97 ms
thread_id = 2, elapsed_time = 101 ms
thread_id = 3, elapsed_time = 116 ms
thread_id = 4, elapsed_time = 97 ms
thread_id = 5, elapsed_time = 96 ms
thread_id = 6, elapsed_time = 106 ms
thread_id = 7, elapsed_time = 110 ms
**********END CC TS ALLOC TIME PROFILING REPORT**********

**********BEGIN GAM_OPERATION PROFILING REPORT(NOT INCLUDE INDEX RELATED OPERATIONS)**********
thread_id = 0, gam operation = GAM_READ, elapsed_time = 2552 ms
thread_id = 0, gam operation = GAM_WRITE, elapsed_time = 896 ms
thread_id = 0, gam operation = GAM_WLOCK, elapsed_time = 697 ms
thread_id = 0, gam operation = GAM_UNLOCK, elapsed_time = 580 ms
thread_id = 0, gam operation = GAM_MALLOC, elapsed_time = 2746 ms
thread_id = 1, gam operation = GAM_READ, elapsed_time = 2552 ms
thread_id = 1, gam operation = GAM_WRITE, elapsed_time = 894 ms
thread_id = 1, gam operation = GAM_WLOCK, elapsed_time = 700 ms
thread_id = 1, gam operation = GAM_UNLOCK, elapsed_time = 580 ms
thread_id = 1, gam operation = GAM_MALLOC, elapsed_time = 2754 ms
thread_id = 2, gam operation = GAM_READ, elapsed_time = 2735 ms
thread_id = 2, gam operation = GAM_WRITE, elapsed_time = 915 ms
thread_id = 2, gam operation = GAM_WLOCK, elapsed_time = 749 ms
thread_id = 2, gam operation = GAM_UNLOCK, elapsed_time = 632 ms
thread_id = 2, gam operation = GAM_MALLOC, elapsed_time = 2765 ms
thread_id = 3, gam operation = GAM_READ, elapsed_time = 2803 ms
thread_id = 3, gam operation = GAM_WRITE, elapsed_time = 958 ms
thread_id = 3, gam operation = GAM_WLOCK, elapsed_time = 778 ms
thread_id = 3, gam operation = GAM_UNLOCK, elapsed_time = 684 ms
thread_id = 3, gam operation = GAM_MALLOC, elapsed_time = 2802 ms
thread_id = 4, gam operation = GAM_READ, elapsed_time = 2425 ms
thread_id = 4, gam operation = GAM_WRITE, elapsed_time = 833 ms
thread_id = 4, gam operation = GAM_WLOCK, elapsed_time = 633 ms
thread_id = 4, gam operation = GAM_UNLOCK, elapsed_time = 637 ms
thread_id = 4, gam operation = GAM_MALLOC, elapsed_time = 2759 ms
thread_id = 5, gam operation = GAM_READ, elapsed_time = 2546 ms
thread_id = 5, gam operation = GAM_WRITE, elapsed_time = 899 ms
thread_id = 5, gam operation = GAM_WLOCK, elapsed_time = 696 ms
thread_id = 5, gam operation = GAM_UNLOCK, elapsed_time = 568 ms
thread_id = 5, gam operation = GAM_MALLOC, elapsed_time = 2750 ms
thread_id = 6, gam operation = GAM_READ, elapsed_time = 2636 ms
thread_id = 6, gam operation = GAM_WRITE, elapsed_time = 880 ms
thread_id = 6, gam operation = GAM_WLOCK, elapsed_time = 702 ms
thread_id = 6, gam operation = GAM_UNLOCK, elapsed_time = 687 ms
thread_id = 6, gam operation = GAM_MALLOC, elapsed_time = 2759 ms
thread_id = 7, gam operation = GAM_READ, elapsed_time = 2788 ms
thread_id = 7, gam operation = GAM_WRITE, elapsed_time = 955 ms
thread_id = 7, gam operation = GAM_WLOCK, elapsed_time = 774 ms
thread_id = 7, gam operation = GAM_UNLOCK, elapsed_time = 682 ms
thread_id = 7, gam operation = GAM_MALLOC, elapsed_time = 2813 ms

gam operation = GAM_READ, avg elapsed_time = 2629 ms
gam operation = GAM_WRITE, avg elapsed_time = 903 ms
gam operation = GAM_WLOCK, avg elapsed_time = 716 ms
gam operation = GAM_UNLOCK, avg elapsed_time = 631 ms
gam operation = GAM_MALLOC, avg elapsed_time = 2768 ms
**********END GAM_OPERATION PROFILING REPORT**********

start process query
start processing...
execute_count=173010, abort_count=27506, abort_rate=0.158984
elapsed time=16054ms.
throughput=10.7768K tps.
per-core throughput=1.34709K tps.
**********BEGIN EXECUTION PROFILING REPORT**********
thread_id = 0, txn_id = 1, execution_time = 14818 ms
thread_id = 0, txn_id = 2, execution_time = 1231 ms
thread_id = 0, execution_time_total = 16049 ms
thread_id = 1, txn_id = 1, execution_time = 14600 ms
thread_id = 1, txn_id = 2, execution_time = 1450 ms
thread_id = 1, execution_time_total = 16050 ms
thread_id = 2, txn_id = 1, execution_time = 14614 ms
thread_id = 2, txn_id = 2, execution_time = 1437 ms
thread_id = 2, execution_time_total = 16051 ms
thread_id = 3, txn_id = 1, execution_time = 14817 ms
thread_id = 3, txn_id = 2, execution_time = 1233 ms
thread_id = 3, execution_time_total = 16050 ms
thread_id = 4, txn_id = 1, execution_time = 14533 ms
thread_id = 4, txn_id = 2, execution_time = 1517 ms
thread_id = 4, execution_time_total = 16050 ms
thread_id = 5, txn_id = 1, execution_time = 14670 ms
thread_id = 5, txn_id = 2, execution_time = 1381 ms
thread_id = 5, execution_time_total = 16051 ms
thread_id = 6, txn_id = 1, execution_time = 14622 ms
thread_id = 6, txn_id = 2, execution_time = 1427 ms
thread_id = 6, execution_time_total = 16049 ms
thread_id = 7, txn_id = 1, execution_time = 10498 ms
thread_id = 7, txn_id = 2, execution_time = 5552 ms
thread_id = 7, execution_time_total = 16050 ms

avg execution_time = 16050 ms
**********END EXECUTION PROFILING REPORT**********

**********BEGIN PHASE PROFILING REPORT**********
thread_id = 0, phase = INDEX_READ, elapsed_time = 3727 ms
thread_id = 0, phase = CC_SELECT, elapsed_time = 1615 ms
thread_id = 0, phase = CC_INSERT, elapsed_time = 14 ms
thread_id = 0, phase = CC_COMMIT, elapsed_time = 3374 ms
thread_id = 1, phase = INDEX_READ, elapsed_time = 3645 ms
thread_id = 1, phase = CC_SELECT, elapsed_time = 1611 ms
thread_id = 1, phase = CC_INSERT, elapsed_time = 12 ms
thread_id = 1, phase = CC_COMMIT, elapsed_time = 3506 ms
thread_id = 2, phase = INDEX_READ, elapsed_time = 3214 ms
thread_id = 2, phase = CC_SELECT, elapsed_time = 1727 ms
thread_id = 2, phase = CC_INSERT, elapsed_time = 15 ms
thread_id = 2, phase = CC_COMMIT, elapsed_time = 3758 ms
thread_id = 3, phase = INDEX_READ, elapsed_time = 3454 ms
thread_id = 3, phase = CC_SELECT, elapsed_time = 1663 ms
thread_id = 3, phase = CC_INSERT, elapsed_time = 13 ms
thread_id = 3, phase = CC_COMMIT, elapsed_time = 3606 ms
thread_id = 4, phase = INDEX_READ, elapsed_time = 3648 ms
thread_id = 4, phase = CC_SELECT, elapsed_time = 1645 ms
thread_id = 4, phase = CC_INSERT, elapsed_time = 13 ms
thread_id = 4, phase = CC_COMMIT, elapsed_time = 3430 ms
thread_id = 5, phase = INDEX_READ, elapsed_time = 3632 ms
thread_id = 5, phase = CC_SELECT, elapsed_time = 1614 ms
thread_id = 5, phase = CC_INSERT, elapsed_time = 12 ms
thread_id = 5, phase = CC_COMMIT, elapsed_time = 3505 ms
thread_id = 6, phase = INDEX_READ, elapsed_time = 3196 ms
thread_id = 6, phase = CC_SELECT, elapsed_time = 1748 ms
thread_id = 6, phase = CC_INSERT, elapsed_time = 17 ms
thread_id = 6, phase = CC_COMMIT, elapsed_time = 3682 ms
thread_id = 7, phase = INDEX_READ, elapsed_time = 3438 ms
thread_id = 7, phase = CC_SELECT, elapsed_time = 1667 ms
thread_id = 7, phase = CC_INSERT, elapsed_time = 13 ms
thread_id = 7, phase = CC_COMMIT, elapsed_time = 3610 ms

phase = INDEX_READ, avg elapsed_time = 3494 ms
phase = CC_SELECT, avg elapsed_time = 1661 ms
phase = CC_INSERT, avg elapsed_time = 13 ms
phase = CC_COMMIT, avg elapsed_time = 3558 ms
**********END PHASE PROFILING REPORT**********

**********BEGIN CC ABORT TIME PROFILING REPORT**********
thread_id = 0, abort_time = 1745 ms
thread_id = 1, abort_time = 2039 ms
thread_id = 2, abort_time = 6584 ms
thread_id = 3, abort_time = 2074 ms
thread_id = 4, abort_time = 6220 ms
thread_id = 5, abort_time = 1920 ms
thread_id = 6, abort_time = 1746 ms
thread_id = 7, abort_time = 1943 ms

avg abort time = 3033 ms
**********END CC ABORT TIME PROFILING REPORT**********

**********BEGIN CC TS ALLOC TIME PROFILING REPORT**********
thread_id = 0, elapsed_time = 112 ms
thread_id = 1, elapsed_time = 113 ms
thread_id = 2, elapsed_time = 119 ms
thread_id = 3, elapsed_time = 110 ms
thread_id = 4, elapsed_time = 116 ms
thread_id = 5, elapsed_time = 114 ms
thread_id = 6, elapsed_time = 131 ms
thread_id = 7, elapsed_time = 117 ms
**********END CC TS ALLOC TIME PROFILING REPORT**********

**********BEGIN GAM_OPERATION PROFILING REPORT(NOT INCLUDE INDEX RELATED OPERATIONS)**********
thread_id = 0, gam operation = GAM_READ, elapsed_time = 2642 ms
thread_id = 0, gam operation = GAM_WRITE, elapsed_time = 904 ms
thread_id = 0, gam operation = GAM_WLOCK, elapsed_time = 690 ms
thread_id = 0, gam operation = GAM_UNLOCK, elapsed_time = 683 ms
thread_id = 0, gam operation = GAM_MALLOC, elapsed_time = 6824 ms
thread_id = 1, gam operation = GAM_READ, elapsed_time = 2753 ms
thread_id = 1, gam operation = GAM_WRITE, elapsed_time = 952 ms
thread_id = 1, gam operation = GAM_WLOCK, elapsed_time = 740 ms
thread_id = 1, gam operation = GAM_UNLOCK, elapsed_time = 629 ms
thread_id = 1, gam operation = GAM_MALLOC, elapsed_time = 6815 ms
thread_id = 2, gam operation = GAM_READ, elapsed_time = 2945 ms
thread_id = 2, gam operation = GAM_WRITE, elapsed_time = 983 ms
thread_id = 2, gam operation = GAM_WLOCK, elapsed_time = 819 ms
thread_id = 2, gam operation = GAM_UNLOCK, elapsed_time = 686 ms
thread_id = 2, gam operation = GAM_MALLOC, elapsed_time = 6828 ms
thread_id = 3, gam operation = GAM_READ, elapsed_time = 2850 ms
thread_id = 3, gam operation = GAM_WRITE, elapsed_time = 970 ms
thread_id = 3, gam operation = GAM_WLOCK, elapsed_time = 772 ms
thread_id = 3, gam operation = GAM_UNLOCK, elapsed_time = 640 ms
thread_id = 3, gam operation = GAM_MALLOC, elapsed_time = 6832 ms
thread_id = 4, gam operation = GAM_READ, elapsed_time = 2755 ms
thread_id = 4, gam operation = GAM_WRITE, elapsed_time = 924 ms
thread_id = 4, gam operation = GAM_WLOCK, elapsed_time = 712 ms
thread_id = 4, gam operation = GAM_UNLOCK, elapsed_time = 636 ms
thread_id = 4, gam operation = GAM_MALLOC, elapsed_time = 6830 ms
thread_id = 5, gam operation = GAM_READ, elapsed_time = 2743 ms
thread_id = 5, gam operation = GAM_WRITE, elapsed_time = 962 ms
thread_id = 5, gam operation = GAM_WLOCK, elapsed_time = 740 ms
thread_id = 5, gam operation = GAM_UNLOCK, elapsed_time = 630 ms
thread_id = 5, gam operation = GAM_MALLOC, elapsed_time = 6809 ms
thread_id = 6, gam operation = GAM_READ, elapsed_time = 2806 ms
thread_id = 6, gam operation = GAM_WRITE, elapsed_time = 951 ms
thread_id = 6, gam operation = GAM_WLOCK, elapsed_time = 764 ms
thread_id = 6, gam operation = GAM_UNLOCK, elapsed_time = 765 ms
thread_id = 6, gam operation = GAM_MALLOC, elapsed_time = 6846 ms
thread_id = 7, gam operation = GAM_READ, elapsed_time = 2819 ms
thread_id = 7, gam operation = GAM_WRITE, elapsed_time = 1006 ms
thread_id = 7, gam operation = GAM_WLOCK, elapsed_time = 784 ms
thread_id = 7, gam operation = GAM_UNLOCK, elapsed_time = 636 ms
thread_id = 7, gam operation = GAM_MALLOC, elapsed_time = 6832 ms

gam operation = GAM_READ, avg elapsed_time = 2789 ms
gam operation = GAM_WRITE, avg elapsed_time = 956 ms
gam operation = GAM_WLOCK, avg elapsed_time = 752 ms
gam operation = GAM_UNLOCK, avg elapsed_time = 663 ms
gam operation = GAM_MALLOC, avg elapsed_time = 6827 ms
**********END GAM_OPERATION PROFILING REPORT**********

total_count=173010,total_abort_count=27506,throughput=10.7768,thread_count_=8,elapsed_time=16054
total_count=180107,total_abort_count=28401,throughput=9.88893,thread_count_=8,elapsed_time=18213
total_count=177175,total_abort_count=29605,throughput=16.1656,thread_count_=8,elapsed_time=10960
==================== perf statistics summary ====================
agg_total_count	530292
agg_total_abort_count	85512
abort_rate	0.161254
per_node_elapsed_time	15075.666667
total_throughput	36.831281
per_node_throughput	12.277094
per_core_throughput	1.534637
==================== end ====================
prepare to exit...
over..
