server name=lab505-158,port_no=11111
server name=lab505-159,port_no=11111
server name=lab505-160,port_no=11111
============= tpcc_scale_params ===========
num_warehouses=12,starting_warehouse_=1,ending_warehouse_=4
partition_id_0
scale_factor_=1
num_items_=100000
num_districts_per_warehouse_=10
num_customers_per_district_=3000
num_new_orders_per_district_=900
dist_ratio=100, gStandard=1, gForceRandomAccess=0, gTimeLocality=0, gReadRatio=0
============= end ===========
GAllocator config info: is_master=1,master_ip=10.77.110.158,master_port=12345,worker_ip=10.77.110.158,worker_port=12346
[1546167] 08 Jan 12:45:15.099 - [worker.cc:117-Worker()] LRU eviction is enabled, max cache lines = 5033164, reserved mem size = 17179869184, cache_percentage = 0.150000, block_size = 512
create default gallocator
create epoch gallocator
storage_addr=281475022798848
epoch_addr=281474988244480
monotone_ts_addr=281474988243968
start population
table_id=0, size=45.2MB
table_id=1, size=163.6MB
table_id=2, size=0.000576MB
table_id=3, size=0.00608MB
table_id=4, size=0.00052MB
table_id=5, size=0.468MB
table_id=6, size=4.44MB
table_id=7, size=92.2919MB
table_id=8, size=92.16MB
table_id=9, size=8.28MB
populate elapsed time=60729ms
**********BEGIN EXECUTION PROFILING REPORT**********

avg execution_time = 0 ms
**********END EXECUTION PROFILING REPORT**********

**********BEGIN PHASE PROFILING REPORT**********
thread_id = 0, phase = INDEX_INSERT_LOCK, elapsed_time = 2784 ms
thread_id = 0, phase = INDEX_INSERT_MUTATE, elapsed_time = 41560 ms
thread_id = 0, phase = INDEX_INSERT_GALLOCATE, elapsed_time = 992 ms

phase = INDEX_INSERT_LOCK, avg elapsed_time = 348 ms
phase = INDEX_INSERT_MUTATE, avg elapsed_time = 5195 ms
phase = INDEX_INSERT_GALLOCATE, avg elapsed_time = 124 ms
**********END PHASE PROFILING REPORT**********

**********BEGIN CC ABORT TIME PROFILING REPORT**********

avg abort time = 0 ms
**********END CC ABORT TIME PROFILING REPORT**********

**********BEGIN CC TS ALLOC TIME PROFILING REPORT**********
**********END CC TS ALLOC TIME PROFILING REPORT**********

**********BEGIN GAM_OPERATION PROFILING REPORT(NOT INCLUDE INDEX RELATED OPERATIONS)**********

**********END GAM_OPERATION PROFILING REPORT**********

read/write access count
total_read_access_count	1241307
total_write_access_count	2765264
total_read_ratio	0.309818
source elapsed time=333ms
start process query
start processing...
execute_count=193508, abort_count=39943, abort_rate=0.206414
elapsed time=33771ms.
throughput=5.73001K tps.
per-core throughput=0.716251K tps.
**********BEGIN EXECUTION PROFILING REPORT**********
thread_id = 0, txn_id = 1, execution_time = 27483 ms
thread_id = 0, txn_id = 2, execution_time = 6286 ms
thread_id = 0, execution_time_total = 33769 ms
thread_id = 1, txn_id = 1, execution_time = 29969 ms
thread_id = 1, txn_id = 2, execution_time = 3801 ms
thread_id = 1, execution_time_total = 33770 ms
thread_id = 2, txn_id = 1, execution_time = 30035 ms
thread_id = 2, txn_id = 2, execution_time = 3734 ms
thread_id = 2, execution_time_total = 33769 ms
thread_id = 3, txn_id = 1, execution_time = 29936 ms
thread_id = 3, txn_id = 2, execution_time = 3832 ms
thread_id = 3, execution_time_total = 33768 ms
thread_id = 4, txn_id = 1, execution_time = 30215 ms
thread_id = 4, txn_id = 2, execution_time = 3554 ms
thread_id = 4, execution_time_total = 33769 ms
thread_id = 5, txn_id = 1, execution_time = 30026 ms
thread_id = 5, txn_id = 2, execution_time = 3743 ms
thread_id = 5, execution_time_total = 33769 ms
thread_id = 6, txn_id = 1, execution_time = 29990 ms
thread_id = 6, txn_id = 2, execution_time = 3779 ms
thread_id = 6, execution_time_total = 33769 ms
thread_id = 7, txn_id = 1, execution_time = 27610 ms
thread_id = 7, txn_id = 2, execution_time = 6160 ms
thread_id = 7, execution_time_total = 33770 ms

avg execution_time = 33769 ms
**********END EXECUTION PROFILING REPORT**********

**********BEGIN PHASE PROFILING REPORT**********
thread_id = 0, phase = INDEX_READ, elapsed_time = 6772 ms
thread_id = 0, phase = CC_SELECT, elapsed_time = 12238 ms
thread_id = 0, phase = CC_INSERT, elapsed_time = 16 ms
thread_id = 0, phase = CC_COMMIT, elapsed_time = 13430 ms
thread_id = 1, phase = INDEX_READ, elapsed_time = 6794 ms
thread_id = 1, phase = CC_SELECT, elapsed_time = 9326 ms
thread_id = 1, phase = CC_INSERT, elapsed_time = 18 ms
thread_id = 1, phase = CC_COMMIT, elapsed_time = 16365 ms
thread_id = 2, phase = INDEX_READ, elapsed_time = 6646 ms
thread_id = 2, phase = CC_SELECT, elapsed_time = 9497 ms
thread_id = 2, phase = CC_INSERT, elapsed_time = 23 ms
thread_id = 2, phase = CC_COMMIT, elapsed_time = 16249 ms
thread_id = 3, phase = INDEX_READ, elapsed_time = 6691 ms
thread_id = 3, phase = CC_SELECT, elapsed_time = 11912 ms
thread_id = 3, phase = CC_INSERT, elapsed_time = 19 ms
thread_id = 3, phase = CC_COMMIT, elapsed_time = 13970 ms
thread_id = 4, phase = INDEX_READ, elapsed_time = 6831 ms
thread_id = 4, phase = CC_SELECT, elapsed_time = 9454 ms
thread_id = 4, phase = CC_INSERT, elapsed_time = 17 ms
thread_id = 4, phase = CC_COMMIT, elapsed_time = 16042 ms
thread_id = 5, phase = INDEX_READ, elapsed_time = 6624 ms
thread_id = 5, phase = CC_SELECT, elapsed_time = 9445 ms
thread_id = 5, phase = CC_INSERT, elapsed_time = 25 ms
thread_id = 5, phase = CC_COMMIT, elapsed_time = 13907 ms
thread_id = 6, phase = INDEX_READ, elapsed_time = 6609 ms
thread_id = 6, phase = CC_SELECT, elapsed_time = 12276 ms
thread_id = 6, phase = CC_INSERT, elapsed_time = 18 ms
thread_id = 6, phase = CC_COMMIT, elapsed_time = 13654 ms
thread_id = 7, phase = INDEX_READ, elapsed_time = 9129 ms
thread_id = 7, phase = CC_SELECT, elapsed_time = 9770 ms
thread_id = 7, phase = CC_INSERT, elapsed_time = 17 ms
thread_id = 7, phase = CC_COMMIT, elapsed_time = 13467 ms

phase = INDEX_READ, avg elapsed_time = 7012 ms
phase = CC_SELECT, avg elapsed_time = 10489 ms
phase = CC_INSERT, avg elapsed_time = 19 ms
phase = CC_COMMIT, avg elapsed_time = 14635 ms
**********END PHASE PROFILING REPORT**********

**********BEGIN CC ABORT TIME PROFILING REPORT**********
thread_id = 0, abort_time = 1971 ms
thread_id = 1, abort_time = 1782 ms
thread_id = 2, abort_time = 1671 ms
thread_id = 3, abort_time = 1492 ms
thread_id = 4, abort_time = 1694 ms
thread_id = 5, abort_time = 1566 ms
thread_id = 6, abort_time = 1559 ms
thread_id = 7, abort_time = 1884 ms

avg abort time = 1702 ms
**********END CC ABORT TIME PROFILING REPORT**********

**********BEGIN CC TS ALLOC TIME PROFILING REPORT**********
thread_id = 0, elapsed_time = 69 ms
thread_id = 1, elapsed_time = 65 ms
thread_id = 2, elapsed_time = 64 ms
thread_id = 3, elapsed_time = 62 ms
thread_id = 4, elapsed_time = 67 ms
thread_id = 5, elapsed_time = 64 ms
thread_id = 6, elapsed_time = 65 ms
thread_id = 7, elapsed_time = 70 ms
**********END CC TS ALLOC TIME PROFILING REPORT**********

**********BEGIN GAM_OPERATION PROFILING REPORT(NOT INCLUDE INDEX RELATED OPERATIONS)**********
thread_id = 0, gam operation = GAM_READ, elapsed_time = 12958 ms
thread_id = 0, gam operation = GAM_WRITE, elapsed_time = 775 ms
thread_id = 0, gam operation = GAM_WLOCK, elapsed_time = 11116 ms
thread_id = 0, gam operation = GAM_UNLOCK, elapsed_time = 619 ms
thread_id = 0, gam operation = GAM_MALLOC, elapsed_time = 883 ms
thread_id = 1, gam operation = GAM_READ, elapsed_time = 9965 ms
thread_id = 1, gam operation = GAM_WRITE, elapsed_time = 706 ms
thread_id = 1, gam operation = GAM_WLOCK, elapsed_time = 14343 ms
thread_id = 1, gam operation = GAM_UNLOCK, elapsed_time = 533 ms
thread_id = 1, gam operation = GAM_MALLOC, elapsed_time = 830 ms
thread_id = 2, gam operation = GAM_READ, elapsed_time = 10097 ms
thread_id = 2, gam operation = GAM_WRITE, elapsed_time = 704 ms
thread_id = 2, gam operation = GAM_WLOCK, elapsed_time = 14247 ms
thread_id = 2, gam operation = GAM_UNLOCK, elapsed_time = 529 ms
thread_id = 2, gam operation = GAM_MALLOC, elapsed_time = 918 ms
thread_id = 3, gam operation = GAM_READ, elapsed_time = 12525 ms
thread_id = 3, gam operation = GAM_WRITE, elapsed_time = 696 ms
thread_id = 3, gam operation = GAM_WLOCK, elapsed_time = 11996 ms
thread_id = 3, gam operation = GAM_UNLOCK, elapsed_time = 512 ms
thread_id = 3, gam operation = GAM_MALLOC, elapsed_time = 742 ms
thread_id = 4, gam operation = GAM_READ, elapsed_time = 10119 ms
thread_id = 4, gam operation = GAM_WRITE, elapsed_time = 732 ms
thread_id = 4, gam operation = GAM_WLOCK, elapsed_time = 13895 ms
thread_id = 4, gam operation = GAM_UNLOCK, elapsed_time = 566 ms
thread_id = 4, gam operation = GAM_MALLOC, elapsed_time = 979 ms
thread_id = 5, gam operation = GAM_READ, elapsed_time = 10060 ms
thread_id = 5, gam operation = GAM_WRITE, elapsed_time = 694 ms
thread_id = 5, gam operation = GAM_WLOCK, elapsed_time = 11929 ms
thread_id = 5, gam operation = GAM_UNLOCK, elapsed_time = 517 ms
thread_id = 5, gam operation = GAM_MALLOC, elapsed_time = 3322 ms
thread_id = 6, gam operation = GAM_READ, elapsed_time = 12892 ms
thread_id = 6, gam operation = GAM_WRITE, elapsed_time = 702 ms
thread_id = 6, gam operation = GAM_WLOCK, elapsed_time = 11640 ms
thread_id = 6, gam operation = GAM_UNLOCK, elapsed_time = 527 ms
thread_id = 6, gam operation = GAM_MALLOC, elapsed_time = 762 ms
thread_id = 7, gam operation = GAM_READ, elapsed_time = 10539 ms
thread_id = 7, gam operation = GAM_WRITE, elapsed_time = 791 ms
thread_id = 7, gam operation = GAM_WLOCK, elapsed_time = 11097 ms
thread_id = 7, gam operation = GAM_UNLOCK, elapsed_time = 635 ms
thread_id = 7, gam operation = GAM_MALLOC, elapsed_time = 918 ms

gam operation = GAM_READ, avg elapsed_time = 11144 ms
gam operation = GAM_WRITE, avg elapsed_time = 725 ms
gam operation = GAM_WLOCK, avg elapsed_time = 12532 ms
gam operation = GAM_UNLOCK, avg elapsed_time = 554 ms
gam operation = GAM_MALLOC, avg elapsed_time = 1169 ms
**********END GAM_OPERATION PROFILING REPORT**********

start process query
start processing...
execute_count=193253, abort_count=41729, abort_rate=0.215928
elapsed time=29322ms.
throughput=6.59072K tps.
per-core throughput=0.82384K tps.
**********BEGIN EXECUTION PROFILING REPORT**********
thread_id = 0, txn_id = 1, execution_time = 26540 ms
thread_id = 0, txn_id = 2, execution_time = 2776 ms
thread_id = 0, execution_time_total = 29316 ms
thread_id = 1, txn_id = 1, execution_time = 26144 ms
thread_id = 1, txn_id = 2, execution_time = 3174 ms
thread_id = 1, execution_time_total = 29318 ms
thread_id = 2, txn_id = 1, execution_time = 26103 ms
thread_id = 2, txn_id = 2, execution_time = 3215 ms
thread_id = 2, execution_time_total = 29318 ms
thread_id = 3, txn_id = 1, execution_time = 26202 ms
thread_id = 3, txn_id = 2, execution_time = 3115 ms
thread_id = 3, execution_time_total = 29317 ms
thread_id = 4, txn_id = 1, execution_time = 26189 ms
thread_id = 4, txn_id = 2, execution_time = 3129 ms
thread_id = 4, execution_time_total = 29318 ms
thread_id = 5, txn_id = 1, execution_time = 25923 ms
thread_id = 5, txn_id = 2, execution_time = 3395 ms
thread_id = 5, execution_time_total = 29318 ms
thread_id = 6, txn_id = 1, execution_time = 24219 ms
thread_id = 6, txn_id = 2, execution_time = 5099 ms
thread_id = 6, execution_time_total = 29318 ms
thread_id = 7, txn_id = 1, execution_time = 25959 ms
thread_id = 7, txn_id = 2, execution_time = 3358 ms
thread_id = 7, execution_time_total = 29317 ms

avg execution_time = 29317 ms
**********END EXECUTION PROFILING REPORT**********

**********BEGIN PHASE PROFILING REPORT**********
thread_id = 0, phase = INDEX_READ, elapsed_time = 3250 ms
thread_id = 0, phase = CC_SELECT, elapsed_time = 9662 ms
thread_id = 0, phase = CC_INSERT, elapsed_time = 16 ms
thread_id = 0, phase = CC_COMMIT, elapsed_time = 15046 ms
thread_id = 1, phase = INDEX_READ, elapsed_time = 3027 ms
thread_id = 1, phase = CC_SELECT, elapsed_time = 11166 ms
thread_id = 1, phase = CC_INSERT, elapsed_time = 17 ms
thread_id = 1, phase = CC_COMMIT, elapsed_time = 13623 ms
thread_id = 2, phase = INDEX_READ, elapsed_time = 2842 ms
thread_id = 2, phase = CC_SELECT, elapsed_time = 11920 ms
thread_id = 2, phase = CC_INSERT, elapsed_time = 20 ms
thread_id = 2, phase = CC_COMMIT, elapsed_time = 13278 ms
thread_id = 3, phase = INDEX_READ, elapsed_time = 2823 ms
thread_id = 3, phase = CC_SELECT, elapsed_time = 11408 ms
thread_id = 3, phase = CC_INSERT, elapsed_time = 17 ms
thread_id = 3, phase = CC_COMMIT, elapsed_time = 13786 ms
thread_id = 4, phase = INDEX_READ, elapsed_time = 3190 ms
thread_id = 4, phase = CC_SELECT, elapsed_time = 11555 ms
thread_id = 4, phase = CC_INSERT, elapsed_time = 17 ms
thread_id = 4, phase = CC_COMMIT, elapsed_time = 13147 ms
thread_id = 5, phase = INDEX_READ, elapsed_time = 3022 ms
thread_id = 5, phase = CC_SELECT, elapsed_time = 11646 ms
thread_id = 5, phase = CC_INSERT, elapsed_time = 22 ms
thread_id = 5, phase = CC_COMMIT, elapsed_time = 13426 ms
thread_id = 6, phase = INDEX_READ, elapsed_time = 2936 ms
thread_id = 6, phase = CC_SELECT, elapsed_time = 11565 ms
thread_id = 6, phase = CC_INSERT, elapsed_time = 18 ms
thread_id = 6, phase = CC_COMMIT, elapsed_time = 13280 ms
thread_id = 7, phase = INDEX_READ, elapsed_time = 3001 ms
thread_id = 7, phase = CC_SELECT, elapsed_time = 11355 ms
thread_id = 7, phase = CC_INSERT, elapsed_time = 17 ms
thread_id = 7, phase = CC_COMMIT, elapsed_time = 13422 ms

phase = INDEX_READ, avg elapsed_time = 3011 ms
phase = CC_SELECT, avg elapsed_time = 11284 ms
phase = CC_INSERT, avg elapsed_time = 18 ms
phase = CC_COMMIT, avg elapsed_time = 13626 ms
**********END PHASE PROFILING REPORT**********

**********BEGIN CC ABORT TIME PROFILING REPORT**********
thread_id = 0, abort_time = 2225 ms
thread_id = 1, abort_time = 2275 ms
thread_id = 2, abort_time = 1949 ms
thread_id = 3, abort_time = 1945 ms
thread_id = 4, abort_time = 2202 ms
thread_id = 5, abort_time = 2097 ms
thread_id = 6, abort_time = 2233 ms
thread_id = 7, abort_time = 2233 ms

avg abort time = 2144 ms
**********END CC ABORT TIME PROFILING REPORT**********

**********BEGIN CC TS ALLOC TIME PROFILING REPORT**********
thread_id = 0, elapsed_time = 79 ms
thread_id = 1, elapsed_time = 80 ms
thread_id = 2, elapsed_time = 81 ms
thread_id = 3, elapsed_time = 81 ms
thread_id = 4, elapsed_time = 83 ms
thread_id = 5, elapsed_time = 87 ms
thread_id = 6, elapsed_time = 80 ms
thread_id = 7, elapsed_time = 81 ms
**********END CC TS ALLOC TIME PROFILING REPORT**********

**********BEGIN GAM_OPERATION PROFILING REPORT(NOT INCLUDE INDEX RELATED OPERATIONS)**********
thread_id = 0, gam operation = GAM_READ, elapsed_time = 10633 ms
thread_id = 0, gam operation = GAM_WRITE, elapsed_time = 942 ms
thread_id = 0, gam operation = GAM_WLOCK, elapsed_time = 12341 ms
thread_id = 0, gam operation = GAM_UNLOCK, elapsed_time = 665 ms
thread_id = 0, gam operation = GAM_MALLOC, elapsed_time = 861 ms
thread_id = 1, gam operation = GAM_READ, elapsed_time = 12089 ms
thread_id = 1, gam operation = GAM_WRITE, elapsed_time = 928 ms
thread_id = 1, gam operation = GAM_WLOCK, elapsed_time = 11041 ms
thread_id = 1, gam operation = GAM_UNLOCK, elapsed_time = 615 ms
thread_id = 1, gam operation = GAM_MALLOC, elapsed_time = 1002 ms
thread_id = 2, gam operation = GAM_READ, elapsed_time = 12831 ms
thread_id = 2, gam operation = GAM_WRITE, elapsed_time = 928 ms
thread_id = 2, gam operation = GAM_WLOCK, elapsed_time = 10668 ms
thread_id = 2, gam operation = GAM_UNLOCK, elapsed_time = 636 ms
thread_id = 2, gam operation = GAM_MALLOC, elapsed_time = 782 ms
thread_id = 3, gam operation = GAM_READ, elapsed_time = 12328 ms
thread_id = 3, gam operation = GAM_WRITE, elapsed_time = 928 ms
thread_id = 3, gam operation = GAM_WLOCK, elapsed_time = 11176 ms
thread_id = 3, gam operation = GAM_UNLOCK, elapsed_time = 626 ms
thread_id = 3, gam operation = GAM_MALLOC, elapsed_time = 793 ms
thread_id = 4, gam operation = GAM_READ, elapsed_time = 12509 ms
thread_id = 4, gam operation = GAM_WRITE, elapsed_time = 936 ms
thread_id = 4, gam operation = GAM_WLOCK, elapsed_time = 10446 ms
thread_id = 4, gam operation = GAM_UNLOCK, elapsed_time = 668 ms
thread_id = 4, gam operation = GAM_MALLOC, elapsed_time = 905 ms
thread_id = 5, gam operation = GAM_READ, elapsed_time = 12548 ms
thread_id = 5, gam operation = GAM_WRITE, elapsed_time = 900 ms
thread_id = 5, gam operation = GAM_WLOCK, elapsed_time = 10864 ms
thread_id = 5, gam operation = GAM_UNLOCK, elapsed_time = 617 ms
thread_id = 5, gam operation = GAM_MALLOC, elapsed_time = 713 ms
thread_id = 6, gam operation = GAM_READ, elapsed_time = 12540 ms
thread_id = 6, gam operation = GAM_WRITE, elapsed_time = 931 ms
thread_id = 6, gam operation = GAM_WLOCK, elapsed_time = 10519 ms
thread_id = 6, gam operation = GAM_UNLOCK, elapsed_time = 710 ms
thread_id = 6, gam operation = GAM_MALLOC, elapsed_time = 1011 ms
thread_id = 7, gam operation = GAM_READ, elapsed_time = 12346 ms
thread_id = 7, gam operation = GAM_WRITE, elapsed_time = 936 ms
thread_id = 7, gam operation = GAM_WLOCK, elapsed_time = 10679 ms
thread_id = 7, gam operation = GAM_UNLOCK, elapsed_time = 710 ms
thread_id = 7, gam operation = GAM_MALLOC, elapsed_time = 1041 ms

gam operation = GAM_READ, avg elapsed_time = 12228 ms
gam operation = GAM_WRITE, avg elapsed_time = 928 ms
gam operation = GAM_WLOCK, avg elapsed_time = 10966 ms
gam operation = GAM_UNLOCK, avg elapsed_time = 655 ms
gam operation = GAM_MALLOC, avg elapsed_time = 888 ms
**********END GAM_OPERATION PROFILING REPORT**********

total_count=193253,total_abort_count=41729,throughput=6.59072,thread_count_=8,elapsed_time=29322
total_count=191202,total_abort_count=40819,throughput=6.7079,thread_count_=8,elapsed_time=28504
total_count=193259,total_abort_count=41428,throughput=7.08973,thread_count_=8,elapsed_time=27259
==================== perf statistics summary ====================
agg_total_count	577714
agg_total_abort_count	123976
abort_rate	0.214597
per_node_elapsed_time	28361.666667
total_throughput	20.388349
per_node_throughput	6.796116
per_core_throughput	0.849515
==================== end ====================
prepare to exit...
over..
