server name=lab505-158,port_no=11111
server name=lab505-159,port_no=11111
server name=lab505-160,port_no=11111
============= tpcc_scale_params ===========
num_warehouses=12,starting_warehouse_=1,ending_warehouse_=4
partition_id_0
scale_factor_=1
num_items_=100000
num_districts_per_warehouse_=10
num_customers_per_district_=3000
num_new_orders_per_district_=900
dist_ratio=20, gStandard=1, gForceRandomAccess=0, gTimeLocality=0, gReadRatio=0
============= end ===========
GAllocator config info: is_master=1,master_ip=10.77.110.158,master_port=12345,worker_ip=10.77.110.158,worker_port=12346
[1545048] 08 Jan 12:36:11.109 - [worker.cc:117-Worker()] LRU eviction is enabled, max cache lines = 5033164, reserved mem size = 17179869184, cache_percentage = 0.150000, block_size = 512
create default gallocator
create epoch gallocator
storage_addr=281475022798848
epoch_addr=281474988244480
monotone_ts_addr=281474988243968
start population
table_id=0, size=45.2MB
table_id=1, size=163.6MB
table_id=2, size=0.000576MB
table_id=3, size=0.00608MB
table_id=4, size=0.00052MB
table_id=5, size=0.468MB
table_id=6, size=4.44MB
table_id=7, size=92.2919MB
table_id=8, size=92.16MB
table_id=9, size=8.28MB
populate elapsed time=61154ms
**********BEGIN EXECUTION PROFILING REPORT**********

avg execution_time = 0 ms
**********END EXECUTION PROFILING REPORT**********

**********BEGIN PHASE PROFILING REPORT**********
thread_id = 0, phase = INDEX_INSERT_LOCK, elapsed_time = 2739 ms
thread_id = 0, phase = INDEX_INSERT_MUTATE, elapsed_time = 41877 ms
thread_id = 0, phase = INDEX_INSERT_GALLOCATE, elapsed_time = 1091 ms

phase = INDEX_INSERT_LOCK, avg elapsed_time = 342 ms
phase = INDEX_INSERT_MUTATE, avg elapsed_time = 5234 ms
phase = INDEX_INSERT_GALLOCATE, avg elapsed_time = 136 ms
**********END PHASE PROFILING REPORT**********

**********BEGIN CC ABORT TIME PROFILING REPORT**********

avg abort time = 0 ms
**********END CC ABORT TIME PROFILING REPORT**********

**********BEGIN CC TS ALLOC TIME PROFILING REPORT**********
**********END CC TS ALLOC TIME PROFILING REPORT**********

**********BEGIN GAM_OPERATION PROFILING REPORT(NOT INCLUDE INDEX RELATED OPERATIONS)**********

**********END GAM_OPERATION PROFILING REPORT**********

read/write access count
total_read_access_count	1247311
total_write_access_count	2774782
total_read_ratio	0.310115
source elapsed time=308ms
start process query
start processing...
execute_count=194286, abort_count=31390, abort_rate=0.161565
elapsed time=21746ms.
throughput=8.93433K tps.
per-core throughput=1.11679K tps.
**********BEGIN EXECUTION PROFILING REPORT**********
thread_id = 0, txn_id = 1, execution_time = 19384 ms
thread_id = 0, txn_id = 2, execution_time = 2358 ms
thread_id = 0, execution_time_total = 21742 ms
thread_id = 1, txn_id = 1, execution_time = 19656 ms
thread_id = 1, txn_id = 2, execution_time = 2086 ms
thread_id = 1, execution_time_total = 21742 ms
thread_id = 2, txn_id = 1, execution_time = 19625 ms
thread_id = 2, txn_id = 2, execution_time = 2117 ms
thread_id = 2, execution_time_total = 21742 ms
thread_id = 3, txn_id = 1, execution_time = 19273 ms
thread_id = 3, txn_id = 2, execution_time = 2468 ms
thread_id = 3, execution_time_total = 21741 ms
thread_id = 4, txn_id = 1, execution_time = 19493 ms
thread_id = 4, txn_id = 2, execution_time = 2237 ms
thread_id = 4, execution_time_total = 21730 ms
thread_id = 5, txn_id = 1, execution_time = 19420 ms
thread_id = 5, txn_id = 2, execution_time = 2322 ms
thread_id = 5, execution_time_total = 21742 ms
thread_id = 6, txn_id = 1, execution_time = 19510 ms
thread_id = 6, txn_id = 2, execution_time = 2231 ms
thread_id = 6, execution_time_total = 21741 ms
thread_id = 7, txn_id = 1, execution_time = 19362 ms
thread_id = 7, txn_id = 2, execution_time = 2380 ms
thread_id = 7, execution_time_total = 21742 ms

avg execution_time = 21740 ms
**********END EXECUTION PROFILING REPORT**********

**********BEGIN PHASE PROFILING REPORT**********
thread_id = 0, phase = INDEX_READ, elapsed_time = 7503 ms
thread_id = 0, phase = CC_SELECT, elapsed_time = 5742 ms
thread_id = 0, phase = CC_INSERT, elapsed_time = 14 ms
thread_id = 0, phase = CC_COMMIT, elapsed_time = 6402 ms
thread_id = 1, phase = INDEX_READ, elapsed_time = 7360 ms
thread_id = 1, phase = CC_SELECT, elapsed_time = 5754 ms
thread_id = 1, phase = CC_INSERT, elapsed_time = 15 ms
thread_id = 1, phase = CC_COMMIT, elapsed_time = 6392 ms
thread_id = 2, phase = INDEX_READ, elapsed_time = 7108 ms
thread_id = 2, phase = CC_SELECT, elapsed_time = 5598 ms
thread_id = 2, phase = CC_INSERT, elapsed_time = 16 ms
thread_id = 2, phase = CC_COMMIT, elapsed_time = 6711 ms
thread_id = 3, phase = INDEX_READ, elapsed_time = 6561 ms
thread_id = 3, phase = CC_SELECT, elapsed_time = 6229 ms
thread_id = 3, phase = CC_INSERT, elapsed_time = 22 ms
thread_id = 3, phase = CC_COMMIT, elapsed_time = 6725 ms
thread_id = 4, phase = INDEX_READ, elapsed_time = 7744 ms
thread_id = 4, phase = CC_SELECT, elapsed_time = 5775 ms
thread_id = 4, phase = CC_INSERT, elapsed_time = 16 ms
thread_id = 4, phase = CC_COMMIT, elapsed_time = 6213 ms
thread_id = 5, phase = INDEX_READ, elapsed_time = 7325 ms
thread_id = 5, phase = CC_SELECT, elapsed_time = 5589 ms
thread_id = 5, phase = CC_INSERT, elapsed_time = 15 ms
thread_id = 5, phase = CC_COMMIT, elapsed_time = 6464 ms
thread_id = 6, phase = INDEX_READ, elapsed_time = 6759 ms
thread_id = 6, phase = CC_SELECT, elapsed_time = 6071 ms
thread_id = 6, phase = CC_INSERT, elapsed_time = 16 ms
thread_id = 6, phase = CC_COMMIT, elapsed_time = 6630 ms
thread_id = 7, phase = INDEX_READ, elapsed_time = 6210 ms
thread_id = 7, phase = CC_SELECT, elapsed_time = 6363 ms
thread_id = 7, phase = CC_INSERT, elapsed_time = 16 ms
thread_id = 7, phase = CC_COMMIT, elapsed_time = 6757 ms

phase = INDEX_READ, avg elapsed_time = 7071 ms
phase = CC_SELECT, avg elapsed_time = 5890 ms
phase = CC_INSERT, avg elapsed_time = 16 ms
phase = CC_COMMIT, avg elapsed_time = 6536 ms
**********END PHASE PROFILING REPORT**********

**********BEGIN CC ABORT TIME PROFILING REPORT**********
thread_id = 0, abort_time = 1964 ms
thread_id = 1, abort_time = 2064 ms
thread_id = 2, abort_time = 2009 ms
thread_id = 3, abort_time = 2004 ms
thread_id = 4, abort_time = 2023 ms
thread_id = 5, abort_time = 2255 ms
thread_id = 6, abort_time = 2105 ms
thread_id = 7, abort_time = 2093 ms

avg abort time = 2064 ms
**********END CC ABORT TIME PROFILING REPORT**********

**********BEGIN CC TS ALLOC TIME PROFILING REPORT**********
thread_id = 0, elapsed_time = 111 ms
thread_id = 1, elapsed_time = 110 ms
thread_id = 2, elapsed_time = 129 ms
thread_id = 3, elapsed_time = 136 ms
thread_id = 4, elapsed_time = 127 ms
thread_id = 5, elapsed_time = 131 ms
thread_id = 6, elapsed_time = 137 ms
thread_id = 7, elapsed_time = 111 ms
**********END CC TS ALLOC TIME PROFILING REPORT**********

**********BEGIN GAM_OPERATION PROFILING REPORT(NOT INCLUDE INDEX RELATED OPERATIONS)**********
thread_id = 0, gam operation = GAM_READ, elapsed_time = 6797 ms
thread_id = 0, gam operation = GAM_WRITE, elapsed_time = 1016 ms
thread_id = 0, gam operation = GAM_WLOCK, elapsed_time = 3502 ms
thread_id = 0, gam operation = GAM_UNLOCK, elapsed_time = 707 ms
thread_id = 0, gam operation = GAM_MALLOC, elapsed_time = 1589 ms
thread_id = 1, gam operation = GAM_READ, elapsed_time = 6848 ms
thread_id = 1, gam operation = GAM_WRITE, elapsed_time = 999 ms
thread_id = 1, gam operation = GAM_WLOCK, elapsed_time = 3476 ms
thread_id = 1, gam operation = GAM_UNLOCK, elapsed_time = 720 ms
thread_id = 1, gam operation = GAM_MALLOC, elapsed_time = 1677 ms
thread_id = 2, gam operation = GAM_READ, elapsed_time = 6722 ms
thread_id = 2, gam operation = GAM_WRITE, elapsed_time = 1000 ms
thread_id = 2, gam operation = GAM_WLOCK, elapsed_time = 3636 ms
thread_id = 2, gam operation = GAM_UNLOCK, elapsed_time = 829 ms
thread_id = 2, gam operation = GAM_MALLOC, elapsed_time = 1749 ms
thread_id = 3, gam operation = GAM_READ, elapsed_time = 7333 ms
thread_id = 3, gam operation = GAM_WRITE, elapsed_time = 979 ms
thread_id = 3, gam operation = GAM_WLOCK, elapsed_time = 3684 ms
thread_id = 3, gam operation = GAM_UNLOCK, elapsed_time = 813 ms
thread_id = 3, gam operation = GAM_MALLOC, elapsed_time = 1650 ms
thread_id = 4, gam operation = GAM_READ, elapsed_time = 6873 ms
thread_id = 4, gam operation = GAM_WRITE, elapsed_time = 999 ms
thread_id = 4, gam operation = GAM_WLOCK, elapsed_time = 3308 ms
thread_id = 4, gam operation = GAM_UNLOCK, elapsed_time = 712 ms
thread_id = 4, gam operation = GAM_MALLOC, elapsed_time = 1459 ms
thread_id = 5, gam operation = GAM_READ, elapsed_time = 6701 ms
thread_id = 5, gam operation = GAM_WRITE, elapsed_time = 994 ms
thread_id = 5, gam operation = GAM_WLOCK, elapsed_time = 3546 ms
thread_id = 5, gam operation = GAM_UNLOCK, elapsed_time = 719 ms
thread_id = 5, gam operation = GAM_MALLOC, elapsed_time = 1835 ms
thread_id = 6, gam operation = GAM_READ, elapsed_time = 7187 ms
thread_id = 6, gam operation = GAM_WRITE, elapsed_time = 1005 ms
thread_id = 6, gam operation = GAM_WLOCK, elapsed_time = 3578 ms
thread_id = 6, gam operation = GAM_UNLOCK, elapsed_time = 803 ms
thread_id = 6, gam operation = GAM_MALLOC, elapsed_time = 1715 ms
thread_id = 7, gam operation = GAM_READ, elapsed_time = 7513 ms
thread_id = 7, gam operation = GAM_WRITE, elapsed_time = 1045 ms
thread_id = 7, gam operation = GAM_WLOCK, elapsed_time = 3723 ms
thread_id = 7, gam operation = GAM_UNLOCK, elapsed_time = 769 ms
thread_id = 7, gam operation = GAM_MALLOC, elapsed_time = 1864 ms

gam operation = GAM_READ, avg elapsed_time = 6996 ms
gam operation = GAM_WRITE, avg elapsed_time = 1004 ms
gam operation = GAM_WLOCK, avg elapsed_time = 3556 ms
gam operation = GAM_UNLOCK, avg elapsed_time = 759 ms
gam operation = GAM_MALLOC, avg elapsed_time = 1692 ms
**********END GAM_OPERATION PROFILING REPORT**********

start process query
start processing...
execute_count=193302, abort_count=32551, abort_rate=0.168394
elapsed time=29136ms.
throughput=6.63447K tps.
per-core throughput=0.829309K tps.
**********BEGIN EXECUTION PROFILING REPORT**********
thread_id = 0, txn_id = 1, execution_time = 27132 ms
thread_id = 0, txn_id = 2, execution_time = 2000 ms
thread_id = 0, execution_time_total = 29132 ms
thread_id = 1, txn_id = 1, execution_time = 27022 ms
thread_id = 1, txn_id = 2, execution_time = 2110 ms
thread_id = 1, execution_time_total = 29132 ms
thread_id = 2, txn_id = 1, execution_time = 26726 ms
thread_id = 2, txn_id = 2, execution_time = 2405 ms
thread_id = 2, execution_time_total = 29131 ms
thread_id = 3, txn_id = 1, execution_time = 22880 ms
thread_id = 3, txn_id = 2, execution_time = 6252 ms
thread_id = 3, execution_time_total = 29132 ms
thread_id = 4, txn_id = 1, execution_time = 26886 ms
thread_id = 4, txn_id = 2, execution_time = 2246 ms
thread_id = 4, execution_time_total = 29132 ms
thread_id = 5, txn_id = 1, execution_time = 27060 ms
thread_id = 5, txn_id = 2, execution_time = 2071 ms
thread_id = 5, execution_time_total = 29131 ms
thread_id = 6, txn_id = 1, execution_time = 26830 ms
thread_id = 6, txn_id = 2, execution_time = 2302 ms
thread_id = 6, execution_time_total = 29132 ms
thread_id = 7, txn_id = 1, execution_time = 21816 ms
thread_id = 7, txn_id = 2, execution_time = 7315 ms
thread_id = 7, execution_time_total = 29131 ms

avg execution_time = 29131 ms
**********END EXECUTION PROFILING REPORT**********

**********BEGIN PHASE PROFILING REPORT**********
thread_id = 0, phase = INDEX_READ, elapsed_time = 4024 ms
thread_id = 0, phase = CC_SELECT, elapsed_time = 16512 ms
thread_id = 0, phase = CC_INSERT, elapsed_time = 15 ms
thread_id = 0, phase = CC_COMMIT, elapsed_time = 6460 ms
thread_id = 1, phase = INDEX_READ, elapsed_time = 4071 ms
thread_id = 1, phase = CC_SELECT, elapsed_time = 11555 ms
thread_id = 1, phase = CC_INSERT, elapsed_time = 15 ms
thread_id = 1, phase = CC_COMMIT, elapsed_time = 6416 ms
thread_id = 2, phase = INDEX_READ, elapsed_time = 3556 ms
thread_id = 2, phase = CC_SELECT, elapsed_time = 7519 ms
thread_id = 2, phase = CC_INSERT, elapsed_time = 22 ms
thread_id = 2, phase = CC_COMMIT, elapsed_time = 10837 ms
thread_id = 3, phase = INDEX_READ, elapsed_time = 3902 ms
thread_id = 3, phase = CC_SELECT, elapsed_time = 11418 ms
thread_id = 3, phase = CC_INSERT, elapsed_time = 16 ms
thread_id = 3, phase = CC_COMMIT, elapsed_time = 6581 ms
thread_id = 4, phase = INDEX_READ, elapsed_time = 4037 ms
thread_id = 4, phase = CC_SELECT, elapsed_time = 11670 ms
thread_id = 4, phase = CC_INSERT, elapsed_time = 15 ms
thread_id = 4, phase = CC_COMMIT, elapsed_time = 6177 ms
thread_id = 5, phase = INDEX_READ, elapsed_time = 4011 ms
thread_id = 5, phase = CC_SELECT, elapsed_time = 7506 ms
thread_id = 5, phase = CC_INSERT, elapsed_time = 16 ms
thread_id = 5, phase = CC_COMMIT, elapsed_time = 10535 ms
thread_id = 6, phase = INDEX_READ, elapsed_time = 3595 ms
thread_id = 6, phase = CC_SELECT, elapsed_time = 12471 ms
thread_id = 6, phase = CC_INSERT, elapsed_time = 18 ms
thread_id = 6, phase = CC_COMMIT, elapsed_time = 10863 ms
thread_id = 7, phase = INDEX_READ, elapsed_time = 3808 ms
thread_id = 7, phase = CC_SELECT, elapsed_time = 11544 ms
thread_id = 7, phase = CC_INSERT, elapsed_time = 16 ms
thread_id = 7, phase = CC_COMMIT, elapsed_time = 6557 ms

phase = INDEX_READ, avg elapsed_time = 3875 ms
phase = CC_SELECT, avg elapsed_time = 11274 ms
phase = CC_INSERT, avg elapsed_time = 16 ms
phase = CC_COMMIT, avg elapsed_time = 8053 ms
**********END PHASE PROFILING REPORT**********

**********BEGIN CC ABORT TIME PROFILING REPORT**********
thread_id = 0, abort_time = 2241 ms
thread_id = 1, abort_time = 2465 ms
thread_id = 2, abort_time = 2198 ms
thread_id = 3, abort_time = 2344 ms
thread_id = 4, abort_time = 7459 ms
thread_id = 5, abort_time = 2190 ms
thread_id = 6, abort_time = 2404 ms
thread_id = 7, abort_time = 2036 ms

avg abort time = 2917 ms
**********END CC ABORT TIME PROFILING REPORT**********

**********BEGIN CC TS ALLOC TIME PROFILING REPORT**********
thread_id = 0, elapsed_time = 147 ms
thread_id = 1, elapsed_time = 165 ms
thread_id = 2, elapsed_time = 199 ms
thread_id = 3, elapsed_time = 163 ms
thread_id = 4, elapsed_time = 131 ms
thread_id = 5, elapsed_time = 113 ms
thread_id = 6, elapsed_time = 140 ms
thread_id = 7, elapsed_time = 151 ms
**********END CC TS ALLOC TIME PROFILING REPORT**********

**********BEGIN GAM_OPERATION PROFILING REPORT(NOT INCLUDE INDEX RELATED OPERATIONS)**********
thread_id = 0, gam operation = GAM_READ, elapsed_time = 17738 ms
thread_id = 0, gam operation = GAM_WRITE, elapsed_time = 1101 ms
thread_id = 0, gam operation = GAM_WLOCK, elapsed_time = 3269 ms
thread_id = 0, gam operation = GAM_UNLOCK, elapsed_time = 767 ms
thread_id = 0, gam operation = GAM_MALLOC, elapsed_time = 1590 ms
thread_id = 1, gam operation = GAM_READ, elapsed_time = 12800 ms
thread_id = 1, gam operation = GAM_WRITE, elapsed_time = 1094 ms
thread_id = 1, gam operation = GAM_WLOCK, elapsed_time = 3210 ms
thread_id = 1, gam operation = GAM_UNLOCK, elapsed_time = 759 ms
thread_id = 1, gam operation = GAM_MALLOC, elapsed_time = 6541 ms
thread_id = 2, gam operation = GAM_READ, elapsed_time = 8776 ms
thread_id = 2, gam operation = GAM_WRITE, elapsed_time = 1090 ms
thread_id = 2, gam operation = GAM_WLOCK, elapsed_time = 7432 ms
thread_id = 2, gam operation = GAM_UNLOCK, elapsed_time = 867 ms
thread_id = 2, gam operation = GAM_MALLOC, elapsed_time = 6613 ms
thread_id = 3, gam operation = GAM_READ, elapsed_time = 12686 ms
thread_id = 3, gam operation = GAM_WRITE, elapsed_time = 1103 ms
thread_id = 3, gam operation = GAM_WLOCK, elapsed_time = 3313 ms
thread_id = 3, gam operation = GAM_UNLOCK, elapsed_time = 778 ms
thread_id = 3, gam operation = GAM_MALLOC, elapsed_time = 6666 ms
thread_id = 4, gam operation = GAM_READ, elapsed_time = 12904 ms
thread_id = 4, gam operation = GAM_WRITE, elapsed_time = 1082 ms
thread_id = 4, gam operation = GAM_WLOCK, elapsed_time = 3023 ms
thread_id = 4, gam operation = GAM_UNLOCK, elapsed_time = 751 ms
thread_id = 4, gam operation = GAM_MALLOC, elapsed_time = 6703 ms
thread_id = 5, gam operation = GAM_READ, elapsed_time = 8694 ms
thread_id = 5, gam operation = GAM_WRITE, elapsed_time = 1043 ms
thread_id = 5, gam operation = GAM_WLOCK, elapsed_time = 7412 ms
thread_id = 5, gam operation = GAM_UNLOCK, elapsed_time = 787 ms
thread_id = 5, gam operation = GAM_MALLOC, elapsed_time = 6520 ms
thread_id = 6, gam operation = GAM_READ, elapsed_time = 13774 ms
thread_id = 6, gam operation = GAM_WRITE, elapsed_time = 1134 ms
thread_id = 6, gam operation = GAM_WLOCK, elapsed_time = 7511 ms
thread_id = 6, gam operation = GAM_UNLOCK, elapsed_time = 814 ms
thread_id = 6, gam operation = GAM_MALLOC, elapsed_time = 1607 ms
thread_id = 7, gam operation = GAM_READ, elapsed_time = 12743 ms
thread_id = 7, gam operation = GAM_WRITE, elapsed_time = 1068 ms
thread_id = 7, gam operation = GAM_WLOCK, elapsed_time = 3332 ms
thread_id = 7, gam operation = GAM_UNLOCK, elapsed_time = 832 ms
thread_id = 7, gam operation = GAM_MALLOC, elapsed_time = 6662 ms

gam operation = GAM_READ, avg elapsed_time = 12514 ms
gam operation = GAM_WRITE, avg elapsed_time = 1089 ms
gam operation = GAM_WLOCK, avg elapsed_time = 4812 ms
gam operation = GAM_UNLOCK, avg elapsed_time = 794 ms
gam operation = GAM_MALLOC, avg elapsed_time = 5362 ms
**********END GAM_OPERATION PROFILING REPORT**********

total_count=193302,total_abort_count=32551,throughput=6.63447,thread_count_=8,elapsed_time=29136
total_count=189927,total_abort_count=31274,throughput=6.29544,thread_count_=8,elapsed_time=30169
total_count=195492,total_abort_count=34372,throughput=7.05111,thread_count_=8,elapsed_time=27725
==================== perf statistics summary ====================
agg_total_count	578721
agg_total_abort_count	98197
abort_rate	0.169679
per_node_elapsed_time	29010.000000
total_throughput	19.981018
per_node_throughput	6.660339
per_core_throughput	0.832542
==================== end ====================
prepare to exit...
over..
