server name=lab505-158,port_no=11111
server name=lab505-159,port_no=11111
server name=lab505-160,port_no=11111
============= tpcc_scale_params ===========
num_warehouses=12,starting_warehouse_=1,ending_warehouse_=4
partition_id_0
scale_factor_=1
num_items_=100000
num_districts_per_warehouse_=10
num_customers_per_district_=3000
num_new_orders_per_district_=900
dist_ratio=0, gStandard=1, gForceRandomAccess=0, gTimeLocality=0, gReadRatio=0
============= end ===========
GAllocator config info: is_master=1,master_ip=10.77.110.158,master_port=12345,worker_ip=10.77.110.158,worker_port=12346
[1273409] 05 Jan 11:37:22.292 - [worker.cc:117-Worker()] LRU eviction is enabled, max cache lines = 5033164, reserved mem size = 17179869184, cache_percentage = 0.150000, block_size = 512
create default gallocator
create epoch gallocator
storage_addr=281475022798848
epoch_addr=281474988244480
monotone_ts_addr=281474988243968
start population
table_id=0, size=45.2MB
table_id=1, size=163.6MB
table_id=2, size=0.000576MB
table_id=3, size=0.00608MB
table_id=4, size=0.00052MB
table_id=5, size=0.468MB
table_id=6, size=4.44MB
table_id=7, size=92.2919MB
table_id=8, size=92.16MB
table_id=9, size=8.28MB
populate elapsed time=61911ms
**********BEGIN EXECUTION PROFILING REPORT**********

avg execution_time = 0 ms
**********END EXECUTION PROFILING REPORT**********

**********BEGIN PHASE PROFILING REPORT**********
thread_id = 0, phase = INDEX_INSERT_LOCK, elapsed_time = 2894 ms
thread_id = 0, phase = INDEX_INSERT_MUTATE, elapsed_time = 41936 ms
thread_id = 0, phase = INDEX_INSERT_GALLOCATE, elapsed_time = 1119 ms

phase = INDEX_INSERT_LOCK, avg elapsed_time = 723 ms
phase = INDEX_INSERT_MUTATE, avg elapsed_time = 10484 ms
phase = INDEX_INSERT_GALLOCATE, avg elapsed_time = 279 ms
**********END PHASE PROFILING REPORT**********

**********BEGIN CC ABORT TIME PROFILING REPORT**********

avg abort time = 0 ms
**********END CC ABORT TIME PROFILING REPORT**********

**********BEGIN CC TS ALLOC TIME PROFILING REPORT**********
**********END CC TS ALLOC TIME PROFILING REPORT**********

**********BEGIN GAM_OPERATION PROFILING REPORT(NOT INCLUDE INDEX RELATED OPERATIONS)**********

**********END GAM_OPERATION PROFILING REPORT**********

read/write access count
total_read_access_count	1245156
total_write_access_count	2771097
total_read_ratio	0.310029
source elapsed time=325ms
start process query
start processing...
execute_count=180150, abort_count=0, abort_rate=0
elapsed time=7995ms.
throughput=22.5328K tps.
per-core throughput=5.63321K tps.
**********BEGIN EXECUTION PROFILING REPORT**********
thread_id = 0, txn_id = 1, execution_time = 7108 ms
thread_id = 0, txn_id = 2, execution_time = 882 ms
thread_id = 0, execution_time_total = 7990 ms
thread_id = 1, txn_id = 1, execution_time = 7254 ms
thread_id = 1, txn_id = 2, execution_time = 736 ms
thread_id = 1, execution_time_total = 7990 ms
thread_id = 2, txn_id = 1, execution_time = 7078 ms
thread_id = 2, txn_id = 2, execution_time = 912 ms
thread_id = 2, execution_time_total = 7990 ms
thread_id = 3, txn_id = 1, execution_time = 7073 ms
thread_id = 3, txn_id = 2, execution_time = 916 ms
thread_id = 3, execution_time_total = 7989 ms

avg execution_time = 7989 ms
**********END EXECUTION PROFILING REPORT**********

**********BEGIN PHASE PROFILING REPORT**********
thread_id = 0, phase = INDEX_READ, elapsed_time = 2874 ms
thread_id = 0, phase = CC_SELECT, elapsed_time = 1010 ms
thread_id = 0, phase = CC_INSERT, elapsed_time = 19 ms
thread_id = 0, phase = CC_COMMIT, elapsed_time = 2445 ms
thread_id = 1, phase = INDEX_READ, elapsed_time = 2900 ms
thread_id = 1, phase = CC_SELECT, elapsed_time = 982 ms
thread_id = 1, phase = CC_INSERT, elapsed_time = 20 ms
thread_id = 1, phase = CC_COMMIT, elapsed_time = 2430 ms
thread_id = 2, phase = INDEX_READ, elapsed_time = 2521 ms
thread_id = 2, phase = CC_SELECT, elapsed_time = 1047 ms
thread_id = 2, phase = CC_INSERT, elapsed_time = 22 ms
thread_id = 2, phase = CC_COMMIT, elapsed_time = 2711 ms
thread_id = 3, phase = INDEX_READ, elapsed_time = 2411 ms
thread_id = 3, phase = CC_SELECT, elapsed_time = 1093 ms
thread_id = 3, phase = CC_INSERT, elapsed_time = 23 ms
thread_id = 3, phase = CC_COMMIT, elapsed_time = 2742 ms

phase = INDEX_READ, avg elapsed_time = 2676 ms
phase = CC_SELECT, avg elapsed_time = 1033 ms
phase = CC_INSERT, avg elapsed_time = 21 ms
phase = CC_COMMIT, avg elapsed_time = 2582 ms
**********END PHASE PROFILING REPORT**********

**********BEGIN CC ABORT TIME PROFILING REPORT**********

avg abort time = 0 ms
**********END CC ABORT TIME PROFILING REPORT**********

**********BEGIN CC TS ALLOC TIME PROFILING REPORT**********
thread_id = 0, elapsed_time = 66 ms
thread_id = 1, elapsed_time = 65 ms
thread_id = 2, elapsed_time = 81 ms
thread_id = 3, elapsed_time = 75 ms
**********END CC TS ALLOC TIME PROFILING REPORT**********

**********BEGIN GAM_OPERATION PROFILING REPORT(NOT INCLUDE INDEX RELATED OPERATIONS)**********
thread_id = 0, gam operation = GAM_READ, elapsed_time = 1454 ms
thread_id = 0, gam operation = GAM_WRITE, elapsed_time = 669 ms
thread_id = 0, gam operation = GAM_WLOCK, elapsed_time = 464 ms
thread_id = 0, gam operation = GAM_UNLOCK, elapsed_time = 694 ms
thread_id = 0, gam operation = GAM_MALLOC, elapsed_time = 1259 ms
thread_id = 1, gam operation = GAM_READ, elapsed_time = 1426 ms
thread_id = 1, gam operation = GAM_WRITE, elapsed_time = 660 ms
thread_id = 1, gam operation = GAM_WLOCK, elapsed_time = 462 ms
thread_id = 1, gam operation = GAM_UNLOCK, elapsed_time = 703 ms
thread_id = 1, gam operation = GAM_MALLOC, elapsed_time = 1258 ms
thread_id = 2, gam operation = GAM_READ, elapsed_time = 1541 ms
thread_id = 2, gam operation = GAM_WRITE, elapsed_time = 720 ms
thread_id = 2, gam operation = GAM_WLOCK, elapsed_time = 524 ms
thread_id = 2, gam operation = GAM_UNLOCK, elapsed_time = 780 ms
thread_id = 2, gam operation = GAM_MALLOC, elapsed_time = 1267 ms
thread_id = 3, gam operation = GAM_READ, elapsed_time = 1604 ms
thread_id = 3, gam operation = GAM_WRITE, elapsed_time = 735 ms
thread_id = 3, gam operation = GAM_WLOCK, elapsed_time = 521 ms
thread_id = 3, gam operation = GAM_UNLOCK, elapsed_time = 800 ms
thread_id = 3, gam operation = GAM_MALLOC, elapsed_time = 1280 ms

gam operation = GAM_READ, avg elapsed_time = 1506 ms
gam operation = GAM_WRITE, avg elapsed_time = 696 ms
gam operation = GAM_WLOCK, avg elapsed_time = 492 ms
gam operation = GAM_UNLOCK, avg elapsed_time = 744 ms
gam operation = GAM_MALLOC, avg elapsed_time = 1266 ms
**********END GAM_OPERATION PROFILING REPORT**********

start process query
start processing...
execute_count=189648, abort_count=0, abort_rate=0
elapsed time=9949ms.
throughput=19.062K tps.
per-core throughput=4.7655K tps.
**********BEGIN EXECUTION PROFILING REPORT**********
thread_id = 0, txn_id = 1, execution_time = 9025 ms
thread_id = 0, txn_id = 2, execution_time = 919 ms
thread_id = 0, execution_time_total = 9944 ms
thread_id = 1, txn_id = 1, execution_time = 9126 ms
thread_id = 1, txn_id = 2, execution_time = 818 ms
thread_id = 1, execution_time_total = 9944 ms
thread_id = 2, txn_id = 1, execution_time = 9050 ms
thread_id = 2, txn_id = 2, execution_time = 894 ms
thread_id = 2, execution_time_total = 9944 ms
thread_id = 3, txn_id = 1, execution_time = 9017 ms
thread_id = 3, txn_id = 2, execution_time = 926 ms
thread_id = 3, execution_time_total = 9943 ms

avg execution_time = 9943 ms
**********END EXECUTION PROFILING REPORT**********

**********BEGIN PHASE PROFILING REPORT**********
thread_id = 0, phase = INDEX_READ, elapsed_time = 2754 ms
thread_id = 0, phase = CC_SELECT, elapsed_time = 1077 ms
thread_id = 0, phase = CC_INSERT, elapsed_time = 21 ms
thread_id = 0, phase = CC_COMMIT, elapsed_time = 2621 ms
thread_id = 1, phase = INDEX_READ, elapsed_time = 2722 ms
thread_id = 1, phase = CC_SELECT, elapsed_time = 1065 ms
thread_id = 1, phase = CC_INSERT, elapsed_time = 22 ms
thread_id = 1, phase = CC_COMMIT, elapsed_time = 2657 ms
thread_id = 2, phase = INDEX_READ, elapsed_time = 2593 ms
thread_id = 2, phase = CC_SELECT, elapsed_time = 1104 ms
thread_id = 2, phase = CC_INSERT, elapsed_time = 22 ms
thread_id = 2, phase = CC_COMMIT, elapsed_time = 2751 ms
thread_id = 3, phase = INDEX_READ, elapsed_time = 2434 ms
thread_id = 3, phase = CC_SELECT, elapsed_time = 1134 ms
thread_id = 3, phase = CC_INSERT, elapsed_time = 23 ms
thread_id = 3, phase = CC_COMMIT, elapsed_time = 2819 ms

phase = INDEX_READ, avg elapsed_time = 2625 ms
phase = CC_SELECT, avg elapsed_time = 1095 ms
phase = CC_INSERT, avg elapsed_time = 22 ms
phase = CC_COMMIT, avg elapsed_time = 2712 ms
**********END PHASE PROFILING REPORT**********

**********BEGIN CC ABORT TIME PROFILING REPORT**********

avg abort time = 0 ms
**********END CC ABORT TIME PROFILING REPORT**********

**********BEGIN CC TS ALLOC TIME PROFILING REPORT**********
thread_id = 0, elapsed_time = 75 ms
thread_id = 1, elapsed_time = 74 ms
thread_id = 2, elapsed_time = 78 ms
thread_id = 3, elapsed_time = 79 ms
**********END CC TS ALLOC TIME PROFILING REPORT**********

**********BEGIN GAM_OPERATION PROFILING REPORT(NOT INCLUDE INDEX RELATED OPERATIONS)**********
thread_id = 0, gam operation = GAM_READ, elapsed_time = 1593 ms
thread_id = 0, gam operation = GAM_WRITE, elapsed_time = 721 ms
thread_id = 0, gam operation = GAM_WLOCK, elapsed_time = 502 ms
thread_id = 0, gam operation = GAM_UNLOCK, elapsed_time = 699 ms
thread_id = 0, gam operation = GAM_MALLOC, elapsed_time = 3049 ms
thread_id = 1, gam operation = GAM_READ, elapsed_time = 1590 ms
thread_id = 1, gam operation = GAM_WRITE, elapsed_time = 728 ms
thread_id = 1, gam operation = GAM_WLOCK, elapsed_time = 513 ms
thread_id = 1, gam operation = GAM_UNLOCK, elapsed_time = 706 ms
thread_id = 1, gam operation = GAM_MALLOC, elapsed_time = 3056 ms
thread_id = 2, gam operation = GAM_READ, elapsed_time = 1626 ms
thread_id = 2, gam operation = GAM_WRITE, elapsed_time = 744 ms
thread_id = 2, gam operation = GAM_WLOCK, elapsed_time = 537 ms
thread_id = 2, gam operation = GAM_UNLOCK, elapsed_time = 750 ms
thread_id = 2, gam operation = GAM_MALLOC, elapsed_time = 3034 ms
thread_id = 3, gam operation = GAM_READ, elapsed_time = 1679 ms
thread_id = 3, gam operation = GAM_WRITE, elapsed_time = 770 ms
thread_id = 3, gam operation = GAM_WLOCK, elapsed_time = 541 ms
thread_id = 3, gam operation = GAM_UNLOCK, elapsed_time = 760 ms
thread_id = 3, gam operation = GAM_MALLOC, elapsed_time = 3076 ms

gam operation = GAM_READ, avg elapsed_time = 1622 ms
gam operation = GAM_WRITE, avg elapsed_time = 740 ms
gam operation = GAM_WLOCK, avg elapsed_time = 523 ms
gam operation = GAM_UNLOCK, avg elapsed_time = 728 ms
gam operation = GAM_MALLOC, avg elapsed_time = 3053 ms
**********END GAM_OPERATION PROFILING REPORT**********

total_count=189648,total_abort_count=0,throughput=19.062,thread_count_=4,elapsed_time=9949
total_count=188712,total_abort_count=0,throughput=17.9949,thread_count_=4,elapsed_time=10487
total_count=192047,total_abort_count=0,throughput=24.8669,thread_count_=4,elapsed_time=7723
==================== perf statistics summary ====================
agg_total_count	570407
agg_total_abort_count	0
abort_rate	0.000000
per_node_elapsed_time	9386.333333
total_throughput	61.923758
per_node_throughput	20.641253
per_core_throughput	5.160313
==================== end ====================
prepare to exit...
over..
