server name=lab505-158,port_no=11111
server name=lab505-159,port_no=11111
server name=lab505-160,port_no=11111
============= tpcc_scale_params ===========
num_warehouses=12,starting_warehouse_=1,ending_warehouse_=4
partition_id_0
scale_factor_=1
num_items_=100000
num_districts_per_warehouse_=10
num_customers_per_district_=3000
num_new_orders_per_district_=900
dist_ratio=100, gStandard=1, gForceRandomAccess=0, gTimeLocality=0, gReadRatio=0
============= end ===========
GAllocator config info: is_master=1,master_ip=10.77.110.158,master_port=12345,worker_ip=10.77.110.158,worker_port=12346
[1275717] 05 Jan 11:47:00.272 - [worker.cc:117-Worker()] LRU eviction is enabled, max cache lines = 5033164, reserved mem size = 17179869184, cache_percentage = 0.150000, block_size = 512
create default gallocator
create epoch gallocator
storage_addr=281475022798848
epoch_addr=281474988244480
monotone_ts_addr=281474988243968
start population
table_id=0, size=45.2MB
table_id=1, size=163.6MB
table_id=2, size=0.000576MB
table_id=3, size=0.00608MB
table_id=4, size=0.00052MB
table_id=5, size=0.468MB
table_id=6, size=4.44MB
table_id=7, size=92.2919MB
table_id=8, size=92.16MB
table_id=9, size=8.28MB
populate elapsed time=60751ms
**********BEGIN EXECUTION PROFILING REPORT**********

avg execution_time = 0 ms
**********END EXECUTION PROFILING REPORT**********

**********BEGIN PHASE PROFILING REPORT**********
thread_id = 0, phase = INDEX_INSERT_LOCK, elapsed_time = 2793 ms
thread_id = 0, phase = INDEX_INSERT_MUTATE, elapsed_time = 41316 ms
thread_id = 0, phase = INDEX_INSERT_GALLOCATE, elapsed_time = 1108 ms

phase = INDEX_INSERT_LOCK, avg elapsed_time = 698 ms
phase = INDEX_INSERT_MUTATE, avg elapsed_time = 10329 ms
phase = INDEX_INSERT_GALLOCATE, avg elapsed_time = 277 ms
**********END PHASE PROFILING REPORT**********

**********BEGIN CC ABORT TIME PROFILING REPORT**********

avg abort time = 0 ms
**********END CC ABORT TIME PROFILING REPORT**********

**********BEGIN CC TS ALLOC TIME PROFILING REPORT**********
**********END CC TS ALLOC TIME PROFILING REPORT**********

**********BEGIN GAM_OPERATION PROFILING REPORT(NOT INCLUDE INDEX RELATED OPERATIONS)**********

**********END GAM_OPERATION PROFILING REPORT**********

read/write access count
total_read_access_count	1248136
total_write_access_count	2776397
total_read_ratio	0.310132
source elapsed time=348ms
start process query
start processing...
execute_count=197772, abort_count=745, abort_rate=0.00376694
elapsed time=23650ms.
throughput=8.36245K tps.
per-core throughput=2.09061K tps.
**********BEGIN EXECUTION PROFILING REPORT**********
thread_id = 0, txn_id = 1, execution_time = 21177 ms
thread_id = 0, txn_id = 2, execution_time = 2467 ms
thread_id = 0, execution_time_total = 23644 ms
thread_id = 1, txn_id = 1, execution_time = 21312 ms
thread_id = 1, txn_id = 2, execution_time = 2332 ms
thread_id = 1, execution_time_total = 23644 ms
thread_id = 2, txn_id = 1, execution_time = 21111 ms
thread_id = 2, txn_id = 2, execution_time = 2533 ms
thread_id = 2, execution_time_total = 23644 ms
thread_id = 3, txn_id = 1, execution_time = 21206 ms
thread_id = 3, txn_id = 2, execution_time = 2438 ms
thread_id = 3, execution_time_total = 23644 ms

avg execution_time = 23644 ms
**********END EXECUTION PROFILING REPORT**********

**********BEGIN PHASE PROFILING REPORT**********
thread_id = 0, phase = INDEX_READ, elapsed_time = 5446 ms
thread_id = 0, phase = CC_SELECT, elapsed_time = 7199 ms
thread_id = 0, phase = CC_INSERT, elapsed_time = 27 ms
thread_id = 0, phase = CC_COMMIT, elapsed_time = 10027 ms
thread_id = 1, phase = INDEX_READ, elapsed_time = 5549 ms
thread_id = 1, phase = CC_SELECT, elapsed_time = 7133 ms
thread_id = 1, phase = CC_INSERT, elapsed_time = 27 ms
thread_id = 1, phase = CC_COMMIT, elapsed_time = 9975 ms
thread_id = 2, phase = INDEX_READ, elapsed_time = 5205 ms
thread_id = 2, phase = CC_SELECT, elapsed_time = 7242 ms
thread_id = 2, phase = CC_INSERT, elapsed_time = 27 ms
thread_id = 2, phase = CC_COMMIT, elapsed_time = 10264 ms
thread_id = 3, phase = INDEX_READ, elapsed_time = 5352 ms
thread_id = 3, phase = CC_SELECT, elapsed_time = 7207 ms
thread_id = 3, phase = CC_INSERT, elapsed_time = 31 ms
thread_id = 3, phase = CC_COMMIT, elapsed_time = 10051 ms

phase = INDEX_READ, avg elapsed_time = 5388 ms
phase = CC_SELECT, avg elapsed_time = 7195 ms
phase = CC_INSERT, avg elapsed_time = 28 ms
phase = CC_COMMIT, avg elapsed_time = 10079 ms
**********END PHASE PROFILING REPORT**********

**********BEGIN CC ABORT TIME PROFILING REPORT**********
thread_id = 0, abort_time = 32 ms
thread_id = 1, abort_time = 46 ms
thread_id = 2, abort_time = 36 ms
thread_id = 3, abort_time = 34 ms

avg abort time = 37 ms
**********END CC ABORT TIME PROFILING REPORT**********

**********BEGIN CC TS ALLOC TIME PROFILING REPORT**********
thread_id = 0, elapsed_time = 61 ms
thread_id = 1, elapsed_time = 61 ms
thread_id = 2, elapsed_time = 62 ms
thread_id = 3, elapsed_time = 62 ms
**********END CC TS ALLOC TIME PROFILING REPORT**********

**********BEGIN GAM_OPERATION PROFILING REPORT(NOT INCLUDE INDEX RELATED OPERATIONS)**********
thread_id = 0, gam operation = GAM_READ, elapsed_time = 7594 ms
thread_id = 0, gam operation = GAM_WRITE, elapsed_time = 706 ms
thread_id = 0, gam operation = GAM_WLOCK, elapsed_time = 7977 ms
thread_id = 0, gam operation = GAM_UNLOCK, elapsed_time = 672 ms
thread_id = 0, gam operation = GAM_MALLOC, elapsed_time = 534 ms
thread_id = 1, gam operation = GAM_READ, elapsed_time = 7548 ms
thread_id = 1, gam operation = GAM_WRITE, elapsed_time = 710 ms
thread_id = 1, gam operation = GAM_WLOCK, elapsed_time = 7911 ms
thread_id = 1, gam operation = GAM_UNLOCK, elapsed_time = 681 ms
thread_id = 1, gam operation = GAM_MALLOC, elapsed_time = 530 ms
thread_id = 2, gam operation = GAM_READ, elapsed_time = 7660 ms
thread_id = 2, gam operation = GAM_WRITE, elapsed_time = 721 ms
thread_id = 2, gam operation = GAM_WLOCK, elapsed_time = 8160 ms
thread_id = 2, gam operation = GAM_UNLOCK, elapsed_time = 693 ms
thread_id = 2, gam operation = GAM_MALLOC, elapsed_time = 463 ms
thread_id = 3, gam operation = GAM_READ, elapsed_time = 7632 ms
thread_id = 3, gam operation = GAM_WRITE, elapsed_time = 717 ms
thread_id = 3, gam operation = GAM_WLOCK, elapsed_time = 7980 ms
thread_id = 3, gam operation = GAM_UNLOCK, elapsed_time = 683 ms
thread_id = 3, gam operation = GAM_MALLOC, elapsed_time = 563 ms

gam operation = GAM_READ, avg elapsed_time = 7608 ms
gam operation = GAM_WRITE, avg elapsed_time = 713 ms
gam operation = GAM_WLOCK, avg elapsed_time = 8007 ms
gam operation = GAM_UNLOCK, avg elapsed_time = 682 ms
gam operation = GAM_MALLOC, avg elapsed_time = 522 ms
**********END GAM_OPERATION PROFILING REPORT**********

start process query
start processing...
execute_count=189037, abort_count=745, abort_rate=0.00394101
elapsed time=25659ms.
throughput=7.36728K tps.
per-core throughput=1.84182K tps.
**********BEGIN EXECUTION PROFILING REPORT**********
thread_id = 0, txn_id = 1, execution_time = 23472 ms
thread_id = 0, txn_id = 2, execution_time = 2180 ms
thread_id = 0, execution_time_total = 25652 ms
thread_id = 1, txn_id = 1, execution_time = 23424 ms
thread_id = 1, txn_id = 2, execution_time = 2228 ms
thread_id = 1, execution_time_total = 25652 ms
thread_id = 2, txn_id = 1, execution_time = 23091 ms
thread_id = 2, txn_id = 2, execution_time = 2561 ms
thread_id = 2, execution_time_total = 25652 ms
thread_id = 3, txn_id = 1, execution_time = 23287 ms
thread_id = 3, txn_id = 2, execution_time = 2364 ms
thread_id = 3, execution_time_total = 25651 ms

avg execution_time = 25651 ms
**********END EXECUTION PROFILING REPORT**********

**********BEGIN PHASE PROFILING REPORT**********
thread_id = 0, phase = INDEX_READ, elapsed_time = 3065 ms
thread_id = 0, phase = CC_SELECT, elapsed_time = 11167 ms
thread_id = 0, phase = CC_INSERT, elapsed_time = 25 ms
thread_id = 0, phase = CC_COMMIT, elapsed_time = 10270 ms
thread_id = 1, phase = INDEX_READ, elapsed_time = 3441 ms
thread_id = 1, phase = CC_SELECT, elapsed_time = 9604 ms
thread_id = 1, phase = CC_INSERT, elapsed_time = 26 ms
thread_id = 1, phase = CC_COMMIT, elapsed_time = 11310 ms
thread_id = 2, phase = INDEX_READ, elapsed_time = 2887 ms
thread_id = 2, phase = CC_SELECT, elapsed_time = 9734 ms
thread_id = 2, phase = CC_INSERT, elapsed_time = 25 ms
thread_id = 2, phase = CC_COMMIT, elapsed_time = 11793 ms
thread_id = 3, phase = INDEX_READ, elapsed_time = 2862 ms
thread_id = 3, phase = CC_SELECT, elapsed_time = 9737 ms
thread_id = 3, phase = CC_INSERT, elapsed_time = 26 ms
thread_id = 3, phase = CC_COMMIT, elapsed_time = 10411 ms

phase = INDEX_READ, avg elapsed_time = 3063 ms
phase = CC_SELECT, avg elapsed_time = 10060 ms
phase = CC_INSERT, avg elapsed_time = 25 ms
phase = CC_COMMIT, avg elapsed_time = 10946 ms
**********END PHASE PROFILING REPORT**********

**********BEGIN CC ABORT TIME PROFILING REPORT**********
thread_id = 0, abort_time = 44 ms
thread_id = 1, abort_time = 71 ms
thread_id = 2, abort_time = 44 ms
thread_id = 3, abort_time = 44 ms

avg abort time = 50 ms
**********END CC ABORT TIME PROFILING REPORT**********

**********BEGIN CC TS ALLOC TIME PROFILING REPORT**********
thread_id = 0, elapsed_time = 87 ms
thread_id = 1, elapsed_time = 94 ms
thread_id = 2, elapsed_time = 88 ms
thread_id = 3, elapsed_time = 89 ms
**********END CC TS ALLOC TIME PROFILING REPORT**********

**********BEGIN GAM_OPERATION PROFILING REPORT(NOT INCLUDE INDEX RELATED OPERATIONS)**********
thread_id = 0, gam operation = GAM_READ, elapsed_time = 11774 ms
thread_id = 0, gam operation = GAM_WRITE, elapsed_time = 910 ms
thread_id = 0, gam operation = GAM_WLOCK, elapsed_time = 7745 ms
thread_id = 0, gam operation = GAM_UNLOCK, elapsed_time = 748 ms
thread_id = 0, gam operation = GAM_MALLOC, elapsed_time = 640 ms
thread_id = 1, gam operation = GAM_READ, elapsed_time = 10398 ms
thread_id = 1, gam operation = GAM_WRITE, elapsed_time = 1031 ms
thread_id = 1, gam operation = GAM_WLOCK, elapsed_time = 8382 ms
thread_id = 1, gam operation = GAM_UNLOCK, elapsed_time = 868 ms
thread_id = 1, gam operation = GAM_MALLOC, elapsed_time = 753 ms
thread_id = 2, gam operation = GAM_READ, elapsed_time = 10364 ms
thread_id = 2, gam operation = GAM_WRITE, elapsed_time = 927 ms
thread_id = 2, gam operation = GAM_WLOCK, elapsed_time = 9202 ms
thread_id = 2, gam operation = GAM_UNLOCK, elapsed_time = 775 ms
thread_id = 2, gam operation = GAM_MALLOC, elapsed_time = 720 ms
thread_id = 3, gam operation = GAM_READ, elapsed_time = 10358 ms
thread_id = 3, gam operation = GAM_WRITE, elapsed_time = 921 ms
thread_id = 3, gam operation = GAM_WLOCK, elapsed_time = 7851 ms
thread_id = 3, gam operation = GAM_UNLOCK, elapsed_time = 762 ms
thread_id = 3, gam operation = GAM_MALLOC, elapsed_time = 2118 ms

gam operation = GAM_READ, avg elapsed_time = 10723 ms
gam operation = GAM_WRITE, avg elapsed_time = 947 ms
gam operation = GAM_WLOCK, avg elapsed_time = 8295 ms
gam operation = GAM_UNLOCK, avg elapsed_time = 788 ms
gam operation = GAM_MALLOC, avg elapsed_time = 1057 ms
**********END GAM_OPERATION PROFILING REPORT**********

total_count=189037,total_abort_count=745,throughput=7.36728,thread_count_=4,elapsed_time=25659
total_count=198675,total_abort_count=719,throughput=8.24686,thread_count_=4,elapsed_time=24091
total_count=197559,total_abort_count=731,throughput=8.27264,thread_count_=4,elapsed_time=23881
==================== perf statistics summary ====================
agg_total_count	585271
agg_total_abort_count	2195
abort_rate	0.003750
per_node_elapsed_time	24543.666667
total_throughput	23.886778
per_node_throughput	7.962259
per_core_throughput	1.990565
==================== end ====================
prepare to exit...
over..
