server name=lab505-158,port_no=11111
server name=lab505-159,port_no=11111
server name=lab505-160,port_no=11111
============= tpcc_scale_params ===========
num_warehouses=12,starting_warehouse_=1,ending_warehouse_=4
partition_id_0
scale_factor_=1
num_items_=100000
num_districts_per_warehouse_=10
num_customers_per_district_=3000
num_new_orders_per_district_=900
dist_ratio=80, gStandard=1, gForceRandomAccess=0, gTimeLocality=0, gReadRatio=0
============= end ===========
GAllocator config info: is_master=1,master_ip=10.77.110.158,master_port=12345,worker_ip=10.77.110.158,worker_port=12346
[1275071] 05 Jan 11:44:53.382 - [worker.cc:117-Worker()] LRU eviction is enabled, max cache lines = 5033164, reserved mem size = 17179869184, cache_percentage = 0.150000, block_size = 512
create default gallocator
create epoch gallocator
storage_addr=281475022798848
epoch_addr=281474988244480
monotone_ts_addr=281474988243968
start population
table_id=0, size=45.2MB
table_id=1, size=163.6MB
table_id=2, size=0.000576MB
table_id=3, size=0.00608MB
table_id=4, size=0.00052MB
table_id=5, size=0.468MB
table_id=6, size=4.44MB
table_id=7, size=92.2919MB
table_id=8, size=92.16MB
table_id=9, size=8.28MB
populate elapsed time=61187ms
**********BEGIN EXECUTION PROFILING REPORT**********

avg execution_time = 0 ms
**********END EXECUTION PROFILING REPORT**********

**********BEGIN PHASE PROFILING REPORT**********
thread_id = 0, phase = INDEX_INSERT_LOCK, elapsed_time = 2793 ms
thread_id = 0, phase = INDEX_INSERT_MUTATE, elapsed_time = 41771 ms
thread_id = 0, phase = INDEX_INSERT_GALLOCATE, elapsed_time = 1104 ms

phase = INDEX_INSERT_LOCK, avg elapsed_time = 698 ms
phase = INDEX_INSERT_MUTATE, avg elapsed_time = 10442 ms
phase = INDEX_INSERT_GALLOCATE, avg elapsed_time = 276 ms
**********END PHASE PROFILING REPORT**********

**********BEGIN CC ABORT TIME PROFILING REPORT**********

avg abort time = 0 ms
**********END CC ABORT TIME PROFILING REPORT**********

**********BEGIN CC TS ALLOC TIME PROFILING REPORT**********
**********END CC TS ALLOC TIME PROFILING REPORT**********

**********BEGIN GAM_OPERATION PROFILING REPORT(NOT INCLUDE INDEX RELATED OPERATIONS)**********

**********END GAM_OPERATION PROFILING REPORT**********

read/write access count
total_read_access_count	1247778
total_write_access_count	2774756
total_read_ratio	0.310197
source elapsed time=351ms
start process query
start processing...
execute_count=196989, abort_count=733, abort_rate=0.003721
elapsed time=22316ms.
throughput=8.82725K tps.
per-core throughput=2.20681K tps.
**********BEGIN EXECUTION PROFILING REPORT**********
thread_id = 0, txn_id = 1, execution_time = 20206 ms
thread_id = 0, txn_id = 2, execution_time = 2104 ms
thread_id = 0, execution_time_total = 22310 ms
thread_id = 1, txn_id = 1, execution_time = 19975 ms
thread_id = 1, txn_id = 2, execution_time = 2334 ms
thread_id = 1, execution_time_total = 22309 ms
thread_id = 2, txn_id = 1, execution_time = 20011 ms
thread_id = 2, txn_id = 2, execution_time = 2298 ms
thread_id = 2, execution_time_total = 22309 ms
thread_id = 3, txn_id = 1, execution_time = 20018 ms
thread_id = 3, txn_id = 2, execution_time = 2291 ms
thread_id = 3, execution_time_total = 22309 ms

avg execution_time = 22309 ms
**********END EXECUTION PROFILING REPORT**********

**********BEGIN PHASE PROFILING REPORT**********
thread_id = 0, phase = INDEX_READ, elapsed_time = 5303 ms
thread_id = 0, phase = CC_SELECT, elapsed_time = 6825 ms
thread_id = 0, phase = CC_INSERT, elapsed_time = 26 ms
thread_id = 0, phase = CC_COMMIT, elapsed_time = 9018 ms
thread_id = 1, phase = INDEX_READ, elapsed_time = 5328 ms
thread_id = 1, phase = CC_SELECT, elapsed_time = 6874 ms
thread_id = 1, phase = CC_INSERT, elapsed_time = 26 ms
thread_id = 1, phase = CC_COMMIT, elapsed_time = 9018 ms
thread_id = 2, phase = INDEX_READ, elapsed_time = 5210 ms
thread_id = 2, phase = CC_SELECT, elapsed_time = 6789 ms
thread_id = 2, phase = CC_INSERT, elapsed_time = 26 ms
thread_id = 2, phase = CC_COMMIT, elapsed_time = 9191 ms
thread_id = 3, phase = INDEX_READ, elapsed_time = 5126 ms
thread_id = 3, phase = CC_SELECT, elapsed_time = 6692 ms
thread_id = 3, phase = CC_INSERT, elapsed_time = 27 ms
thread_id = 3, phase = CC_COMMIT, elapsed_time = 9357 ms

phase = INDEX_READ, avg elapsed_time = 5241 ms
phase = CC_SELECT, avg elapsed_time = 6795 ms
phase = CC_INSERT, avg elapsed_time = 26 ms
phase = CC_COMMIT, avg elapsed_time = 9146 ms
**********END PHASE PROFILING REPORT**********

**********BEGIN CC ABORT TIME PROFILING REPORT**********
thread_id = 0, abort_time = 41 ms
thread_id = 1, abort_time = 36 ms
thread_id = 2, abort_time = 51 ms
thread_id = 3, abort_time = 33 ms

avg abort time = 40 ms
**********END CC ABORT TIME PROFILING REPORT**********

**********BEGIN CC TS ALLOC TIME PROFILING REPORT**********
thread_id = 0, elapsed_time = 66 ms
thread_id = 1, elapsed_time = 64 ms
thread_id = 2, elapsed_time = 65 ms
thread_id = 3, elapsed_time = 65 ms
**********END CC TS ALLOC TIME PROFILING REPORT**********

**********BEGIN GAM_OPERATION PROFILING REPORT(NOT INCLUDE INDEX RELATED OPERATIONS)**********
thread_id = 0, gam operation = GAM_READ, elapsed_time = 7257 ms
thread_id = 0, gam operation = GAM_WRITE, elapsed_time = 741 ms
thread_id = 0, gam operation = GAM_WLOCK, elapsed_time = 6847 ms
thread_id = 0, gam operation = GAM_UNLOCK, elapsed_time = 742 ms
thread_id = 0, gam operation = GAM_MALLOC, elapsed_time = 703 ms
thread_id = 1, gam operation = GAM_READ, elapsed_time = 7294 ms
thread_id = 1, gam operation = GAM_WRITE, elapsed_time = 711 ms
thread_id = 1, gam operation = GAM_WLOCK, elapsed_time = 6912 ms
thread_id = 1, gam operation = GAM_UNLOCK, elapsed_time = 716 ms
thread_id = 1, gam operation = GAM_MALLOC, elapsed_time = 619 ms
thread_id = 2, gam operation = GAM_READ, elapsed_time = 7220 ms
thread_id = 2, gam operation = GAM_WRITE, elapsed_time = 737 ms
thread_id = 2, gam operation = GAM_WLOCK, elapsed_time = 7026 ms
thread_id = 2, gam operation = GAM_UNLOCK, elapsed_time = 735 ms
thread_id = 2, gam operation = GAM_MALLOC, elapsed_time = 629 ms
thread_id = 3, gam operation = GAM_READ, elapsed_time = 7124 ms
thread_id = 3, gam operation = GAM_WRITE, elapsed_time = 723 ms
thread_id = 3, gam operation = GAM_WLOCK, elapsed_time = 7243 ms
thread_id = 3, gam operation = GAM_UNLOCK, elapsed_time = 721 ms
thread_id = 3, gam operation = GAM_MALLOC, elapsed_time = 656 ms

gam operation = GAM_READ, avg elapsed_time = 7223 ms
gam operation = GAM_WRITE, avg elapsed_time = 728 ms
gam operation = GAM_WLOCK, avg elapsed_time = 7007 ms
gam operation = GAM_UNLOCK, avg elapsed_time = 728 ms
gam operation = GAM_MALLOC, avg elapsed_time = 651 ms
**********END GAM_OPERATION PROFILING REPORT**********

start process query
start processing...
execute_count=186285, abort_count=701, abort_rate=0.00376303
elapsed time=24248ms.
throughput=7.68249K tps.
per-core throughput=1.92062K tps.
**********BEGIN EXECUTION PROFILING REPORT**********
thread_id = 0, txn_id = 1, execution_time = 22100 ms
thread_id = 0, txn_id = 2, execution_time = 2141 ms
thread_id = 0, execution_time_total = 24241 ms
thread_id = 1, txn_id = 1, execution_time = 22236 ms
thread_id = 1, txn_id = 2, execution_time = 2004 ms
thread_id = 1, execution_time_total = 24240 ms
thread_id = 2, txn_id = 1, execution_time = 22151 ms
thread_id = 2, txn_id = 2, execution_time = 2090 ms
thread_id = 2, execution_time_total = 24241 ms
thread_id = 3, txn_id = 1, execution_time = 22081 ms
thread_id = 3, txn_id = 2, execution_time = 2158 ms
thread_id = 3, execution_time_total = 24239 ms

avg execution_time = 24240 ms
**********END EXECUTION PROFILING REPORT**********

**********BEGIN PHASE PROFILING REPORT**********
thread_id = 0, phase = INDEX_READ, elapsed_time = 3700 ms
thread_id = 0, phase = CC_SELECT, elapsed_time = 8637 ms
thread_id = 0, phase = CC_INSERT, elapsed_time = 21 ms
thread_id = 0, phase = CC_COMMIT, elapsed_time = 10537 ms
thread_id = 1, phase = INDEX_READ, elapsed_time = 3296 ms
thread_id = 1, phase = CC_SELECT, elapsed_time = 7165 ms
thread_id = 1, phase = CC_INSERT, elapsed_time = 25 ms
thread_id = 1, phase = CC_COMMIT, elapsed_time = 12458 ms
thread_id = 2, phase = INDEX_READ, elapsed_time = 3025 ms
thread_id = 2, phase = CC_SELECT, elapsed_time = 8814 ms
thread_id = 2, phase = CC_INSERT, elapsed_time = 25 ms
thread_id = 2, phase = CC_COMMIT, elapsed_time = 9481 ms
thread_id = 3, phase = INDEX_READ, elapsed_time = 3061 ms
thread_id = 3, phase = CC_SELECT, elapsed_time = 8929 ms
thread_id = 3, phase = CC_INSERT, elapsed_time = 26 ms
thread_id = 3, phase = CC_COMMIT, elapsed_time = 11017 ms

phase = INDEX_READ, avg elapsed_time = 3270 ms
phase = CC_SELECT, avg elapsed_time = 8386 ms
phase = CC_INSERT, avg elapsed_time = 24 ms
phase = CC_COMMIT, avg elapsed_time = 10873 ms
**********END PHASE PROFILING REPORT**********

**********BEGIN CC ABORT TIME PROFILING REPORT**********
thread_id = 0, abort_time = 54 ms
thread_id = 1, abort_time = 44 ms
thread_id = 2, abort_time = 41 ms
thread_id = 3, abort_time = 57 ms

avg abort time = 49 ms
**********END CC ABORT TIME PROFILING REPORT**********

**********BEGIN CC TS ALLOC TIME PROFILING REPORT**********
thread_id = 0, elapsed_time = 91 ms
thread_id = 1, elapsed_time = 85 ms
thread_id = 2, elapsed_time = 86 ms
thread_id = 3, elapsed_time = 86 ms
**********END CC TS ALLOC TIME PROFILING REPORT**********

**********BEGIN GAM_OPERATION PROFILING REPORT(NOT INCLUDE INDEX RELATED OPERATIONS)**********
thread_id = 0, gam operation = GAM_READ, elapsed_time = 9485 ms
thread_id = 0, gam operation = GAM_WRITE, elapsed_time = 1050 ms
thread_id = 0, gam operation = GAM_WLOCK, elapsed_time = 7491 ms
thread_id = 0, gam operation = GAM_UNLOCK, elapsed_time = 950 ms
thread_id = 0, gam operation = GAM_MALLOC, elapsed_time = 813 ms
thread_id = 1, gam operation = GAM_READ, elapsed_time = 7788 ms
thread_id = 1, gam operation = GAM_WRITE, elapsed_time = 934 ms
thread_id = 1, gam operation = GAM_WLOCK, elapsed_time = 9834 ms
thread_id = 1, gam operation = GAM_UNLOCK, elapsed_time = 805 ms
thread_id = 1, gam operation = GAM_MALLOC, elapsed_time = 793 ms
thread_id = 2, gam operation = GAM_READ, elapsed_time = 9484 ms
thread_id = 2, gam operation = GAM_WRITE, elapsed_time = 956 ms
thread_id = 2, gam operation = GAM_WLOCK, elapsed_time = 6815 ms
thread_id = 2, gam operation = GAM_UNLOCK, elapsed_time = 828 ms
thread_id = 2, gam operation = GAM_MALLOC, elapsed_time = 2391 ms
thread_id = 3, gam operation = GAM_READ, elapsed_time = 9598 ms
thread_id = 3, gam operation = GAM_WRITE, elapsed_time = 949 ms
thread_id = 3, gam operation = GAM_WLOCK, elapsed_time = 8371 ms
thread_id = 3, gam operation = GAM_UNLOCK, elapsed_time = 814 ms
thread_id = 3, gam operation = GAM_MALLOC, elapsed_time = 696 ms

gam operation = GAM_READ, avg elapsed_time = 9088 ms
gam operation = GAM_WRITE, avg elapsed_time = 972 ms
gam operation = GAM_WLOCK, avg elapsed_time = 8127 ms
gam operation = GAM_UNLOCK, avg elapsed_time = 849 ms
gam operation = GAM_MALLOC, avg elapsed_time = 1173 ms
**********END GAM_OPERATION PROFILING REPORT**********

total_count=186285,total_abort_count=701,throughput=7.68249,thread_count_=4,elapsed_time=24248
total_count=196461,total_abort_count=752,throughput=8.80162,thread_count_=4,elapsed_time=22321
total_count=197702,total_abort_count=723,throughput=9.02584,thread_count_=4,elapsed_time=21904
==================== perf statistics summary ====================
agg_total_count	580448
agg_total_abort_count	2176
abort_rate	0.003749
per_node_elapsed_time	22824.333333
total_throughput	25.509951
per_node_throughput	8.503317
per_core_throughput	2.125829
==================== end ====================
prepare to exit...
over..
