server name=lab505-158,port_no=11111
============= tpcc_scale_params ===========
num_warehouses=15,starting_warehouse_=1,ending_warehouse_=15
partition_id_0
scale_factor_=1
num_items_=100000
num_districts_per_warehouse_=10
num_customers_per_district_=3000
num_new_orders_per_district_=900
dist_ratio=1, gStandard=1, gForceRandomAccess=0, gTimeLocality=0, gReadRatio=0
============= end ===========
GAllocator config info: is_master=1,master_ip=10.77.110.158,master_port=12345,worker_ip=10.77.110.158,worker_port=12346
[1570665] 09 Jan 08:37:20.055 - [worker.cc:117-Worker()] LRU eviction is enabled, max cache lines = 5033164, reserved mem size = 17179869184, cache_percentage = 0.150000, block_size = 512
create default gallocator
create epoch gallocator
storage_addr=281475022798848
epoch_addr=281474988244480
monotone_ts_addr=281474988243968
start population
table_id=0, size=169.5MB
table_id=1, size=613.5MB
table_id=2, size=0.00216MB
table_id=3, size=0.0228MB
table_id=4, size=0.00195MB
table_id=5, size=1.755MB
table_id=6, size=16.65MB
table_id=7, size=346.505MB
table_id=8, size=345.6MB
table_id=9, size=31.05MB
populate elapsed time=66090ms
read/write access count
total_read_access_count	1252426
total_write_access_count	2783402
total_read_ratio	0.310327
source elapsed time=383ms
start process query
start processing...
execute_count=186776, abort_count=20, abort_rate=0.00010708
elapsed time=13176ms.
throughput=14.1755K tps.
per-core throughput=0.945031K tps.
start process query
start processing...
execute_count=178852, abort_count=18, abort_rate=0.000100641
elapsed time=12743ms.
throughput=14.0353K tps.
per-core throughput=0.935688K tps.
total_count=178852,total_abort_count=18,throughput=14.0353,thread_count_=15,elapsed_time=12743
==================== perf statistics summary ====================
agg_total_count	178852
agg_total_abort_count	18
abort_rate	0.000101
per_node_elapsed_time	12743.000000
total_throughput	14.035314
per_node_throughput	14.035314
per_core_throughput	0.935688
==================== end ====================
prepare to exit...
over..
