server name=lab505-158,port_no=11111
============= tpcc_scale_params ===========
num_warehouses=10,starting_warehouse_=1,ending_warehouse_=10
partition_id_0
scale_factor_=1
num_items_=100000
num_districts_per_warehouse_=10
num_customers_per_district_=3000
num_new_orders_per_district_=900
dist_ratio=1, gStandard=1, gForceRandomAccess=0, gTimeLocality=0, gReadRatio=0
============= end ===========
GAllocator config info: is_master=1,master_ip=10.77.110.158,master_port=12345,worker_ip=10.77.110.158,worker_port=12346
[1570468] 09 Jan 08:36:00.585 - [worker.cc:117-Worker()] LRU eviction is enabled, max cache lines = 5033164, reserved mem size = 17179869184, cache_percentage = 0.150000, block_size = 512
create default gallocator
create epoch gallocator
storage_addr=281475022798848
epoch_addr=281474988244480
monotone_ts_addr=281474988243968
start population
table_id=0, size=113MB
table_id=1, size=409MB
table_id=2, size=0.00144MB
table_id=3, size=0.0152MB
table_id=4, size=0.0013MB
table_id=5, size=1.17MB
table_id=6, size=11.1MB
table_id=7, size=231.056MB
table_id=8, size=230.4MB
table_id=9, size=20.7MB
populate elapsed time=41256ms
read/write access count
total_read_access_count	1245221
total_write_access_count	2770692
total_read_ratio	0.310072
source elapsed time=354ms
start process query
start processing...
execute_count=166364, abort_count=14, abort_rate=8.41523e-05
elapsed time=10683ms.
throughput=15.5728K tps.
per-core throughput=1.55728K tps.
start process query
start processing...
execute_count=196777, abort_count=20, abort_rate=0.000101637
elapsed time=11773ms.
throughput=16.7143K tps.
per-core throughput=1.67143K tps.
total_count=196777,total_abort_count=20,throughput=16.7143,thread_count_=10,elapsed_time=11773
==================== perf statistics summary ====================
agg_total_count	196777
agg_total_abort_count	20
abort_rate	0.000102
per_node_elapsed_time	11773.000000
total_throughput	16.714261
per_node_throughput	16.714261
per_core_throughput	1.671426
==================== end ====================
prepare to exit...
over..
