server name=lab505-158,port_no=11111
============= tpcc_scale_params ===========
num_warehouses=5,starting_warehouse_=1,ending_warehouse_=5
partition_id_0
scale_factor_=1
num_items_=100000
num_districts_per_warehouse_=10
num_customers_per_district_=3000
num_new_orders_per_district_=900
dist_ratio=1, gStandard=1, gForceRandomAccess=0, gTimeLocality=0, gReadRatio=0
============= end ===========
GAllocator config info: is_master=1,master_ip=10.77.110.158,master_port=12345,worker_ip=10.77.110.158,worker_port=12346
[1570223] 09 Jan 08:35:05.927 - [worker.cc:117-Worker()] LRU eviction is enabled, max cache lines = 5033164, reserved mem size = 17179869184, cache_percentage = 0.150000, block_size = 512
create default gallocator
create epoch gallocator
storage_addr=281475022798848
epoch_addr=281474988244480
monotone_ts_addr=281474988243968
start population
table_id=0, size=56.5MB
table_id=1, size=204.5MB
table_id=2, size=0.00072MB
table_id=3, size=0.0076MB
table_id=4, size=0.00065MB
table_id=5, size=0.585MB
table_id=6, size=5.55MB
table_id=7, size=115.497MB
table_id=8, size=115.2MB
table_id=9, size=10.35MB
populate elapsed time=19444ms
read/write access count
total_read_access_count	1246783
total_write_access_count	2773591
total_read_ratio	0.310116
source elapsed time=331ms
start process query
start processing...
execute_count=196383, abort_count=20, abort_rate=0.000101841
elapsed time=10370ms.
throughput=18.9376K tps.
per-core throughput=3.78752K tps.
start process query
start processing...
execute_count=197141, abort_count=18, abort_rate=9.13047e-05
elapsed time=9330ms.
throughput=21.1298K tps.
per-core throughput=4.22596K tps.
total_count=197141,total_abort_count=18,throughput=21.1298,thread_count_=5,elapsed_time=9330
==================== perf statistics summary ====================
agg_total_count	197141
agg_total_abort_count	18
abort_rate	0.000091
per_node_elapsed_time	9330.000000
total_throughput	21.129796
per_node_throughput	21.129796
per_core_throughput	4.225959
==================== end ====================
prepare to exit...
over..
