server name=lab505-158,port_no=11111
============= tpcc_scale_params ===========
num_warehouses=1,starting_warehouse_=1,ending_warehouse_=1
partition_id_0
scale_factor_=1
num_items_=100000
num_districts_per_warehouse_=10
num_customers_per_district_=3000
num_new_orders_per_district_=900
dist_ratio=1, gStandard=1, gForceRandomAccess=0, gTimeLocality=0, gReadRatio=0
============= end ===========
GAllocator config info: is_master=1,master_ip=10.77.110.158,master_port=12345,worker_ip=10.77.110.158,worker_port=12346
[1570071] 09 Jan 08:34:25.224 - [worker.cc:117-Worker()] LRU eviction is enabled, max cache lines = 5033164, reserved mem size = 17179869184, cache_percentage = 0.150000, block_size = 512
create default gallocator
create epoch gallocator
storage_addr=281475022798848
epoch_addr=281474988244480
monotone_ts_addr=281474988243968
start population
table_id=0, size=11.3MB
table_id=1, size=40.9MB
table_id=2, size=0.000144MB
table_id=3, size=0.00152MB
table_id=4, size=0.00013MB
table_id=5, size=0.117MB
table_id=6, size=1.11MB
table_id=7, size=23.1695MB
table_id=8, size=23.04MB
table_id=9, size=2.07MB
populate elapsed time=3841ms
read/write access count
total_read_access_count	1247861
total_write_access_count	2776042
total_read_ratio	0.310112
source elapsed time=314ms
start process query
start processing...
execute_count=200000, abort_count=0, abort_rate=0
elapsed time=11054ms.
throughput=18.093K tps.
per-core throughput=18.093K tps.
start process query
start processing...
execute_count=200000, abort_count=0, abort_rate=0
elapsed time=10923ms.
throughput=18.31K tps.
per-core throughput=18.31K tps.
total_count=200000,total_abort_count=0,throughput=18.31,thread_count_=1,elapsed_time=10923
==================== perf statistics summary ====================
agg_total_count	200000
agg_total_abort_count	0
abort_rate	0.000000
per_node_elapsed_time	10923.000000
total_throughput	18.309988
per_node_throughput	18.309988
per_core_throughput	18.309988
==================== end ====================
prepare to exit...
over..
