server name=lab505-158,port_no=11111
============= tpcc_scale_params ===========
num_warehouses=1,starting_warehouse_=1,ending_warehouse_=1
partition_id_0
scale_factor_=10
num_items_=10000
num_districts_per_warehouse_=10
num_customers_per_district_=300
num_new_orders_per_district_=90
dist_ratio=1, gStandard=1, gForceRandomAccess=0, gTimeLocality=0, gReadRatio=0
============= end ===========
GAllocator config info: is_master=1,master_ip=10.77.110.158,master_port=12345,worker_ip=10.77.110.158,worker_port=12346
[1578193] 09 Jan 09:31:26.635 - [worker.cc:117-Worker()] LRU eviction is enabled, max cache lines = 5033164, reserved mem size = 17179869184, cache_percentage = 0.150000, block_size = 512
create default gallocator
storage_addr=281475022798848
monotone_ts_addr=281474988244480
start population
table_id=0, size=1.13MB
table_id=1, size=4.09MB
table_id=2, size=0.000144MB
table_id=3, size=0.00152MB
table_id=4, size=0.00013MB
table_id=5, size=0.0117MB
table_id=6, size=0.111MB
table_id=7, size=2.3137MB
table_id=8, size=2.304MB
table_id=9, size=0.207MB
populate elapsed time=355ms
read/write access count
total_read_access_count	1241969
total_write_access_count	2766193
total_read_ratio	0.30986
source elapsed time=316ms
start process query
start processing...
execute_count=200000, abort_count=0, abort_rate=0
elapsed time=9462ms.
throughput=21.1372K tps.
per-core throughput=21.1372K tps.
start process query
start processing...
execute_count=200000, abort_count=0, abort_rate=0
elapsed time=9840ms.
throughput=20.3252K tps.
per-core throughput=20.3252K tps.
total_count=200000,total_abort_count=0,throughput=20.3252,thread_count_=1,elapsed_time=9840
==================== perf statistics summary ====================
agg_total_count	200000
agg_total_abort_count	0
abort_rate	0.000000
per_node_elapsed_time	9840.000000
total_throughput	20.325203
per_node_throughput	20.325203
per_core_throughput	20.325203
==================== end ====================
prepare to exit...
over..
