server name=lab505-158,port_no=11111
============= tpcc_scale_params ===========
num_warehouses=15,starting_warehouse_=1,ending_warehouse_=15
partition_id_0
scale_factor_=10
num_items_=10000
num_districts_per_warehouse_=10
num_customers_per_district_=300
num_new_orders_per_district_=90
dist_ratio=1, gStandard=1, gForceRandomAccess=0, gTimeLocality=0, gReadRatio=0
============= end ===========
GAllocator config info: is_master=1,master_ip=10.77.110.158,master_port=12345,worker_ip=10.77.110.158,worker_port=12346
[1578562] 09 Jan 09:33:08.885 - [worker.cc:117-Worker()] LRU eviction is enabled, max cache lines = 5033164, reserved mem size = 17179869184, cache_percentage = 0.150000, block_size = 512
create default gallocator
storage_addr=281475022798848
monotone_ts_addr=281474988244480
start population
table_id=0, size=16.95MB
table_id=1, size=61.35MB
table_id=2, size=0.00216MB
table_id=3, size=0.0228MB
table_id=4, size=0.00195MB
table_id=5, size=0.1755MB
table_id=6, size=1.665MB
table_id=7, size=34.6787MB
table_id=8, size=34.56MB
table_id=9, size=3.105MB
populate elapsed time=5817ms
read/write access count
total_read_access_count	1253075
total_write_access_count	2784185
total_read_ratio	0.310378
source elapsed time=402ms
start process query
start processing...
execute_count=189910, abort_count=3628, abort_rate=0.0191037
elapsed time=9514ms.
throughput=19.9611K tps.
per-core throughput=1.33074K tps.
start process query
start processing...
execute_count=189649, abort_count=932, abort_rate=0.00491432
elapsed time=8829ms.
throughput=21.4802K tps.
per-core throughput=1.43202K tps.
total_count=189649,total_abort_count=932,throughput=21.4802,thread_count_=15,elapsed_time=8829
==================== perf statistics summary ====================
agg_total_count	189649
agg_total_abort_count	932
abort_rate	0.004914
per_node_elapsed_time	8829.000000
total_throughput	21.480236
per_node_throughput	21.480236
per_core_throughput	1.432016
==================== end ====================
prepare to exit...
over..
