server name=lab505-158,port_no=11111
============= tpcc_scale_params ===========
num_warehouses=5,starting_warehouse_=1,ending_warehouse_=5
partition_id_0
scale_factor_=10
num_items_=10000
num_districts_per_warehouse_=10
num_customers_per_district_=300
num_new_orders_per_district_=90
dist_ratio=1, gStandard=1, gForceRandomAccess=0, gTimeLocality=0, gReadRatio=0
============= end ===========
GAllocator config info: is_master=1,master_ip=10.77.110.158,master_port=12345,worker_ip=10.77.110.158,worker_port=12346
[1578333] 09 Jan 09:32:01.321 - [worker.cc:117-Worker()] LRU eviction is enabled, max cache lines = 5033164, reserved mem size = 17179869184, cache_percentage = 0.150000, block_size = 512
create default gallocator
storage_addr=281475022798848
monotone_ts_addr=281474988244480
start population
table_id=0, size=5.65MB
table_id=1, size=20.45MB
table_id=2, size=0.00072MB
table_id=3, size=0.0076MB
table_id=4, size=0.00065MB
table_id=5, size=0.0585MB
table_id=6, size=0.555MB
table_id=7, size=11.5645MB
table_id=8, size=11.52MB
table_id=9, size=1.035MB
populate elapsed time=1869ms
read/write access count
total_read_access_count	1246405
total_write_access_count	2773110
total_read_ratio	0.310088
source elapsed time=344ms
start process query
start processing...
execute_count=198072, abort_count=146, abort_rate=0.000737102
elapsed time=7259ms.
throughput=27.2864K tps.
per-core throughput=5.45728K tps.
start process query
start processing...
execute_count=197236, abort_count=133, abort_rate=0.000674316
elapsed time=7876ms.
throughput=25.0427K tps.
per-core throughput=5.00853K tps.
total_count=197236,total_abort_count=133,throughput=25.0427,thread_count_=5,elapsed_time=7876
==================== perf statistics summary ====================
agg_total_count	197236
agg_total_abort_count	133
abort_rate	0.000674
per_node_elapsed_time	7876.000000
total_throughput	25.042661
per_node_throughput	25.042661
per_core_throughput	5.008532
==================== end ====================
prepare to exit...
over..
