server name=lab505-158,port_no=11111
server name=lab505-159,port_no=11111
server name=lab505-160,port_no=11111
============= tpcc_scale_params ===========
num_warehouses=32,starting_warehouse_=1,ending_warehouse_=11
partition_id_0
scale_factor_=10
num_items_=10000
num_districts_per_warehouse_=10
num_customers_per_district_=300
num_new_orders_per_district_=90
dist_ratio=40, gStandard=1, gForceRandomAccess=0, gTimeLocality=0, gReadRatio=0
============= end ===========
GAllocator config info: is_master=1,master_ip=10.77.110.158,master_port=12345,worker_ip=10.77.110.158,worker_port=12346
[1271712] 05 Jan 11:27:32.749 - [worker.cc:117-Worker()] LRU eviction is enabled, max cache lines = 5033164, reserved mem size = 17179869184, cache_percentage = 0.150000, block_size = 512
create default gallocator
create epoch gallocator
storage_addr=281475022798848
epoch_addr=281474988244480
monotone_ts_addr=281474988243968
start population
table_id=0, size=12.43MB
table_id=1, size=44.99MB
table_id=2, size=0.001584MB
table_id=3, size=0.01672MB
table_id=4, size=0.00143MB
table_id=5, size=0.1287MB
table_id=6, size=1.221MB
table_id=7, size=25.4296MB
table_id=8, size=25.344MB
table_id=9, size=2.277MB
populate elapsed time=5111ms
read/write access count
total_read_access_count	1247653
total_write_access_count	2775536
total_read_ratio	0.310115
source elapsed time=341ms
start process query
start processing...
execute_count=186581, abort_count=1445, abort_rate=0.00774458
elapsed time=15628ms.
throughput=11.9389K tps.
per-core throughput=2.98472K tps.
start process query
start processing...
execute_count=195151, abort_count=1350, abort_rate=0.00691768
elapsed time=12187ms.
throughput=16.013K tps.
per-core throughput=4.00326K tps.
total_count=195151,total_abort_count=1350,throughput=16.013,thread_count_=4,elapsed_time=12187
total_count=185092,total_abort_count=1417,throughput=12.1086,thread_count_=4,elapsed_time=15286
total_count=194436,total_abort_count=1320,throughput=15.5016,thread_count_=4,elapsed_time=12543
==================== perf statistics summary ====================
agg_total_count	574679
agg_total_abort_count	4087
abort_rate	0.007112
per_node_elapsed_time	13338.666667
total_throughput	43.623197
per_node_throughput	14.541066
per_core_throughput	3.635266
==================== end ====================
prepare to exit...
over..
