server name=lab505-158,port_no=11111
server name=lab505-159,port_no=11111
server name=lab505-160,port_no=11111
============= tpcc_scale_params ===========
num_warehouses=32,starting_warehouse_=1,ending_warehouse_=11
partition_id_0
scale_factor_=10
num_items_=10000
num_districts_per_warehouse_=10
num_customers_per_district_=300
num_new_orders_per_district_=90
dist_ratio=60, gStandard=1, gForceRandomAccess=0, gTimeLocality=0, gReadRatio=0
============= end ===========
GAllocator config info: is_master=1,master_ip=10.77.110.158,master_port=12345,worker_ip=10.77.110.158,worker_port=12346
[1272043] 05 Jan 11:28:28.543 - [worker.cc:117-Worker()] LRU eviction is enabled, max cache lines = 5033164, reserved mem size = 17179869184, cache_percentage = 0.150000, block_size = 512
create default gallocator
create epoch gallocator
storage_addr=281475022798848
epoch_addr=281474988244480
monotone_ts_addr=281474988243968
start population
table_id=0, size=12.43MB
table_id=1, size=44.99MB
table_id=2, size=0.001584MB
table_id=3, size=0.01672MB
table_id=4, size=0.00143MB
table_id=5, size=0.1287MB
table_id=6, size=1.221MB
table_id=7, size=25.4296MB
table_id=8, size=25.344MB
table_id=9, size=2.277MB
populate elapsed time=4945ms
read/write access count
total_read_access_count	1251807
total_write_access_count	2782584
total_read_ratio	0.310284
source elapsed time=353ms
start process query
start processing...
execute_count=195907, abort_count=1974, abort_rate=0.0100762
elapsed time=16051ms.
throughput=12.2053K tps.
per-core throughput=3.05132K tps.
start process query
start processing...
execute_count=186217, abort_count=1978, abort_rate=0.010622
elapsed time=16207ms.
throughput=11.4899K tps.
per-core throughput=2.87248K tps.
total_count=186217,total_abort_count=1978,throughput=11.4899,thread_count_=4,elapsed_time=16207
total_count=196613,total_abort_count=1970,throughput=13.1628,thread_count_=4,elapsed_time=14937
total_count=197902,total_abort_count=1889,throughput=13.398,thread_count_=4,elapsed_time=14771
==================== perf statistics summary ====================
agg_total_count	580732
agg_total_abort_count	5837
abort_rate	0.010051
per_node_elapsed_time	15305.000000
total_throughput	38.050739
per_node_throughput	12.683580
per_core_throughput	3.170895
==================== end ====================
prepare to exit...
over..
