server name=lab505-158,port_no=11111
server name=lab505-159,port_no=11111
server name=lab505-160,port_no=11111
============= tpcc_scale_params ===========
num_warehouses=12,starting_warehouse_=1,ending_warehouse_=4
partition_id_0
scale_factor_=10
num_items_=10000
num_districts_per_warehouse_=10
num_customers_per_district_=300
num_new_orders_per_district_=90
dist_ratio=40, gStandard=1, gForceRandomAccess=0, gTimeLocality=0, gReadRatio=0
============= end ===========
GAllocator config info: is_master=1,master_ip=10.77.110.158,master_port=12345,worker_ip=10.77.110.158,worker_port=12346
[1173574] 03 Jan 09:23:38.463 - [worker.cc:117-Worker()] LRU eviction is enabled, max cache lines = 5033164, reserved mem size = 17179869184, cache_percentage = 0.150000, block_size = 512
create default gallocator
storage_addr=281475022798848
monotone_ts_addr=281474988244480
start population
table_id=0, size=4.52MB
table_id=1, size=16.36MB
table_id=2, size=0.000576MB
table_id=3, size=0.00608MB
table_id=4, size=0.00052MB
table_id=5, size=0.0468MB
table_id=6, size=0.444MB
table_id=7, size=9.25925MB
table_id=8, size=9.216MB
table_id=9, size=0.828MB
populate elapsed time=1726ms
**********BEGIN EXECUTION PROFILING REPORT**********
**********END EXECUTION PROFILING REPORT**********

**********BEGIN PHASE PROFILING REPORT**********
thread_id = 0, phase = INDEX_INSERT_LOCK, elapsed_time = 150 ms
thread_id = 0, phase = INDEX_INSERT_MUTATE, elapsed_time = 670 ms
thread_id = 0, phase = INDEX_INSERT_GALLOCATE, elapsed_time = 85 ms
**********END PHASE PROFILING REPORT**********

**********BEGIN CC ABORT TIME PROFILING REPORT**********
**********END CC ABORT TIME PROFILING REPORT**********

**********BEGIN CC TS ALLOC TIME PROFILING REPORT**********
**********END CC TS ALLOC TIME PROFILING REPORT**********

**********BEGIN GAM_OPERATION PROFILING REPORT(NOT INCLUDE INDEX RELATED OPERATIONS)**********
**********END GAM_OPERATION PROFILING REPORT**********

read/write access count
total_read_access_count	1247986
total_write_access_count	2776142
total_read_ratio	0.310126
source elapsed time=334ms
start process query
start processing...
execute_count=189795, abort_count=343485, abort_rate=1.80976
elapsed time=15154ms.
throughput=12.5244K tps.
per-core throughput=1.25244K tps.
**********BEGIN EXECUTION PROFILING REPORT**********
thread_id = 0, txn_id = 1, elapsed_time = 13221 ms
thread_id = 0, txn_id = 2, elapsed_time = 1929 ms
thread_id = 1, txn_id = 1, elapsed_time = 13313 ms
thread_id = 1, txn_id = 2, elapsed_time = 1837 ms
thread_id = 2, txn_id = 1, elapsed_time = 13360 ms
thread_id = 2, txn_id = 2, elapsed_time = 1790 ms
thread_id = 3, txn_id = 1, elapsed_time = 13351 ms
thread_id = 3, txn_id = 2, elapsed_time = 1798 ms
thread_id = 4, txn_id = 1, elapsed_time = 13210 ms
thread_id = 4, txn_id = 2, elapsed_time = 1941 ms
thread_id = 5, txn_id = 1, elapsed_time = 12999 ms
thread_id = 5, txn_id = 2, elapsed_time = 2152 ms
thread_id = 6, txn_id = 1, elapsed_time = 13197 ms
thread_id = 6, txn_id = 2, elapsed_time = 1953 ms
thread_id = 7, txn_id = 1, elapsed_time = 13410 ms
thread_id = 7, txn_id = 2, elapsed_time = 1740 ms
thread_id = 8, txn_id = 1, elapsed_time = 13222 ms
thread_id = 8, txn_id = 2, elapsed_time = 1929 ms
thread_id = 9, txn_id = 1, elapsed_time = 13380 ms
thread_id = 9, txn_id = 2, elapsed_time = 1771 ms
**********END EXECUTION PROFILING REPORT**********

**********BEGIN PHASE PROFILING REPORT**********
thread_id = 0, phase = INDEX_READ, elapsed_time = 3216 ms
thread_id = 0, phase = CC_SELECT, elapsed_time = 8951 ms
thread_id = 0, phase = CC_INSERT, elapsed_time = 183 ms
thread_id = 0, phase = CC_COMMIT, elapsed_time = 945 ms
thread_id = 0, phase = CC_ABORT, elapsed_time = 262 ms
thread_id = 1, phase = INDEX_READ, elapsed_time = 3191 ms
thread_id = 1, phase = CC_SELECT, elapsed_time = 8691 ms
thread_id = 1, phase = CC_INSERT, elapsed_time = 185 ms
thread_id = 1, phase = CC_COMMIT, elapsed_time = 957 ms
thread_id = 1, phase = CC_ABORT, elapsed_time = 370 ms
thread_id = 2, phase = INDEX_READ, elapsed_time = 2966 ms
thread_id = 2, phase = CC_SELECT, elapsed_time = 9532 ms
thread_id = 2, phase = CC_INSERT, elapsed_time = 197 ms
thread_id = 2, phase = CC_COMMIT, elapsed_time = 1003 ms
thread_id = 2, phase = CC_ABORT, elapsed_time = 188 ms
thread_id = 3, phase = INDEX_READ, elapsed_time = 3052 ms
thread_id = 3, phase = CC_SELECT, elapsed_time = 9292 ms
thread_id = 3, phase = CC_INSERT, elapsed_time = 197 ms
thread_id = 3, phase = CC_COMMIT, elapsed_time = 1053 ms
thread_id = 3, phase = CC_ABORT, elapsed_time = 212 ms
thread_id = 4, phase = INDEX_READ, elapsed_time = 3213 ms
thread_id = 4, phase = CC_SELECT, elapsed_time = 8617 ms
thread_id = 4, phase = CC_INSERT, elapsed_time = 187 ms
thread_id = 4, phase = CC_COMMIT, elapsed_time = 890 ms
thread_id = 4, phase = CC_ABORT, elapsed_time = 256 ms
thread_id = 5, phase = INDEX_READ, elapsed_time = 2944 ms
thread_id = 5, phase = CC_SELECT, elapsed_time = 8965 ms
thread_id = 5, phase = CC_INSERT, elapsed_time = 187 ms
thread_id = 5, phase = CC_COMMIT, elapsed_time = 924 ms
thread_id = 5, phase = CC_ABORT, elapsed_time = 302 ms
thread_id = 6, phase = INDEX_READ, elapsed_time = 3218 ms
thread_id = 6, phase = CC_SELECT, elapsed_time = 9326 ms
thread_id = 6, phase = CC_INSERT, elapsed_time = 217 ms
thread_id = 6, phase = CC_COMMIT, elapsed_time = 999 ms
thread_id = 6, phase = CC_ABORT, elapsed_time = 194 ms
thread_id = 7, phase = INDEX_READ, elapsed_time = 2913 ms
thread_id = 7, phase = CC_SELECT, elapsed_time = 9418 ms
thread_id = 7, phase = CC_INSERT, elapsed_time = 195 ms
thread_id = 7, phase = CC_COMMIT, elapsed_time = 1005 ms
thread_id = 7, phase = CC_ABORT, elapsed_time = 196 ms
thread_id = 8, phase = INDEX_READ, elapsed_time = 3095 ms
thread_id = 8, phase = CC_SELECT, elapsed_time = 8879 ms
thread_id = 8, phase = CC_INSERT, elapsed_time = 201 ms
thread_id = 8, phase = CC_COMMIT, elapsed_time = 919 ms
thread_id = 8, phase = CC_ABORT, elapsed_time = 334 ms
thread_id = 9, phase = INDEX_READ, elapsed_time = 3158 ms
thread_id = 9, phase = CC_SELECT, elapsed_time = 8781 ms
thread_id = 9, phase = CC_INSERT, elapsed_time = 181 ms
thread_id = 9, phase = CC_COMMIT, elapsed_time = 930 ms
thread_id = 9, phase = CC_ABORT, elapsed_time = 397 ms
**********END PHASE PROFILING REPORT**********

**********BEGIN CC ABORT TIME PROFILING REPORT**********
thread_id = 0, elapsed_time = 4493 ms
thread_id = 1, elapsed_time = 4716 ms
thread_id = 2, elapsed_time = 3260 ms
thread_id = 3, elapsed_time = 3564 ms
thread_id = 4, elapsed_time = 4580 ms
thread_id = 5, elapsed_time = 4576 ms
thread_id = 6, elapsed_time = 3288 ms
thread_id = 7, elapsed_time = 3806 ms
thread_id = 8, elapsed_time = 4755 ms
thread_id = 9, elapsed_time = 4926 ms
**********END CC ABORT TIME PROFILING REPORT**********

**********BEGIN CC TS ALLOC TIME PROFILING REPORT**********
**********END CC TS ALLOC TIME PROFILING REPORT**********

**********BEGIN GAM_OPERATION PROFILING REPORT(NOT INCLUDE INDEX RELATED OPERATIONS)**********
thread_id = 0, gam operation = GAM_READ, elapsed_time = 592 ms
thread_id = 0, gam operation = GAM_WRITE, elapsed_time = 396 ms
thread_id = 0, gam operation = GAM_TRY_RLOCK, elapsed_time = 692 ms
thread_id = 0, gam operation = GAM_TRY_WLOCK, elapsed_time = 7655 ms
thread_id = 0, gam operation = GAM_UNLOCK, elapsed_time = 855 ms
thread_id = 0, gam operation = GAM_MALLOC, elapsed_time = 455 ms
thread_id = 1, gam operation = GAM_READ, elapsed_time = 616 ms
thread_id = 1, gam operation = GAM_WRITE, elapsed_time = 385 ms
thread_id = 1, gam operation = GAM_TRY_RLOCK, elapsed_time = 700 ms
thread_id = 1, gam operation = GAM_TRY_WLOCK, elapsed_time = 7344 ms
thread_id = 1, gam operation = GAM_UNLOCK, elapsed_time = 959 ms
thread_id = 1, gam operation = GAM_MALLOC, elapsed_time = 588 ms
thread_id = 2, gam operation = GAM_READ, elapsed_time = 566 ms
thread_id = 2, gam operation = GAM_WRITE, elapsed_time = 423 ms
thread_id = 2, gam operation = GAM_TRY_RLOCK, elapsed_time = 589 ms
thread_id = 2, gam operation = GAM_TRY_WLOCK, elapsed_time = 8389 ms
thread_id = 2, gam operation = GAM_UNLOCK, elapsed_time = 812 ms
thread_id = 2, gam operation = GAM_MALLOC, elapsed_time = 508 ms
thread_id = 3, gam operation = GAM_READ, elapsed_time = 566 ms
thread_id = 3, gam operation = GAM_WRITE, elapsed_time = 410 ms
thread_id = 3, gam operation = GAM_TRY_RLOCK, elapsed_time = 678 ms
thread_id = 3, gam operation = GAM_TRY_WLOCK, elapsed_time = 8043 ms
thread_id = 3, gam operation = GAM_UNLOCK, elapsed_time = 881 ms
thread_id = 3, gam operation = GAM_MALLOC, elapsed_time = 496 ms
thread_id = 4, gam operation = GAM_READ, elapsed_time = 591 ms
thread_id = 4, gam operation = GAM_WRITE, elapsed_time = 405 ms
thread_id = 4, gam operation = GAM_TRY_RLOCK, elapsed_time = 551 ms
thread_id = 4, gam operation = GAM_TRY_WLOCK, elapsed_time = 7464 ms
thread_id = 4, gam operation = GAM_UNLOCK, elapsed_time = 785 ms
thread_id = 4, gam operation = GAM_MALLOC, elapsed_time = 824 ms
thread_id = 5, gam operation = GAM_READ, elapsed_time = 605 ms
thread_id = 5, gam operation = GAM_WRITE, elapsed_time = 397 ms
thread_id = 5, gam operation = GAM_TRY_RLOCK, elapsed_time = 632 ms
thread_id = 5, gam operation = GAM_TRY_WLOCK, elapsed_time = 7717 ms
thread_id = 5, gam operation = GAM_UNLOCK, elapsed_time = 862 ms
thread_id = 5, gam operation = GAM_MALLOC, elapsed_time = 787 ms
thread_id = 6, gam operation = GAM_READ, elapsed_time = 574 ms
thread_id = 6, gam operation = GAM_WRITE, elapsed_time = 436 ms
thread_id = 6, gam operation = GAM_TRY_RLOCK, elapsed_time = 644 ms
thread_id = 6, gam operation = GAM_TRY_WLOCK, elapsed_time = 8150 ms
thread_id = 6, gam operation = GAM_UNLOCK, elapsed_time = 813 ms
thread_id = 6, gam operation = GAM_MALLOC, elapsed_time = 525 ms
thread_id = 7, gam operation = GAM_READ, elapsed_time = 570 ms
thread_id = 7, gam operation = GAM_WRITE, elapsed_time = 430 ms
thread_id = 7, gam operation = GAM_TRY_RLOCK, elapsed_time = 669 ms
thread_id = 7, gam operation = GAM_TRY_WLOCK, elapsed_time = 8195 ms
thread_id = 7, gam operation = GAM_UNLOCK, elapsed_time = 831 ms
thread_id = 7, gam operation = GAM_MALLOC, elapsed_time = 605 ms
thread_id = 8, gam operation = GAM_READ, elapsed_time = 621 ms
thread_id = 8, gam operation = GAM_WRITE, elapsed_time = 389 ms
thread_id = 8, gam operation = GAM_TRY_RLOCK, elapsed_time = 940 ms
thread_id = 8, gam operation = GAM_TRY_WLOCK, elapsed_time = 7294 ms
thread_id = 8, gam operation = GAM_UNLOCK, elapsed_time = 879 ms
thread_id = 8, gam operation = GAM_MALLOC, elapsed_time = 470 ms
thread_id = 9, gam operation = GAM_READ, elapsed_time = 636 ms
thread_id = 9, gam operation = GAM_WRITE, elapsed_time = 399 ms
thread_id = 9, gam operation = GAM_TRY_RLOCK, elapsed_time = 684 ms
thread_id = 9, gam operation = GAM_TRY_WLOCK, elapsed_time = 7425 ms
thread_id = 9, gam operation = GAM_UNLOCK, elapsed_time = 950 ms
thread_id = 9, gam operation = GAM_MALLOC, elapsed_time = 498 ms
**********END GAM_OPERATION PROFILING REPORT**********

start process query
start processing...
execute_count=191260, abort_count=322198, abort_rate=1.6846
elapsed time=15803ms.
throughput=12.1028K tps.
per-core throughput=1.21028K tps.
**********BEGIN EXECUTION PROFILING REPORT**********
thread_id = 0, txn_id = 1, elapsed_time = 13842 ms
thread_id = 0, txn_id = 2, elapsed_time = 1958 ms
thread_id = 1, txn_id = 1, elapsed_time = 13629 ms
thread_id = 1, txn_id = 2, elapsed_time = 2170 ms
thread_id = 2, txn_id = 1, elapsed_time = 13464 ms
thread_id = 2, txn_id = 2, elapsed_time = 2335 ms
thread_id = 3, txn_id = 1, elapsed_time = 14114 ms
thread_id = 3, txn_id = 2, elapsed_time = 1685 ms
thread_id = 4, txn_id = 1, elapsed_time = 14069 ms
thread_id = 4, txn_id = 2, elapsed_time = 1731 ms
thread_id = 5, txn_id = 1, elapsed_time = 12527 ms
thread_id = 5, txn_id = 2, elapsed_time = 3272 ms
thread_id = 6, txn_id = 1, elapsed_time = 13993 ms
thread_id = 6, txn_id = 2, elapsed_time = 1806 ms
thread_id = 7, txn_id = 1, elapsed_time = 12820 ms
thread_id = 7, txn_id = 2, elapsed_time = 2978 ms
thread_id = 8, txn_id = 1, elapsed_time = 13854 ms
thread_id = 8, txn_id = 2, elapsed_time = 1945 ms
thread_id = 9, txn_id = 1, elapsed_time = 13275 ms
thread_id = 9, txn_id = 2, elapsed_time = 2524 ms
**********END EXECUTION PROFILING REPORT**********

**********BEGIN PHASE PROFILING REPORT**********
thread_id = 0, phase = INDEX_READ, elapsed_time = 2560 ms
thread_id = 0, phase = CC_SELECT, elapsed_time = 9402 ms
thread_id = 0, phase = CC_INSERT, elapsed_time = 193 ms
thread_id = 0, phase = CC_COMMIT, elapsed_time = 969 ms
thread_id = 0, phase = CC_ABORT, elapsed_time = 235 ms
thread_id = 1, phase = INDEX_READ, elapsed_time = 2601 ms
thread_id = 1, phase = CC_SELECT, elapsed_time = 9867 ms
thread_id = 1, phase = CC_INSERT, elapsed_time = 193 ms
thread_id = 1, phase = CC_COMMIT, elapsed_time = 968 ms
thread_id = 1, phase = CC_ABORT, elapsed_time = 381 ms
thread_id = 2, phase = INDEX_READ, elapsed_time = 2361 ms
thread_id = 2, phase = CC_SELECT, elapsed_time = 9984 ms
thread_id = 2, phase = CC_INSERT, elapsed_time = 219 ms
thread_id = 2, phase = CC_COMMIT, elapsed_time = 1048 ms
thread_id = 2, phase = CC_ABORT, elapsed_time = 178 ms
thread_id = 3, phase = INDEX_READ, elapsed_time = 2347 ms
thread_id = 3, phase = CC_SELECT, elapsed_time = 10688 ms
thread_id = 3, phase = CC_INSERT, elapsed_time = 211 ms
thread_id = 3, phase = CC_COMMIT, elapsed_time = 1064 ms
thread_id = 3, phase = CC_ABORT, elapsed_time = 184 ms
thread_id = 4, phase = INDEX_READ, elapsed_time = 2564 ms
thread_id = 4, phase = CC_SELECT, elapsed_time = 10141 ms
thread_id = 4, phase = CC_INSERT, elapsed_time = 200 ms
thread_id = 4, phase = CC_COMMIT, elapsed_time = 933 ms
thread_id = 4, phase = CC_ABORT, elapsed_time = 231 ms
thread_id = 5, phase = INDEX_READ, elapsed_time = 2491 ms
thread_id = 5, phase = CC_SELECT, elapsed_time = 8794 ms
thread_id = 5, phase = CC_INSERT, elapsed_time = 198 ms
thread_id = 5, phase = CC_COMMIT, elapsed_time = 986 ms
thread_id = 5, phase = CC_ABORT, elapsed_time = 262 ms
thread_id = 6, phase = INDEX_READ, elapsed_time = 2351 ms
thread_id = 6, phase = CC_SELECT, elapsed_time = 10597 ms
thread_id = 6, phase = CC_INSERT, elapsed_time = 208 ms
thread_id = 6, phase = CC_COMMIT, elapsed_time = 1098 ms
thread_id = 6, phase = CC_ABORT, elapsed_time = 181 ms
thread_id = 7, phase = INDEX_READ, elapsed_time = 2385 ms
thread_id = 7, phase = CC_SELECT, elapsed_time = 9917 ms
thread_id = 7, phase = CC_INSERT, elapsed_time = 206 ms
thread_id = 7, phase = CC_COMMIT, elapsed_time = 1058 ms
thread_id = 7, phase = CC_ABORT, elapsed_time = 178 ms
thread_id = 8, phase = INDEX_READ, elapsed_time = 2602 ms
thread_id = 8, phase = CC_SELECT, elapsed_time = 9871 ms
thread_id = 8, phase = CC_INSERT, elapsed_time = 204 ms
thread_id = 8, phase = CC_COMMIT, elapsed_time = 967 ms
thread_id = 8, phase = CC_ABORT, elapsed_time = 259 ms
thread_id = 9, phase = INDEX_READ, elapsed_time = 2524 ms
thread_id = 9, phase = CC_SELECT, elapsed_time = 10115 ms
thread_id = 9, phase = CC_INSERT, elapsed_time = 199 ms
thread_id = 9, phase = CC_COMMIT, elapsed_time = 1011 ms
thread_id = 9, phase = CC_ABORT, elapsed_time = 289 ms
**********END PHASE PROFILING REPORT**********

**********BEGIN CC ABORT TIME PROFILING REPORT**********
thread_id = 0, elapsed_time = 5842 ms
thread_id = 1, elapsed_time = 5836 ms
thread_id = 2, elapsed_time = 3923 ms
thread_id = 3, elapsed_time = 3392 ms
thread_id = 4, elapsed_time = 5161 ms
thread_id = 5, elapsed_time = 5595 ms
thread_id = 6, elapsed_time = 3151 ms
thread_id = 7, elapsed_time = 3476 ms
thread_id = 8, elapsed_time = 4594 ms
thread_id = 9, elapsed_time = 4552 ms
**********END CC ABORT TIME PROFILING REPORT**********

**********BEGIN CC TS ALLOC TIME PROFILING REPORT**********
**********END CC TS ALLOC TIME PROFILING REPORT**********

**********BEGIN GAM_OPERATION PROFILING REPORT(NOT INCLUDE INDEX RELATED OPERATIONS)**********
thread_id = 0, gam operation = GAM_READ, elapsed_time = 631 ms
thread_id = 0, gam operation = GAM_WRITE, elapsed_time = 419 ms
thread_id = 0, gam operation = GAM_TRY_RLOCK, elapsed_time = 594 ms
thread_id = 0, gam operation = GAM_TRY_WLOCK, elapsed_time = 8185 ms
thread_id = 0, gam operation = GAM_UNLOCK, elapsed_time = 837 ms
thread_id = 0, gam operation = GAM_MALLOC, elapsed_time = 1346 ms
thread_id = 1, gam operation = GAM_READ, elapsed_time = 679 ms
thread_id = 1, gam operation = GAM_WRITE, elapsed_time = 412 ms
thread_id = 1, gam operation = GAM_TRY_RLOCK, elapsed_time = 692 ms
thread_id = 1, gam operation = GAM_TRY_WLOCK, elapsed_time = 8478 ms
thread_id = 1, gam operation = GAM_UNLOCK, elapsed_time = 963 ms
thread_id = 1, gam operation = GAM_MALLOC, elapsed_time = 540 ms
thread_id = 2, gam operation = GAM_READ, elapsed_time = 610 ms
thread_id = 2, gam operation = GAM_WRITE, elapsed_time = 458 ms
thread_id = 2, gam operation = GAM_TRY_RLOCK, elapsed_time = 666 ms
thread_id = 2, gam operation = GAM_TRY_WLOCK, elapsed_time = 8745 ms
thread_id = 2, gam operation = GAM_UNLOCK, elapsed_time = 826 ms
thread_id = 2, gam operation = GAM_MALLOC, elapsed_time = 1316 ms
thread_id = 3, gam operation = GAM_READ, elapsed_time = 613 ms
thread_id = 3, gam operation = GAM_WRITE, elapsed_time = 448 ms
thread_id = 3, gam operation = GAM_TRY_RLOCK, elapsed_time = 636 ms
thread_id = 3, gam operation = GAM_TRY_WLOCK, elapsed_time = 9454 ms
thread_id = 3, gam operation = GAM_UNLOCK, elapsed_time = 843 ms
thread_id = 3, gam operation = GAM_MALLOC, elapsed_time = 544 ms
thread_id = 4, gam operation = GAM_READ, elapsed_time = 624 ms
thread_id = 4, gam operation = GAM_WRITE, elapsed_time = 425 ms
thread_id = 4, gam operation = GAM_TRY_RLOCK, elapsed_time = 603 ms
thread_id = 4, gam operation = GAM_TRY_WLOCK, elapsed_time = 8922 ms
thread_id = 4, gam operation = GAM_UNLOCK, elapsed_time = 785 ms
thread_id = 4, gam operation = GAM_MALLOC, elapsed_time = 658 ms
thread_id = 5, gam operation = GAM_READ, elapsed_time = 641 ms
thread_id = 5, gam operation = GAM_WRITE, elapsed_time = 420 ms
thread_id = 5, gam operation = GAM_TRY_RLOCK, elapsed_time = 690 ms
thread_id = 5, gam operation = GAM_TRY_WLOCK, elapsed_time = 7467 ms
thread_id = 5, gam operation = GAM_UNLOCK, elapsed_time = 863 ms
thread_id = 5, gam operation = GAM_MALLOC, elapsed_time = 1366 ms
thread_id = 6, gam operation = GAM_READ, elapsed_time = 617 ms
thread_id = 6, gam operation = GAM_WRITE, elapsed_time = 454 ms
thread_id = 6, gam operation = GAM_TRY_RLOCK, elapsed_time = 627 ms
thread_id = 6, gam operation = GAM_TRY_WLOCK, elapsed_time = 9371 ms
thread_id = 6, gam operation = GAM_UNLOCK, elapsed_time = 876 ms
thread_id = 6, gam operation = GAM_MALLOC, elapsed_time = 610 ms
thread_id = 7, gam operation = GAM_READ, elapsed_time = 619 ms
thread_id = 7, gam operation = GAM_WRITE, elapsed_time = 439 ms
thread_id = 7, gam operation = GAM_TRY_RLOCK, elapsed_time = 662 ms
thread_id = 7, gam operation = GAM_TRY_WLOCK, elapsed_time = 8647 ms
thread_id = 7, gam operation = GAM_UNLOCK, elapsed_time = 843 ms
thread_id = 7, gam operation = GAM_MALLOC, elapsed_time = 1337 ms
thread_id = 8, gam operation = GAM_READ, elapsed_time = 640 ms
thread_id = 8, gam operation = GAM_WRITE, elapsed_time = 436 ms
thread_id = 8, gam operation = GAM_TRY_RLOCK, elapsed_time = 622 ms
thread_id = 8, gam operation = GAM_TRY_WLOCK, elapsed_time = 8600 ms
thread_id = 8, gam operation = GAM_UNLOCK, elapsed_time = 817 ms
thread_id = 8, gam operation = GAM_MALLOC, elapsed_time = 633 ms
thread_id = 9, gam operation = GAM_READ, elapsed_time = 650 ms
thread_id = 9, gam operation = GAM_WRITE, elapsed_time = 403 ms
thread_id = 9, gam operation = GAM_TRY_RLOCK, elapsed_time = 676 ms
thread_id = 9, gam operation = GAM_TRY_WLOCK, elapsed_time = 8779 ms
thread_id = 9, gam operation = GAM_UNLOCK, elapsed_time = 919 ms
thread_id = 9, gam operation = GAM_MALLOC, elapsed_time = 526 ms
**********END GAM_OPERATION PROFILING REPORT**********

total_count=191260,total_abort_count=322198,throughput=12.1028,thread_count_=10,elapsed_time=15803
total_count=191376,total_abort_count=353056,throughput=10.9765,thread_count_=10,elapsed_time=17435
total_count=191965,total_abort_count=397797,throughput=11.328,thread_count_=10,elapsed_time=16946
==================== perf statistics summary ====================
agg_total_count	574601
agg_total_abort_count	1073051
abort_rate	1.867468
per_node_elapsed_time	16728.000000
total_throughput	34.407349
per_node_throughput	11.469116
per_core_throughput	1.146912
==================== end ====================
prepare to exit...
over..
