server name=lab505-158,port_no=11111
============= tpcc_scale_params ===========
num_warehouses=10,starting_warehouse_=1,ending_warehouse_=10
partition_id_0
scale_factor_=10
num_items_=10000
num_districts_per_warehouse_=10
num_customers_per_district_=300
num_new_orders_per_district_=90
dist_ratio=1, gStandard=1, gForceRandomAccess=0, gTimeLocality=0, gReadRatio=0
============= end ===========
GAllocator config info: is_master=1,master_ip=10.77.110.158,master_port=12345,worker_ip=10.77.110.158,worker_port=12346
[1573492] 09 Jan 09:06:53.943 - [worker.cc:117-Worker()] LRU eviction is enabled, max cache lines = 5033164, reserved mem size = 17179869184, cache_percentage = 0.150000, block_size = 512
create default gallocator
create epoch gallocator
storage_addr=281475022798848
epoch_addr=281474988244480
monotone_ts_addr=281474988243968
start population
table_id=0, size=11.3MB
table_id=1, size=40.9MB
table_id=2, size=0.00144MB
table_id=3, size=0.0152MB
table_id=4, size=0.0013MB
table_id=5, size=0.117MB
table_id=6, size=1.11MB
table_id=7, size=23.0652MB
table_id=8, size=23.04MB
table_id=9, size=2.07MB
populate elapsed time=3797ms
read/write access count
total_read_access_count	1244782
total_write_access_count	2770354
total_read_ratio	0.310022
source elapsed time=366ms
start process query
start processing...
execute_count=174899, abort_count=127, abort_rate=0.000726129
elapsed time=10789ms.
throughput=16.2109K tps.
per-core throughput=1.62109K tps.
start process query
start processing...
execute_count=185031, abort_count=152, abort_rate=0.00082148
elapsed time=10175ms.
throughput=18.1849K tps.
per-core throughput=1.81849K tps.
total_count=185031,total_abort_count=152,throughput=18.1849,thread_count_=10,elapsed_time=10175
==================== perf statistics summary ====================
agg_total_count	185031
agg_total_abort_count	152
abort_rate	0.000821
per_node_elapsed_time	10175.000000
total_throughput	18.184865
per_node_throughput	18.184865
per_core_throughput	1.818486
==================== end ====================
prepare to exit...
over..
