server name=lab505-158,port_no=11111
server name=lab505-159,port_no=11111
server name=lab505-160,port_no=11111
server name=lab505-155,port_no=11111
GAllocator config info: is_master=1,master_ip=10.77.110.158,master_port=12345,worker_ip=10.77.110.158,worker_port=12346
[3801812] 13 Feb 19:30:30.388 - [worker.cc:124-Worker()] LRU eviction is enabled, max cache lines = 5033164, reserved mem size = 17179869184, cache_percentage = 0.150000, block_size = 512
create default gallocator
create epoch gallocator
storage_addr=281475022798848
epoch_addr=281474988244480
monotone_ts_addr=281474988243968
start population
table_id=0, size=2.92971MB
populate elapsed time=142ms
source elapsed time=17ms
start process query
start processing...
execute_count=200000, abort_count=1079, abort_rate=0.00539497
elapsed time=11463ms.
throughput=17.4474K tps.
per-core throughput=17.4474K tps.
start process query
start processing...
execute_count=200000, abort_count=623, abort_rate=0.00311498
elapsed time=48630ms.
throughput=4.11269K tps.
per-core throughput=4.11269K tps.
total_count=200000,total_abort_count=623,throughput=4.11269,thread_count_=1,elapsed_time=48630
total_count=200000,total_abort_count=473,throughput=5.37808,thread_count_=1,elapsed_time=37188
total_count=200000,total_abort_count=513,throughput=16.3666,thread_count_=1,elapsed_time=12220
total_count=200000,total_abort_count=555,throughput=8.39595,thread_count_=1,elapsed_time=23821
==================== perf statistics summary ====================
agg_total_count	800000
agg_total_abort_count	2164
abort_rate	0.002705
per_node_elapsed_time	30464.750000
total_throughput	34.253332
per_node_throughput	8.563333
per_core_throughput	8.563333
==================== end ====================
prepare to exit...
over..
