server name=lab505-158,port_no=11111
server name=lab505-159,port_no=11111
server name=lab505-160,port_no=11111
server name=lab505-155,port_no=11111
GAllocator config info: is_master=1,master_ip=10.77.110.158,master_port=12345,worker_ip=10.77.110.158,worker_port=12346
[3800021] 13 Feb 19:05:02.540 - [worker.cc:124-Worker()] LRU eviction is enabled, max cache lines = 5033164, reserved mem size = 17179869184, cache_percentage = 0.150000, block_size = 512
create default gallocator
create epoch gallocator
storage_addr=281475022798848
epoch_addr=281474988244480
monotone_ts_addr=281474988243968
start population
table_id=0, size=2.92971MB
populate elapsed time=122ms
source elapsed time=16ms
start process query
start processing...
execute_count=195249, abort_count=19433, abort_rate=0.0995288
elapsed time=22992ms.
throughput=8.49204K tps.
per-core throughput=1.69841K tps.
start process query
start processing...
execute_count=195611, abort_count=20332, abort_rate=0.10394
elapsed time=23765ms.
throughput=8.23105K tps.
per-core throughput=1.64621K tps.
total_count=195611,total_abort_count=20332,throughput=8.23105,thread_count_=5,elapsed_time=23765
total_count=193819,total_abort_count=22395,throughput=7.23151,thread_count_=5,elapsed_time=26802
total_count=194078,total_abort_count=22627,throughput=7.2474,thread_count_=5,elapsed_time=26779
total_count=195571,total_abort_count=22796,throughput=7.02785,thread_count_=5,elapsed_time=27828
==================== perf statistics summary ====================
agg_total_count	779079
agg_total_abort_count	88150
abort_rate	0.113146
per_node_elapsed_time	26293.500000
total_throughput	29.737812
per_node_throughput	7.434453
per_core_throughput	1.486891
==================== end ====================
prepare to exit...
over..
