server name=lab505-158,port_no=11111
server name=lab505-159,port_no=11111
server name=lab505-160,port_no=11111
server name=lab505-155,port_no=11111
GAllocator config info: is_master=1,master_ip=10.77.110.158,master_port=12345,worker_ip=10.77.110.158,worker_port=12346
[3798009] 13 Feb 18:42:16.029 - [worker.cc:124-Worker()] LRU eviction is enabled, max cache lines = 5033164, reserved mem size = 17179869184, cache_percentage = 0.150000, block_size = 512
create default gallocator
create epoch gallocator
storage_addr=281475022798848
epoch_addr=281474988244480
monotone_ts_addr=281474988243968
start population
table_id=0, size=2.92971MB
populate elapsed time=122ms
source elapsed time=16ms
start process query
start processing...
execute_count=200000, abort_count=7449, abort_rate=0.0372448
elapsed time=24462ms.
throughput=8.17595K tps.
per-core throughput=8.17595K tps.
start process query
start processing...
execute_count=200000, abort_count=7425, abort_rate=0.0371248
elapsed time=24485ms.
throughput=8.16827K tps.
per-core throughput=8.16827K tps.
total_count=200000,total_abort_count=7425,throughput=8.16827,thread_count_=1,elapsed_time=24485
total_count=200000,total_abort_count=10674,throughput=6.10333,thread_count_=1,elapsed_time=32769
total_count=200000,total_abort_count=10551,throughput=6.10986,thread_count_=1,elapsed_time=32734
total_count=200000,total_abort_count=10856,throughput=5.67167,thread_count_=1,elapsed_time=35263
==================== perf statistics summary ====================
agg_total_count	800000
agg_total_abort_count	39506
abort_rate	0.049382
per_node_elapsed_time	31312.750000
total_throughput	26.053118
per_node_throughput	6.513280
per_core_throughput	6.513280
==================== end ====================
prepare to exit...
over..
