server name=lab505-158,port_no=11111
server name=lab505-159,port_no=11111
server name=lab505-160,port_no=11111
server name=lab505-155,port_no=11111
GAllocator config info: is_master=1,master_ip=10.77.110.158,master_port=12345,worker_ip=10.77.110.158,worker_port=12346
[3798806] 13 Feb 18:50:25.954 - [worker.cc:124-Worker()] LRU eviction is enabled, max cache lines = 5033164, reserved mem size = 17179869184, cache_percentage = 0.150000, block_size = 512
create default gallocator
create epoch gallocator
storage_addr=281475022798848
epoch_addr=281474988244480
monotone_ts_addr=281474988243968
start population
table_id=0, size=2.92971MB
populate elapsed time=165ms
source elapsed time=16ms
start process query
start processing...
execute_count=196968, abort_count=117841, abort_rate=0.598272
elapsed time=9022ms.
throughput=21.832K tps.
per-core throughput=4.36639K tps.
start process query
start processing...
execute_count=192044, abort_count=102853, abort_rate=0.535567
elapsed time=7746ms.
throughput=24.7927K tps.
per-core throughput=4.95853K tps.
total_count=192044,total_abort_count=102853,throughput=24.7927,thread_count_=5,elapsed_time=7746
total_count=157298,total_abort_count=76940,throughput=5.11405,thread_count_=5,elapsed_time=30758
total_count=131486,total_abort_count=81855,throughput=6.87544,thread_count_=5,elapsed_time=19124
total_count=71754,total_abort_count=56464,throughput=3.93928,thread_count_=5,elapsed_time=18215
==================== perf statistics summary ====================
agg_total_count	552582
agg_total_abort_count	318112
abort_rate	0.575682
per_node_elapsed_time	18960.750000
total_throughput	40.721444
per_node_throughput	10.180361
per_core_throughput	2.036072
==================== end ====================
prepare to exit...
over..
