server name=lab505-158,port_no=11111
server name=lab505-159,port_no=11111
server name=lab505-160,port_no=11111
server name=lab505-155,port_no=11111
GAllocator config info: is_master=1,master_ip=10.77.110.158,master_port=12345,worker_ip=10.77.110.158,worker_port=12346
[3799938] 13 Feb 19:02:58.512 - [worker.cc:124-Worker()] LRU eviction is enabled, max cache lines = 5033164, reserved mem size = 17179869184, cache_percentage = 0.150000, block_size = 512
create default gallocator
create epoch gallocator
storage_addr=281475022798848
epoch_addr=281474988244480
monotone_ts_addr=281474988243968
start population
table_id=0, size=2.92971MB
populate elapsed time=133ms
source elapsed time=17ms
start process query
start processing...
execute_count=200000, abort_count=2744, abort_rate=0.0137199
elapsed time=43292ms.
throughput=4.61979K tps.
per-core throughput=4.61979K tps.
start process query
start processing...
execute_count=200000, abort_count=2602, abort_rate=0.0130099
elapsed time=43815ms.
throughput=4.56465K tps.
per-core throughput=4.56465K tps.
total_count=200000,total_abort_count=2602,throughput=4.56465,thread_count_=1,elapsed_time=43815
total_count=200000,total_abort_count=3293,throughput=3.98073,thread_count_=1,elapsed_time=50242
total_count=200000,total_abort_count=3269,throughput=3.96495,thread_count_=1,elapsed_time=50442
total_count=200000,total_abort_count=3447,throughput=3.71175,thread_count_=1,elapsed_time=53883
==================== perf statistics summary ====================
agg_total_count	800000
agg_total_abort_count	12611
abort_rate	0.015764
per_node_elapsed_time	49595.500000
total_throughput	16.222076
per_node_throughput	4.055519
per_core_throughput	4.055519
==================== end ====================
prepare to exit...
over..
