server name=lab505-158,port_no=11111
server name=lab505-159,port_no=11111
server name=lab505-160,port_no=11111
server name=lab505-155,port_no=11111
GAllocator config info: is_master=1,master_ip=10.77.110.158,master_port=12345,worker_ip=10.77.110.158,worker_port=12346
[3803926] 13 Feb 20:01:58.577 - [worker.cc:124-Worker()] LRU eviction is enabled, max cache lines = 5033164, reserved mem size = 17179869184, cache_percentage = 0.150000, block_size = 512
create default gallocator
create epoch gallocator
storage_addr=281475022798848
epoch_addr=281474988244480
monotone_ts_addr=281474988243968
start population
table_id=0, size=2.92971MB
populate elapsed time=128ms
source elapsed time=17ms
start process query
start processing...
execute_count=200000, abort_count=7961, abort_rate=0.0398048
elapsed time=18114ms.
throughput=11.0412K tps.
per-core throughput=11.0412K tps.
start process query
start processing...
execute_count=200000, abort_count=51421, abort_rate=0.257104
elapsed time=45110ms.
throughput=4.43361K tps.
per-core throughput=4.43361K tps.
total_count=200000,total_abort_count=51421,throughput=4.43361,thread_count_=1,elapsed_time=45110
total_count=200000,total_abort_count=18859,throughput=2.99159,thread_count_=1,elapsed_time=66854
total_count=200000,total_abort_count=78495,throughput=3.75862,thread_count_=1,elapsed_time=53211
total_count=200000,total_abort_count=356,throughput=2.42219,thread_count_=1,elapsed_time=82570
==================== perf statistics summary ====================
agg_total_count	800000
agg_total_abort_count	149131
abort_rate	0.186414
per_node_elapsed_time	61936.250000
total_throughput	13.606009
per_node_throughput	3.401502
per_core_throughput	3.401502
==================== end ====================
prepare to exit...
over..
