server name=lab505-158,port_no=11111
server name=lab505-159,port_no=11111
server name=lab505-160,port_no=11111
server name=lab505-155,port_no=11111
GAllocator config info: is_master=1,master_ip=10.77.110.158,master_port=12345,worker_ip=10.77.110.158,worker_port=12346
[3799494] 13 Feb 18:58:57.180 - [worker.cc:124-Worker()] LRU eviction is enabled, max cache lines = 5033164, reserved mem size = 17179869184, cache_percentage = 0.150000, block_size = 512
create default gallocator
create epoch gallocator
storage_addr=281475022798848
epoch_addr=281474988244480
monotone_ts_addr=281474988243968
start population
table_id=0, size=2.92971MB
populate elapsed time=129ms
source elapsed time=17ms
start process query
start processing...
execute_count=141731, abort_count=135884, abort_rate=0.958739
elapsed time=6074ms.
throughput=23.334K tps.
per-core throughput=2.3334K tps.
start process query
start processing...
execute_count=129763, abort_count=125590, abort_rate=0.967834
elapsed time=5753ms.
throughput=22.5557K tps.
per-core throughput=2.25557K tps.
total_count=129763,total_abort_count=125590,throughput=22.5557,thread_count_=10,elapsed_time=5753
total_count=133675,total_abort_count=149805,throughput=6.81876,thread_count_=10,elapsed_time=19604
total_count=110196,total_abort_count=123821,throughput=3.7275,thread_count_=10,elapsed_time=29563
total_count=73257,total_abort_count=60697,throughput=2.02244,thread_count_=10,elapsed_time=36222
==================== perf statistics summary ====================
agg_total_count	446891
agg_total_abort_count	459913
abort_rate	1.029137
per_node_elapsed_time	22785.500000
total_throughput	35.124414
per_node_throughput	8.781103
per_core_throughput	0.878110
==================== end ====================
prepare to exit...
over..
