server name=lab505-158,port_no=11111
server name=lab505-159,port_no=11111
server name=lab505-160,port_no=11111
server name=lab505-155,port_no=11111
GAllocator config info: is_master=1,master_ip=10.77.110.158,master_port=12345,worker_ip=10.77.110.158,worker_port=12346
[3800601] 13 Feb 19:13:00.691 - [worker.cc:124-Worker()] LRU eviction is enabled, max cache lines = 5033164, reserved mem size = 17179869184, cache_percentage = 0.150000, block_size = 512
create default gallocator
create epoch gallocator
storage_addr=281475022798848
epoch_addr=281474988244480
monotone_ts_addr=281474988243968
start population
table_id=0, size=2.92971MB
populate elapsed time=122ms
source elapsed time=17ms
start process query
start processing...
execute_count=190455, abort_count=107831, abort_rate=0.566173
elapsed time=36038ms.
throughput=5.28484K tps.
per-core throughput=1.05697K tps.
start process query
start processing...
execute_count=194645, abort_count=106110, abort_rate=0.545143
elapsed time=32051ms.
throughput=6.07298K tps.
per-core throughput=1.2146K tps.
total_count=194645,total_abort_count=106110,throughput=6.07298,thread_count_=5,elapsed_time=32051
total_count=191761,total_abort_count=132140,throughput=4.75244,thread_count_=5,elapsed_time=40350
total_count=186096,total_abort_count=126809,throughput=4.58489,thread_count_=5,elapsed_time=40589
total_count=190180,total_abort_count=134456,throughput=4.58862,thread_count_=5,elapsed_time=41446
==================== perf statistics summary ====================
agg_total_count	762682
agg_total_abort_count	499515
abort_rate	0.654944
per_node_elapsed_time	38609.000000
total_throughput	19.998927
per_node_throughput	4.999732
per_core_throughput	0.999946
==================== end ====================
prepare to exit...
over..
