server name=lab505-158,port_no=11111
server name=lab505-159,port_no=11111
server name=lab505-160,port_no=11111
server name=lab505-155,port_no=11111
GAllocator config info: is_master=1,master_ip=10.77.110.158,master_port=12345,worker_ip=10.77.110.158,worker_port=12346
[3799000] 13 Feb 18:53:10.801 - [worker.cc:124-Worker()] LRU eviction is enabled, max cache lines = 5033164, reserved mem size = 17179869184, cache_percentage = 0.150000, block_size = 512
create default gallocator
create epoch gallocator
storage_addr=281475022798848
epoch_addr=281474988244480
monotone_ts_addr=281474988243968
start population
table_id=0, size=2.92971MB
populate elapsed time=147ms
source elapsed time=17ms
start process query
start processing...
execute_count=143050, abort_count=138434, abort_rate=0.967725
elapsed time=7029ms.
throughput=20.3514K tps.
per-core throughput=1.35676K tps.
start process query
start processing...
execute_count=130307, abort_count=131404, abort_rate=1.00841
elapsed time=5706ms.
throughput=22.8368K tps.
per-core throughput=1.52246K tps.
total_count=130307,total_abort_count=131404,throughput=22.8368,thread_count_=15,elapsed_time=5706
total_count=73146,total_abort_count=84568,throughput=4.64508,thread_count_=15,elapsed_time=15747
total_count=92270,total_abort_count=101835,throughput=4.15743,thread_count_=15,elapsed_time=22194
total_count=69125,total_abort_count=100602,throughput=5.24787,thread_count_=15,elapsed_time=13172
==================== perf statistics summary ====================
agg_total_count	364848
agg_total_abort_count	418409
abort_rate	1.146800
per_node_elapsed_time	14204.750000
total_throughput	36.887218
per_node_throughput	9.221804
per_core_throughput	0.614787
==================== end ====================
prepare to exit...
over..
