server name=lab505-158,port_no=11111
server name=lab505-159,port_no=11111
server name=lab505-160,port_no=11111
server name=lab505-155,port_no=11111
GAllocator config info: is_master=1,master_ip=10.77.110.158,master_port=12345,worker_ip=10.77.110.158,worker_port=12346
[3797636] 13 Feb 18:39:28.972 - [worker.cc:124-Worker()] LRU eviction is enabled, max cache lines = 5033164, reserved mem size = 17179869184, cache_percentage = 0.150000, block_size = 512
create default gallocator
create epoch gallocator
storage_addr=281475022798848
epoch_addr=281474988244480
monotone_ts_addr=281474988243968
start population
table_id=0, size=2.92971MB
populate elapsed time=123ms
source elapsed time=17ms
start process query
start processing...
execute_count=195928, abort_count=17217, abort_rate=0.0878737
elapsed time=13943ms.
throughput=14.0521K tps.
per-core throughput=1.40521K tps.
start process query
start processing...
execute_count=196834, abort_count=17511, abort_rate=0.0889628
elapsed time=13804ms.
throughput=14.2592K tps.
per-core throughput=1.42592K tps.
total_count=196834,total_abort_count=17511,throughput=14.2592,thread_count_=10,elapsed_time=13804
total_count=195318,total_abort_count=19918,throughput=11.4402,thread_count_=10,elapsed_time=17073
total_count=196306,total_abort_count=19851,throughput=11.4853,thread_count_=10,elapsed_time=17092
total_count=192386,total_abort_count=19799,throughput=11.3015,thread_count_=10,elapsed_time=17023
==================== perf statistics summary ====================
agg_total_count	780844
agg_total_abort_count	77079
abort_rate	0.098712
per_node_elapsed_time	16248.000000
total_throughput	48.486158
per_node_throughput	12.121540
per_core_throughput	1.212154
==================== end ====================
prepare to exit...
over..
