server name=lab505-158,port_no=11111
============= tpcc_scale_params ===========
num_warehouses=5,starting_warehouse_=1,ending_warehouse_=5
partition_id_0
scale_factor_=10
num_items_=10000
num_districts_per_warehouse_=10
num_customers_per_district_=300
num_new_orders_per_district_=90
dist_ratio=1, gStandard=1, gForceRandomAccess=0, gTimeLocality=0, gReadRatio=0
============= end ===========
GAllocator config info: is_master=1,master_ip=10.77.110.158,master_port=12345,worker_ip=10.77.110.158,worker_port=12346
[1642040] 10 Jan 08:59:43.990 - [worker.cc:117-Worker()] LRU eviction is enabled, max cache lines = 5033164, reserved mem size = 17179869184, cache_percentage = 0.150000, block_size = 512
create default gallocator
create epoch gallocator
storage_addr=281475022798848
epoch_addr=281474988244480
monotone_ts_addr=281474988243968
start population
table_id=0, size=5.65MB
table_id=1, size=20.45MB
table_id=2, size=0.00072MB
table_id=3, size=0.0076MB
table_id=4, size=0.00065MB
table_id=5, size=0.0585MB
table_id=6, size=0.555MB
table_id=7, size=11.5645MB
table_id=8, size=11.52MB
table_id=9, size=1.035MB
populate elapsed time=1896ms
read/write access count
total_read_access_count	1246405
total_write_access_count	2773110
total_read_ratio	0.310088
source elapsed time=344ms
start process query
start processing...
execute_count=194222, abort_count=121, abort_rate=0.000622995
elapsed time=1359ms.
throughput=142.915K tps.
per-core throughput=28.5831K tps.
start process query
start processing...
execute_count=196613, abort_count=116, abort_rate=0.000589989
elapsed time=1350ms.
throughput=145.639K tps.
per-core throughput=29.1279K tps.
total_count=196613,total_abort_count=116,throughput=145.639,thread_count_=5,elapsed_time=1350
==================== perf statistics summary ====================
agg_total_count	196613
agg_total_abort_count	116
abort_rate	0.000590
per_node_elapsed_time	1350.000000
total_throughput	145.639259
per_node_throughput	145.639259
per_core_throughput	29.127852
==================== end ====================
prepare to exit...
over..
