server name=lab505-158,port_no=11111
============= tpcc_scale_params ===========
num_warehouses=10,starting_warehouse_=1,ending_warehouse_=10
partition_id_0
scale_factor_=10
num_items_=10000
num_districts_per_warehouse_=10
num_customers_per_district_=300
num_new_orders_per_district_=90
dist_ratio=1, gStandard=1, gForceRandomAccess=0, gTimeLocality=0, gReadRatio=0
============= end ===========
GAllocator config info: is_master=1,master_ip=10.77.110.158,master_port=12345,worker_ip=10.77.110.158,worker_port=12346
[1642147] 10 Jan 09:00:03.431 - [worker.cc:117-Worker()] LRU eviction is enabled, max cache lines = 5033164, reserved mem size = 17179869184, cache_percentage = 0.150000, block_size = 512
create default gallocator
create epoch gallocator
storage_addr=281475022798848
epoch_addr=281474988244480
monotone_ts_addr=281474988243968
start population
table_id=0, size=11.3MB
table_id=1, size=40.9MB
table_id=2, size=0.00144MB
table_id=3, size=0.0152MB
table_id=4, size=0.0013MB
table_id=5, size=0.117MB
table_id=6, size=1.11MB
table_id=7, size=23.0652MB
table_id=8, size=23.04MB
table_id=9, size=2.07MB
populate elapsed time=3765ms
read/write access count
total_read_access_count	1244782
total_write_access_count	2770354
total_read_ratio	0.310022
source elapsed time=365ms
start process query
start processing...
execute_count=188838, abort_count=95, abort_rate=0.000503074
elapsed time=784ms.
throughput=240.865K tps.
per-core throughput=24.0865K tps.
start process query
start processing...
execute_count=182121, abort_count=103, abort_rate=0.000565555
elapsed time=765ms.
throughput=238.067K tps.
per-core throughput=23.8067K tps.
total_count=182121,total_abort_count=103,throughput=238.067,thread_count_=10,elapsed_time=765
==================== perf statistics summary ====================
agg_total_count	182121
agg_total_abort_count	103
abort_rate	0.000566
per_node_elapsed_time	765.000000
total_throughput	238.066667
per_node_throughput	238.066667
per_core_throughput	23.806667
==================== end ====================
prepare to exit...
over..
