server name=lab505-158,port_no=11111
server name=lab505-159,port_no=11111
server name=lab505-160,port_no=11111
server name=lab505-155,port_no=11111
GAllocator config info: is_master=1,master_ip=10.77.110.158,master_port=12345,worker_ip=10.77.110.158,worker_port=12346
[3765926] 13 Feb 14:08:47.587 - [worker.cc:124-Worker()] LRU eviction is enabled, max cache lines = 5033164, reserved mem size = 17179869184, cache_percentage = 0.150000, block_size = 512
create default gallocator
storage_addr=281475022798848
monotone_ts_addr=281474988244480
start population
table_id=0, size=2.92971MB
populate elapsed time=129ms
source elapsed time=23ms
start process query
start processing...
execute_count=142832, abort_count=179915, abort_rate=1.25962
elapsed time=21692ms.
throughput=6.58455K tps.
per-core throughput=0.658455K tps.
start process query
start processing...
execute_count=142123, abort_count=175760, abort_rate=1.23667
elapsed time=20648ms.
throughput=6.88314K tps.
per-core throughput=0.688314K tps.
total_count=142123,total_abort_count=175760,throughput=6.88314,thread_count_=10,elapsed_time=20648
total_count=156989,total_abort_count=172423,throughput=6.81553,thread_count_=10,elapsed_time=23034
total_count=154387,total_abort_count=175205,throughput=6.89597,thread_count_=10,elapsed_time=22388
total_count=185300,total_abort_count=230029,throughput=9.43627,thread_count_=10,elapsed_time=19637
==================== perf statistics summary ====================
agg_total_count	638799
agg_total_abort_count	753417
abort_rate	1.179425
per_node_elapsed_time	21426.750000
total_throughput	30.030909
per_node_throughput	7.507727
per_core_throughput	0.750773
==================== end ====================
prepare to exit...
over..
