server name=lab505-158,port_no=11111
server name=lab505-159,port_no=11111
server name=lab505-160,port_no=11111
server name=lab505-155,port_no=11111
GAllocator config info: is_master=1,master_ip=10.77.110.158,master_port=12345,worker_ip=10.77.110.158,worker_port=12346
[3769333] 13 Feb 14:39:17.338 - [worker.cc:124-Worker()] LRU eviction is enabled, max cache lines = 5033164, reserved mem size = 17179869184, cache_percentage = 0.150000, block_size = 512
create default gallocator
storage_addr=281475022798848
monotone_ts_addr=281474988244480
start population
table_id=0, size=2.92971MB
populate elapsed time=122ms
source elapsed time=16ms
start process query
start processing...
execute_count=200000, abort_count=56662, abort_rate=0.283309
elapsed time=41981ms.
throughput=4.76406K tps.
per-core throughput=4.76406K tps.
start process query
start processing...
execute_count=200000, abort_count=56900, abort_rate=0.284499
elapsed time=41776ms.
throughput=4.78744K tps.
per-core throughput=4.78744K tps.
total_count=200000,total_abort_count=56900,throughput=4.78744,thread_count_=1,elapsed_time=41776
total_count=200000,total_abort_count=53800,throughput=4.08255,thread_count_=1,elapsed_time=48989
total_count=200000,total_abort_count=53331,throughput=4.1143,thread_count_=1,elapsed_time=48611
total_count=200000,total_abort_count=43262,throughput=3.86369,thread_count_=1,elapsed_time=51764
==================== perf statistics summary ====================
agg_total_count	800000
agg_total_abort_count	207293
abort_rate	0.259116
per_node_elapsed_time	47785.000000
total_throughput	16.847971
per_node_throughput	4.211993
per_core_throughput	4.211993
==================== end ====================
prepare to exit...
over..
