server name=lab505-158,port_no=11111
server name=lab505-159,port_no=11111
server name=lab505-160,port_no=11111
server name=lab505-155,port_no=11111
GAllocator config info: is_master=1,master_ip=10.77.110.158,master_port=12345,worker_ip=10.77.110.158,worker_port=12346
[3765374] 13 Feb 14:04:28.157 - [worker.cc:124-Worker()] LRU eviction is enabled, max cache lines = 5033164, reserved mem size = 17179869184, cache_percentage = 0.150000, block_size = 512
create default gallocator
storage_addr=281475022798848
monotone_ts_addr=281474988244480
start population
table_id=0, size=2.92971MB
populate elapsed time=144ms
source elapsed time=17ms
start process query
start processing...
execute_count=198115, abort_count=116377, abort_rate=0.587418
elapsed time=27197ms.
throughput=7.28444K tps.
per-core throughput=0.364222K tps.
start process query
start processing...
execute_count=198523, abort_count=118470, abort_rate=0.596754
elapsed time=25772ms.
throughput=7.70305K tps.
per-core throughput=0.385152K tps.
total_count=198523,total_abort_count=118470,throughput=7.70305,thread_count_=20,elapsed_time=25772
total_count=198476,total_abort_count=106657,throughput=6.71889,thread_count_=20,elapsed_time=29540
total_count=198112,total_abort_count=111474,throughput=6.85485,thread_count_=20,elapsed_time=28901
total_count=198424,total_abort_count=114592,throughput=7.02361,thread_count_=20,elapsed_time=28251
==================== perf statistics summary ====================
agg_total_count	793535
agg_total_abort_count	451193
abort_rate	0.568585
per_node_elapsed_time	28116.000000
total_throughput	28.300399
per_node_throughput	7.075100
per_core_throughput	0.353755
==================== end ====================
prepare to exit...
over..
