server name=lab505-158,port_no=11111
server name=lab505-159,port_no=11111
server name=lab505-160,port_no=11111
server name=lab505-155,port_no=11111
GAllocator config info: is_master=1,master_ip=10.77.110.158,master_port=12345,worker_ip=10.77.110.158,worker_port=12346
[3771373] 13 Feb 14:56:13.583 - [worker.cc:124-Worker()] LRU eviction is enabled, max cache lines = 5033164, reserved mem size = 17179869184, cache_percentage = 0.150000, block_size = 512
create default gallocator
storage_addr=281475022798848
monotone_ts_addr=281474988244480
start population
table_id=0, size=2.92971MB
populate elapsed time=133ms
source elapsed time=16ms
start process query
start processing...
execute_count=200000, abort_count=9123, abort_rate=0.0456148
elapsed time=45283ms.
throughput=4.41667K tps.
per-core throughput=4.41667K tps.
start process query
start processing...
execute_count=200000, abort_count=6681, abort_rate=0.0334048
elapsed time=108712ms.
throughput=1.83972K tps.
per-core throughput=1.83972K tps.
total_count=200000,total_abort_count=6681,throughput=1.83972,thread_count_=1,elapsed_time=108712
total_count=200000,total_abort_count=7077,throughput=3.32259,thread_count_=1,elapsed_time=60194
total_count=200000,total_abort_count=9659,throughput=4.21053,thread_count_=1,elapsed_time=47500
total_count=200000,total_abort_count=23707,throughput=5.26302,thread_count_=1,elapsed_time=38001
==================== perf statistics summary ====================
agg_total_count	800000
agg_total_abort_count	47124
abort_rate	0.058905
per_node_elapsed_time	63601.750000
total_throughput	14.635859
per_node_throughput	3.658965
per_core_throughput	3.658965
==================== end ====================
prepare to exit...
over..
