server name=lab505-158,port_no=11111
server name=lab505-159,port_no=11111
server name=lab505-160,port_no=11111
server name=lab505-155,port_no=11111
GAllocator config info: is_master=1,master_ip=10.77.110.158,master_port=12345,worker_ip=10.77.110.158,worker_port=12346
[3768417] 13 Feb 14:32:15.746 - [worker.cc:124-Worker()] LRU eviction is enabled, max cache lines = 5033164, reserved mem size = 17179869184, cache_percentage = 0.150000, block_size = 512
create default gallocator
storage_addr=281475022798848
monotone_ts_addr=281474988244480
start population
table_id=0, size=2.92971MB
populate elapsed time=136ms
source elapsed time=17ms
start process query
start processing...
execute_count=200000, abort_count=7240, abort_rate=0.0361998
elapsed time=44020ms.
throughput=4.54339K tps.
per-core throughput=4.54339K tps.
start process query
start processing...
execute_count=200000, abort_count=7160, abort_rate=0.0357998
elapsed time=44440ms.
throughput=4.50045K tps.
per-core throughput=4.50045K tps.
total_count=200000,total_abort_count=7160,throughput=4.50045,thread_count_=1,elapsed_time=44440
total_count=200000,total_abort_count=6785,throughput=4.12635,thread_count_=1,elapsed_time=48469
total_count=200000,total_abort_count=7012,throughput=4.16727,thread_count_=1,elapsed_time=47993
total_count=200000,total_abort_count=5555,throughput=3.86212,thread_count_=1,elapsed_time=51785
==================== perf statistics summary ====================
agg_total_count	800000
agg_total_abort_count	26512
abort_rate	0.033140
per_node_elapsed_time	48171.750000
total_throughput	16.656195
per_node_throughput	4.164049
per_core_throughput	4.164049
==================== end ====================
prepare to exit...
over..
