server name=lab505-158,port_no=11111
server name=lab505-159,port_no=11111
server name=lab505-160,port_no=11111
server name=lab505-155,port_no=11111
GAllocator config info: is_master=1,master_ip=10.77.110.158,master_port=12345,worker_ip=10.77.110.158,worker_port=12346
[3763280] 13 Feb 13:50:09.776 - [worker.cc:124-Worker()] LRU eviction is enabled, max cache lines = 5033164, reserved mem size = 17179869184, cache_percentage = 0.150000, block_size = 512
create default gallocator
storage_addr=281475022798848
monotone_ts_addr=281474988244480
start population
table_id=0, size=2.92971MB
populate elapsed time=132ms
source elapsed time=17ms
start process query
start processing...
execute_count=98325, abort_count=135467, abort_rate=1.37773
elapsed time=18641ms.
throughput=5.27466K tps.
per-core throughput=0.351644K tps.
start process query
start processing...
execute_count=98617, abort_count=106026, abort_rate=1.07512
elapsed time=17475ms.
throughput=5.64332K tps.
per-core throughput=0.376221K tps.
total_count=98617,total_abort_count=106026,throughput=5.64332,thread_count_=15,elapsed_time=17475
total_count=86172,total_abort_count=119884,throughput=5.67332,thread_count_=15,elapsed_time=15189
total_count=88691,total_abort_count=116421,throughput=5.59282,thread_count_=15,elapsed_time=15858
total_count=148345,total_abort_count=207957,throughput=13.1163,thread_count_=15,elapsed_time=11310
==================== perf statistics summary ====================
agg_total_count	421825
agg_total_abort_count	550288
abort_rate	1.304538
per_node_elapsed_time	14958.000000
total_throughput	30.025728
per_node_throughput	7.506432
per_core_throughput	0.500429
==================== end ====================
prepare to exit...
over..
